{"numFailedTestSuites":0,"numFailedTests":0,"numPassedTestSuites":16,"numPassedTests":105,"numPendingTestSuites":0,"numPendingTests":0,"numRuntimeErrorTestSuites":0,"numTodoTests":0,"numTotalTestSuites":16,"numTotalTests":105,"openHandles":[],"snapshot":{"added":0,"didUpdate":false,"failure":false,"filesAdded":0,"filesRemoved":0,"filesRemovedList":[],"filesUnmatched":0,"filesUpdated":0,"matched":0,"total":0,"unchecked":0,"uncheckedKeysByFile":[],"unmatched":0,"updated":0},"startTime":1790106382158,"success":true,"testResults":[{"assertionResults":[{"ancestorTitles":["PUT /api/drivers/:id/image"],"duration":119,"failing":false,"failureDetails":[],"failureMessages":[],"fullName":"PUT /api/drivers/:id/image rejects requests that are not signed in","invocations":1,"location":null,"numPassingAsserts":2,"retryReasons":[],"startAt":1790106385679,"status":"passed","title":"rejects requests that are not signed in"},{"ancestorTitles":["PUT /api/drivers/:id/image"],"duration":28,"failing":false,"failureDetails":[],"failureMessages":[],"fullName":"PUT /api/drivers/:id/image stores a image/jpeg photo in the database and returns its version","invocations":1,"location":null,"numPassingAsserts":5,"retryReasons":[],"startAt":1790106385799,"status":"passed","title":"stores a image/jpeg photo in the database and returns its version"},{"ancestorTitles":["PUT /api/drivers/:id/image"],"duration":16,"failing":false,"failureDetails":[],"failureMessages":[],"fullName":"PUT /api/drivers/:id/image stores a image/png photo in the database and returns its version","invocations":1,"location":null,"numPassingAsserts":5,"retryReasons":[],"startAt":1790106385827,"status":"passed","title":"stores a image/png photo in the database and returns its version"},{"ancestorTitles":["PUT /api/drivers/:id/image"],"duration":17,"failing":false,"failureDetails":[],"failureMessages":[],"fullName":"PUT /api/drivers/:id/image stores a image/webp photo in the database and returns its version","invocations":1,"location":null,"numPassingAsserts":5,"retryReasons":[],"startAt":1790106385844,"status":"passed","title":"stores a image/webp photo in the database and returns its version"},{"ancestorTitles":["PUT /api/drivers/:id/image"],"duration":23,"failing":false,"failureDetails":[],"failureMessages":[],"fullName":"PUT /api/drivers/:id/image detects the real type from the bytes, not the Content-Type header","invocations":1,"location":null,"numPassingAsserts":2,"retryReasons":[],"startAt":1790106385862,"status":"passed","title":"detects the real type from the bytes, not the Content-Type header"},{"ancestorTitles":["PUT /api/drivers/:id/image"],"duration":14,"failing":false,"failureDetails":[],"failureMessages":[],"fullName":"PUT /api/drivers/:id/image rejects files that are not a supported image (e.g. SVG or text)","invocations":1,"location":null,"numPassingAsserts":2,"retryReasons":[],"startAt":1790106385886,"status":"passed","title":"rejects files that are not a supported image (e.g. SVG or text)"},{"ancestorTitles":["PUT /api/drivers/:id/image"],"duration":12,"failing":false,"failureDetails":[],"failureMessages":[],"fullName":"PUT /api/drivers/:id/image rejects an empty body","invocations":1,"location":null,"numPassingAsserts":1,"retryReasons":[],"startAt":1790106385900,"status":"passed","title":"rejects an empty body"},{"ancestorTitles":["PUT /api/drivers/:id/image"],"duration":55,"failing":false,"failureDetails":[],"failureMessages":[],"fullName":"PUT /api/drivers/:id/image rejects photos over 2 MB with 413","invocations":1,"location":null,"numPassingAsserts":2,"retryReasons":[],"startAt":1790106385913,"status":"passed","title":"rejects photos over 2 MB with 413"},{"ancestorTitles":["PUT /api/drivers/:id/image"],"duration":15,"failing":false,"failureDetails":[],"failureMessages":[],"fullName":"PUT /api/drivers/:id/image 404s for a driver that does not exist","invocations":1,"location":null,"numPassingAsserts":2,"retryReasons":[],"startAt":1790106385968,"status":"passed","title":"404s for a driver that does not exist"},{"ancestorTitles":["GET /api/drivers/:id/image"],"duration":18,"failing":false,"failureDetails":[],"failureMessages":[],"fullName":"GET /api/drivers/:id/image serves the uploaded photo, cached forever when the URL is versioned","invocations":1,"location":null,"numPassingAsserts":6,"retryReasons":[],"startAt":1790106385984,"status":"passed","title":"serves the uploaded photo, cached forever when the URL is versioned"},{"ancestorTitles":["GET /api/drivers/:id/image"],"duration":15,"failing":false,"failureDetails":[],"failureMessages":[],"fullName":"GET /api/drivers/:id/image revalidates an unversioned URL, since the photo behind it can change","invocations":1,"location":null,"numPassingAsserts":2,"retryReasons":[],"startAt":1790106386002,"status":"passed","title":"revalidates an unversioned URL, since the photo behind it can change"},{"ancestorTitles":["GET /api/drivers/:id/image"],"duration":14,"failing":false,"failureDetails":[],"failureMessages":[],"fullName":"GET /api/drivers/:id/image falls back to the Firestore-cached headshot when nothing was uploaded","invocations":1,"location":null,"numPassingAsserts":2,"retryReasons":[],"startAt":1790106386017,"status":"passed","title":"falls back to the Firestore-cached headshot when nothing was uploaded"},{"ancestorTitles":["GET /api/drivers/:id/image"],"duration":14,"failing":false,"failureDetails":[],"failureMessages":[],"fullName":"GET /api/drivers/:id/image 404s when there is neither an upload nor a cached headshot","invocations":1,"location":null,"numPassingAsserts":1,"retryReasons":[],"startAt":1790106386031,"status":"passed","title":"404s when there is neither an upload nor a cached headshot"},{"ancestorTitles":["uploadedImageVersion on driver payloads"],"duration":16,"failing":false,"failureDetails":[],"failureMessages":[],"fullName":"uploadedImageVersion on driver payloads GET /api/drivers flags drivers that have an uploaded photo","invocations":1,"location":null,"numPassingAsserts":3,"retryReasons":[],"startAt":1790106386046,"status":"passed","title":"GET /api/drivers flags drivers that have an uploaded photo"}],"endTime":1790106386065,"message":"","name":"C:\\Users\\coura\\OneDrive\\Desktop\\sport-analytics-tool\\backend\\tests\\driver-image-upload.test.js","startTime":1790106382408,"status":"passed","summary":""},{"assertionResults":[{"ancestorTitles":["GET /api/drivers"],"duration":480,"failing":false,"failureDetails":[],"failureMessages":[],"fullName":"GET /api/drivers returns enriched drivers from driverCareerStats with API-Sports data","invocations":1,"location":null,"numPassingAsserts":4,"retryReasons":[],"startAt":1790106387026,"status":"passed","title":"returns enriched drivers from driverCareerStats with API-Sports data"},{"ancestorTitles":["GET /api/drivers"],"duration":23,"failing":false,"failureDetails":[],"failureMessages":[],"fullName":"GET /api/drivers paginates the list, fetches API-Sports once, and prefers an OpenF1 headshot","invocations":1,"location":null,"numPassingAsserts":5,"retryReasons":[],"startAt":1790106387507,"status":"passed","title":"paginates the list, fetches API-Sports once, and prefers an OpenF1 headshot"},{"ancestorTitles":["GET /api/drivers"],"duration":17,"failing":false,"failureDetails":[],"failureMessages":[],"fullName":"GET /api/drivers falls back to entry list when career stats are empty","invocations":1,"location":null,"numPassingAsserts":2,"retryReasons":[],"startAt":1790106387531,"status":"passed","title":"falls back to entry list when career stats are empty"},{"ancestorTitles":["GET /api/drivers"],"duration":15,"failing":false,"failureDetails":[],"failureMessages":[],"fullName":"GET /api/drivers uses current year when no meetings exist and ignores a failing API-Sports call","invocations":1,"location":null,"numPassingAsserts":3,"retryReasons":[],"startAt":1790106387548,"status":"passed","title":"uses current year when no meetings exist and ignores a failing API-Sports call"},{"ancestorTitles":["GET /api/drivers/:id"],"duration":13,"failing":false,"failureDetails":[],"failureMessages":[],"fullName":"GET /api/drivers/:id returns 404 for an unknown driver","invocations":1,"location":null,"numPassingAsserts":1,"retryReasons":[],"startAt":1790106387563,"status":"passed","title":"returns 404 for an unknown driver"},{"ancestorTitles":["GET /api/drivers/:id"],"duration":19,"failing":false,"failureDetails":[],"failureMessages":[],"fullName":"GET /api/drivers/:id returns full driver profile with OpenF1 and API-Sports enrichment","invocations":1,"location":null,"numPassingAsserts":3,"retryReasons":[],"startAt":1790106387576,"status":"passed","title":"returns full driver profile with OpenF1 and API-Sports enrichment"},{"ancestorTitles":["GET /api/drivers/:id"],"duration":12,"failing":false,"failureDetails":[],"failureMessages":[],"fullName":"GET /api/drivers/:id falls back to local stats when OpenF1 is unavailable and still counts DNFs","invocations":1,"location":null,"numPassingAsserts":3,"retryReasons":[],"startAt":1790106387596,"status":"passed","title":"falls back to local stats when OpenF1 is unavailable and still counts DNFs"},{"ancestorTitles":["GET /api/drivers/:id"],"duration":13,"failing":false,"failureDetails":[],"failureMessages":[],"fullName":"GET /api/drivers/:id maps remote result statuses DSQ, DNS, and DNF correctly","invocations":1,"location":null,"numPassingAsserts":2,"retryReasons":[],"startAt":1790106387608,"status":"passed","title":"maps remote result statuses DSQ, DNS, and DNF correctly"},{"ancestorTitles":["GET /api/drivers/:id"],"duration":16,"failing":false,"failureDetails":[],"failureMessages":[],"fullName":"GET /api/drivers/:id returns profile without openf1Key using local sessionStats","invocations":1,"location":null,"numPassingAsserts":3,"retryReasons":[],"startAt":1790106387622,"status":"passed","title":"returns profile without openf1Key using local sessionStats"},{"ancestorTitles":["GET /api/drivers/:id"],"duration":15,"failing":false,"failureDetails":[],"failureMessages":[],"fullName":"GET /api/drivers/:id falls back to non-race entry for latestEntry and currentTeam","invocations":1,"location":null,"numPassingAsserts":2,"retryReasons":[],"startAt":1790106387638,"status":"passed","title":"falls back to non-race entry for latestEntry and currentTeam"},{"ancestorTitles":["GET /api/drivers/:id"],"duration":13,"failing":false,"failureDetails":[],"failureMessages":[],"fullName":"GET /api/drivers/:id tolerates API-Sports being unconfigured for the detail call","invocations":1,"location":null,"numPassingAsserts":2,"retryReasons":[],"startAt":1790106387654,"status":"passed","title":"tolerates API-Sports being unconfigured for the detail call"},{"ancestorTitles":["GET /api/drivers/:id"],"duration":15,"failing":false,"failureDetails":[],"failureMessages":[],"fullName":"GET /api/drivers/:id handles driver with only a non-race entry lacking an openf1Key","invocations":1,"location":null,"numPassingAsserts":3,"retryReasons":[],"startAt":1790106387668,"status":"passed","title":"handles driver with only a non-race entry lacking an openf1Key"},{"ancestorTitles":["GET /api/drivers error handling"],"duration":55,"failing":false,"failureDetails":[],"failureMessages":[],"fullName":"GET /api/drivers error handling returns 500 when listing drivers fails","invocations":1,"location":null,"numPassingAsserts":2,"retryReasons":[],"startAt":1790106387683,"status":"passed","title":"returns 500 when listing drivers fails"},{"ancestorTitles":["GET /api/drivers error handling"],"duration":19,"failing":false,"failureDetails":[],"failureMessages":[],"fullName":"GET /api/drivers error handling returns 500 when fetching a driver fails","invocations":1,"location":null,"numPassingAsserts":2,"retryReasons":[],"startAt":1790106387738,"status":"passed","title":"returns 500 when fetching a driver fails"}],"endTime":1790106387761,"message":"","name":"C:\\Users\\coura\\OneDrive\\Desktop\\sport-analytics-tool\\backend\\tests\\drivers-api.test.js","startTime":1790106386087,"status":"passed","summary":""},{"assertionResults":[{"ancestorTitles":["App-level endpoints"],"duration":35,"failing":false,"failureDetails":[],"failureMessages":[],"fullName":"App-level endpoints GET / returns service status","invocations":1,"location":null,"numPassingAsserts":2,"retryReasons":[],"startAt":1790106388608,"status":"passed","title":"GET / returns service status"},{"ancestorTitles":["App-level endpoints"],"duration":13,"failing":false,"failureDetails":[],"failureMessages":[],"fullName":"App-level endpoints GET /health returns ok","invocations":1,"location":null,"numPassingAsserts":2,"retryReasons":[],"startAt":1790106388644,"status":"passed","title":"GET /health returns ok"},{"ancestorTitles":["App-level endpoints"],"duration":13,"failing":false,"failureDetails":[],"failureMessages":[],"fullName":"App-level endpoints unknown /api route returns 404","invocations":1,"location":null,"numPassingAsserts":2,"retryReasons":[],"startAt":1790106388657,"status":"passed","title":"unknown /api route returns 404"},{"ancestorTitles":["App-level endpoints"],"duration":14,"failing":false,"failureDetails":[],"failureMessages":[],"fullName":"App-level endpoints cors allows all origins when FRONTEND_ORIGIN is *","invocations":1,"location":null,"numPassingAsserts":1,"retryReasons":[],"startAt":1790106388671,"status":"passed","title":"cors allows all origins when FRONTEND_ORIGIN is *"},{"ancestorTitles":["App-level endpoints"],"duration":15,"failing":false,"failureDetails":[],"failureMessages":[],"fullName":"App-level endpoints cors allows specific comma-separated origins","invocations":1,"location":null,"numPassingAsserts":1,"retryReasons":[],"startAt":1790106388685,"status":"passed","title":"cors allows specific comma-separated origins"},{"ancestorTitles":["App-level endpoints"],"duration":15,"failing":false,"failureDetails":[],"failureMessages":[],"fullName":"App-level endpoints preflight request handles allowed origin and method headers","invocations":1,"location":null,"numPassingAsserts":3,"retryReasons":[],"startAt":1790106388700,"status":"passed","title":"preflight request handles allowed origin and method headers"}],"endTime":1790106388717,"message":"","name":"C:\\Users\\coura\\OneDrive\\Desktop\\sport-analytics-tool\\backend\\tests\\app.test.js","startTime":1790106387780,"status":"passed","summary":""},{"assertionResults":[{"ancestorTitles":["GET /api/images"],"duration":41,"failing":false,"failureDetails":[],"failureMessages":[],"fullName":"GET /api/images rejects untrusted image sources before fetching them","invocations":1,"location":null,"numPassingAsserts":2,"retryReasons":[],"startAt":1790106389380,"status":"passed","title":"rejects untrusted image sources before fetching them"},{"ancestorTitles":["GET /api/images"],"duration":34,"failing":false,"failureDetails":[],"failureMessages":[],"fullName":"GET /api/images proxies a trusted image and serves later requests from memory cache","invocations":1,"location":null,"numPassingAsserts":5,"retryReasons":[],"startAt":1790106389423,"status":"passed","title":"proxies a trusted image and serves later requests from memory cache"},{"ancestorTitles":["GET /api/images"],"duration":19,"failing":false,"failureDetails":[],"failureMessages":[],"fullName":"GET /api/images returns a gateway error when a trusted upstream image cannot be loaded","invocations":1,"location":null,"numPassingAsserts":2,"retryReasons":[],"startAt":1790106389457,"status":"passed","title":"returns a gateway error when a trusted upstream image cannot be loaded"}],"endTime":1790106389478,"message":"","name":"C:\\Users\\coura\\OneDrive\\Desktop\\sport-analytics-tool\\backend\\tests\\images-api.test.js","startTime":1790106388733,"status":"passed","summary":""},{"assertionResults":[{"ancestorTitles":["GET /api/overview"],"duration":51,"failing":false,"failureDetails":[],"failureMessages":[],"fullName":"GET /api/overview returns a well-formed empty response when the database has no data","invocations":1,"location":null,"numPassingAsserts":2,"retryReasons":[],"startAt":1790106390247,"status":"passed","title":"returns a well-formed empty response when the database has no data"},{"ancestorTitles":["GET /api/overview"],"duration":26,"failing":false,"failureDetails":[],"failureMessages":[],"fullName":"GET /api/overview scopes leaderboard and team comparison to the most recent season","invocations":1,"location":null,"numPassingAsserts":5,"retryReasons":[],"startAt":1790106390299,"status":"passed","title":"scopes leaderboard and team comparison to the most recent season"},{"ancestorTitles":["GET /api/overview"],"duration":19,"failing":false,"failureDetails":[],"failureMessages":[],"fullName":"GET /api/overview returns recent events from the latest session","invocations":1,"location":null,"numPassingAsserts":3,"retryReasons":[],"startAt":1790106390325,"status":"passed","title":"returns recent events from the latest session"},{"ancestorTitles":["GET /api/overview"],"duration":46,"failing":false,"failureDetails":[],"failureMessages":[],"fullName":"GET /api/overview returns 500 with a generic message if the database query fails","invocations":1,"location":null,"numPassingAsserts":2,"retryReasons":[],"startAt":1790106390344,"status":"passed","title":"returns 500 with a generic message if the database query fails"}],"endTime":1790106390397,"message":"","name":"C:\\Users\\coura\\OneDrive\\Desktop\\sport-analytics-tool\\backend\\tests\\overview-api.test.js","startTime":1790106389509,"status":"passed","summary":""},{"assertionResults":[{"ancestorTitles":["GET /api/fixtures"],"duration":37,"failing":false,"failureDetails":[],"failureMessages":[],"fullName":"GET /api/fixtures flags a fixture as corrected when it has a superseded event","invocations":1,"location":null,"numPassingAsserts":3,"retryReasons":[],"startAt":1790106391276,"status":"passed","title":"flags a fixture as corrected when it has a superseded event"},{"ancestorTitles":["GET /api/fixtures/:sessionId/events"],"duration":18,"failing":false,"failureDetails":[],"failureMessages":[],"fullName":"GET /api/fixtures/:sessionId/events returns 404 for an unknown fixture","invocations":1,"location":null,"numPassingAsserts":1,"retryReasons":[],"startAt":1790106391315,"status":"passed","title":"returns 404 for an unknown fixture"},{"ancestorTitles":["GET /api/fixtures/:sessionId/events"],"duration":20,"failing":false,"failureDetails":[],"failureMessages":[],"fullName":"GET /api/fixtures/:sessionId/events returns the chronological event log with driver names and correction flags","invocations":1,"location":null,"numPassingAsserts":3,"retryReasons":[],"startAt":1790106391333,"status":"passed","title":"returns the chronological event log with driver names and correction flags"},{"ancestorTitles":["GET /api/fixtures error handling"],"duration":46,"failing":false,"failureDetails":[],"failureMessages":[],"fullName":"GET /api/fixtures error handling returns 500 when listing fixtures fails","invocations":1,"location":null,"numPassingAsserts":2,"retryReasons":[],"startAt":1790106391354,"status":"passed","title":"returns 500 when listing fixtures fails"},{"ancestorTitles":["GET /api/fixtures error handling"],"duration":16,"failing":false,"failureDetails":[],"failureMessages":[],"fullName":"GET /api/fixtures error handling returns 500 when fetching fixture events fails","invocations":1,"location":null,"numPassingAsserts":2,"retryReasons":[],"startAt":1790106391401,"status":"passed","title":"returns 500 when fetching fixture events fails"}],"endTime":1790106391420,"message":"","name":"C:\\Users\\coura\\OneDrive\\Desktop\\sport-analytics-tool\\backend\\tests\\fixtures-api.test.js","startTime":1790106390441,"status":"passed","summary":""},{"assertionResults":[{"ancestorTitles":["GET /api/videos/popular"],"duration":41,"failing":false,"failureDetails":[],"failureMessages":[],"fullName":"GET /api/videos/popular returns fallback videos when no YouTube API key is configured","invocations":1,"location":null,"numPassingAsserts":4,"retryReasons":[],"startAt":1790106392170,"status":"passed","title":"returns fallback videos when no YouTube API key is configured"},{"ancestorTitles":["GET /api/videos/popular"],"duration":18,"failing":false,"failureDetails":[],"failureMessages":[],"fullName":"GET /api/videos/popular returns live YouTube videos enriched with view counts","invocations":1,"location":null,"numPassingAsserts":5,"retryReasons":[],"startAt":1790106392212,"status":"passed","title":"returns live YouTube videos enriched with view counts"},{"ancestorTitles":["GET /api/videos/popular"],"duration":13,"failing":false,"failureDetails":[],"failureMessages":[],"fullName":"GET /api/videos/popular uses fallback video list with youtube source when search returns no videos","invocations":1,"location":null,"numPassingAsserts":3,"retryReasons":[],"startAt":1790106392231,"status":"passed","title":"uses fallback video list with youtube source when search returns no videos"},{"ancestorTitles":["GET /api/videos/popular"],"duration":30,"failing":false,"failureDetails":[],"failureMessages":[],"fullName":"GET /api/videos/popular falls back when YouTube API errors","invocations":1,"location":null,"numPassingAsserts":3,"retryReasons":[],"startAt":1790106392244,"status":"passed","title":"falls back when YouTube API errors"},{"ancestorTitles":["GET /api/videos/popular"],"duration":14,"failing":false,"failureDetails":[],"failureMessages":[],"fullName":"GET /api/videos/popular ignores whitespace-only API key and uses fallback","invocations":1,"location":null,"numPassingAsserts":2,"retryReasons":[],"startAt":1790106392274,"status":"passed","title":"ignores whitespace-only API key and uses fallback"},{"ancestorTitles":["GET /api/videos/popular"],"duration":15,"failing":false,"failureDetails":[],"failureMessages":[],"fullName":"GET /api/videos/popular formats low view counts without suffix","invocations":1,"location":null,"numPassingAsserts":2,"retryReasons":[],"startAt":1790106392288,"status":"passed","title":"formats low view counts without suffix"}],"endTime":1790106392306,"message":"","name":"C:\\Users\\coura\\OneDrive\\Desktop\\sport-analytics-tool\\backend\\tests\\videos-api.test.js","startTime":1790106391435,"status":"passed","summary":""},{"assertionResults":[{"ancestorTitles":["POST /api/auth/session"],"duration":81,"failing":false,"failureDetails":[],"failureMessages":[],"fullName":"POST /api/auth/session sets an httpOnly cookie and returns the user for a valid token","invocations":1,"location":null,"numPassingAsserts":5,"retryReasons":[],"startAt":1790106392887,"status":"passed","title":"sets an httpOnly cookie and returns the user for a valid token"},{"ancestorTitles":["POST /api/auth/session"],"duration":14,"failing":false,"failureDetails":[],"failureMessages":[],"fullName":"POST /api/auth/session returns 400 when idToken is missing from the body","invocations":1,"location":null,"numPassingAsserts":2,"retryReasons":[],"startAt":1790106392969,"status":"passed","title":"returns 400 when idToken is missing from the body"},{"ancestorTitles":["POST /api/auth/session"],"duration":13,"failing":false,"failureDetails":[],"failureMessages":[],"fullName":"POST /api/auth/session returns 401 when the Firebase token is invalid","invocations":1,"location":null,"numPassingAsserts":2,"retryReasons":[],"startAt":1790106392983,"status":"passed","title":"returns 401 when the Firebase token is invalid"},{"ancestorTitles":["POST /api/auth/logout"],"duration":15,"failing":false,"failureDetails":[],"failureMessages":[],"fullName":"POST /api/auth/logout clears the __session cookie","invocations":1,"location":null,"numPassingAsserts":4,"retryReasons":[],"startAt":1790106392996,"status":"passed","title":"clears the __session cookie"},{"ancestorTitles":["GET /api/auth/me"],"duration":31,"failing":false,"failureDetails":[],"failureMessages":[],"fullName":"GET /api/auth/me returns the user when a valid cookie is present","invocations":1,"location":null,"numPassingAsserts":2,"retryReasons":[],"startAt":1790106393011,"status":"passed","title":"returns the user when a valid cookie is present"},{"ancestorTitles":["GET /api/auth/me"],"duration":12,"failing":false,"failureDetails":[],"failureMessages":[],"fullName":"GET /api/auth/me returns 401 when no cookie or header is present","invocations":1,"location":null,"numPassingAsserts":1,"retryReasons":[],"startAt":1790106393042,"status":"passed","title":"returns 401 when no cookie or header is present"},{"ancestorTitles":["GET /api/auth/me"],"duration":16,"failing":false,"failureDetails":[],"failureMessages":[],"fullName":"GET /api/auth/me works with a Bearer header as well as a cookie","invocations":1,"location":null,"numPassingAsserts":2,"retryReasons":[],"startAt":1790106393054,"status":"passed","title":"works with a Bearer header as well as a cookie"}],"endTime":1790106393074,"message":"","name":"C:\\Users\\coura\\OneDrive\\Desktop\\sport-analytics-tool\\backend\\tests\\auth-api.test.js","startTime":1790106392320,"status":"passed","summary":""},{"assertionResults":[{"ancestorTitles":["GET /api/timetravel/context"],"duration":35,"failing":false,"failureDetails":[],"failureMessages":[],"fullName":"GET /api/timetravel/context returns checkpoints from real submission history and entries for the driver selector","invocations":1,"location":null,"numPassingAsserts":3,"retryReasons":[],"startAt":1790106393862,"status":"passed","title":"returns checkpoints from real submission history and entries for the driver selector"},{"ancestorTitles":["GET /api/timetravel/context"],"duration":17,"failing":false,"failureDetails":[],"failureMessages":[],"fullName":"GET /api/timetravel/context returns empty context when no sessions exist","invocations":1,"location":null,"numPassingAsserts":2,"retryReasons":[],"startAt":1790106393898,"status":"passed","title":"returns empty context when no sessions exist"},{"ancestorTitles":["GET /api/timetravel/context"],"duration":13,"failing":false,"failureDetails":[],"failureMessages":[],"fullName":"GET /api/timetravel/context returns 404 when the requested session does not exist","invocations":1,"location":null,"numPassingAsserts":1,"retryReasons":[],"startAt":1790106393915,"status":"passed","title":"returns 404 when the requested session does not exist"},{"ancestorTitles":["GET /api/timetravel/changelog"],"duration":12,"failing":false,"failureDetails":[],"failureMessages":[],"fullName":"GET /api/timetravel/changelog returns 400 without entryId","invocations":1,"location":null,"numPassingAsserts":1,"retryReasons":[],"startAt":1790106393929,"status":"passed","title":"returns 400 without entryId"},{"ancestorTitles":["GET /api/timetravel/changelog"],"duration":14,"failing":false,"failureDetails":[],"failureMessages":[],"fullName":"GET /api/timetravel/changelog returns classification history in ingestion order, flagging corrected entries","invocations":1,"location":null,"numPassingAsserts":3,"retryReasons":[],"startAt":1790106393941,"status":"passed","title":"returns classification history in ingestion order, flagging corrected entries"},{"ancestorTitles":["GET /api/timetravel/asof"],"duration":13,"failing":false,"failureDetails":[],"failureMessages":[],"fullName":"GET /api/timetravel/asof includes an event whose own submission was submitted exactly at the cutoff","invocations":1,"location":null,"numPassingAsserts":2,"retryReasons":[],"startAt":1790106393955,"status":"passed","title":"includes an event whose own submission was submitted exactly at the cutoff"},{"ancestorTitles":["GET /api/timetravel/asof"],"duration":21,"failing":false,"failureDetails":[],"failureMessages":[],"fullName":"GET /api/timetravel/asof excludes events from submissions submitted after the cutoff, and excludes events superseded before it","invocations":1,"location":null,"numPassingAsserts":3,"retryReasons":[],"startAt":1790106393968,"status":"passed","title":"excludes events from submissions submitted after the cutoff, and excludes events superseded before it"},{"ancestorTitles":["GET /api/timetravel/asof"],"duration":17,"failing":false,"failureDetails":[],"failureMessages":[],"fullName":"GET /api/timetravel/asof returns 400 for a malformed date","invocations":1,"location":null,"numPassingAsserts":1,"retryReasons":[],"startAt":1790106393989,"status":"passed","title":"returns 400 for a malformed date"},{"ancestorTitles":["GET /api/timetravel/asof"],"duration":34,"failing":false,"failureDetails":[],"failureMessages":[],"fullName":"GET /api/timetravel/asof returns 400 when required params are missing","invocations":1,"location":null,"numPassingAsserts":3,"retryReasons":[],"startAt":1790106394006,"status":"passed","title":"returns 400 when required params are missing"},{"ancestorTitles":["GET /api/timetravel error handling"],"duration":41,"failing":false,"failureDetails":[],"failureMessages":[],"fullName":"GET /api/timetravel error handling returns 500 when context query fails","invocations":1,"location":null,"numPassingAsserts":2,"retryReasons":[],"startAt":1790106394041,"status":"passed","title":"returns 500 when context query fails"},{"ancestorTitles":["GET /api/timetravel error handling"],"duration":14,"failing":false,"failureDetails":[],"failureMessages":[],"fullName":"GET /api/timetravel error handling returns 500 when changelog query fails","invocations":1,"location":null,"numPassingAsserts":2,"retryReasons":[],"startAt":1790106394082,"status":"passed","title":"returns 500 when changelog query fails"},{"ancestorTitles":["GET /api/timetravel error handling"],"duration":14,"failing":false,"failureDetails":[],"failureMessages":[],"fullName":"GET /api/timetravel error handling returns 500 when asof query fails","invocations":1,"location":null,"numPassingAsserts":2,"retryReasons":[],"startAt":1790106394097,"status":"passed","title":"returns 500 when asof query fails"}],"endTime":1790106394114,"message":"","name":"C:\\Users\\coura\\OneDrive\\Desktop\\sport-analytics-tool\\backend\\tests\\timetravel-api.test.js","startTime":1790106393087,"status":"passed","summary":""},{"assertionResults":[{"ancestorTitles":["GET /api/statistics"],"duration":58,"failing":false,"failureDetails":[],"failureMessages":[],"fullName":"GET /api/statistics season view defaults to the most recent season and enriches with team/fastest lap","invocations":1,"location":null,"numPassingAsserts":4,"retryReasons":[],"startAt":1790106394888,"status":"passed","title":"season view defaults to the most recent season and enriches with team/fastest lap"},{"ancestorTitles":["GET /api/statistics"],"duration":12,"failing":false,"failureDetails":[],"failureMessages":[],"fullName":"GET /api/statistics career view sums points across multiple seasons for the same driver","invocations":1,"location":null,"numPassingAsserts":2,"retryReasons":[],"startAt":1790106394947,"status":"passed","title":"career view sums points across multiple seasons for the same driver"},{"ancestorTitles":["GET /api/statistics"],"duration":12,"failing":false,"failureDetails":[],"failureMessages":[],"fullName":"GET /api/statistics fixture view returns per-driver results for a session, sorted by finishing position","invocations":1,"location":null,"numPassingAsserts":3,"retryReasons":[],"startAt":1790106394959,"status":"passed","title":"fixture view returns per-driver results for a session, sorted by finishing position"},{"ancestorTitles":["GET /api/statistics error handling"],"duration":31,"failing":false,"failureDetails":[],"failureMessages":[],"fullName":"GET /api/statistics error handling returns 500 when the query fails","invocations":1,"location":null,"numPassingAsserts":2,"retryReasons":[],"startAt":1790106394972,"status":"passed","title":"returns 500 when the query fails"}],"endTime":1790106395005,"message":"","name":"C:\\Users\\coura\\OneDrive\\Desktop\\sport-analytics-tool\\backend\\tests\\statistics-api.test.js","startTime":1790106394127,"status":"passed","summary":""},{"assertionResults":[{"ancestorTitles":["GET /api/openf1/races/barcelona-2026/raw"],"duration":45,"failing":false,"failureDetails":[],"failureMessages":[],"fullName":"GET /api/openf1/races/barcelona-2026/raw bundles untouched OpenF1 records needed by the derivation pipeline","invocations":1,"location":null,"numPassingAsserts":6,"retryReasons":[],"startAt":1790106395791,"status":"passed","title":"bundles untouched OpenF1 records needed by the derivation pipeline"},{"ancestorTitles":["GET /api/openf1/races/barcelona-2026/raw"],"duration":13,"failing":false,"failureDetails":[],"failureMessages":[],"fullName":"GET /api/openf1/races/barcelona-2026/raw passes through OpenF1 authentication errors without making a bundle","invocations":1,"location":null,"numPassingAsserts":3,"retryReasons":[],"startAt":1790106395837,"status":"passed","title":"passes through OpenF1 authentication errors without making a bundle"},{"ancestorTitles":["GET /api/openf1/races/barcelona-2026/raw"],"duration":12,"failing":false,"failureDetails":[],"failureMessages":[],"fullName":"GET /api/openf1/races/barcelona-2026/raw returns 502 for invalid JSON upstream payloads","invocations":1,"location":null,"numPassingAsserts":2,"retryReasons":[],"startAt":1790106395850,"status":"passed","title":"returns 502 for invalid JSON upstream payloads"},{"ancestorTitles":["GET /api/openf1/races/barcelona-2026/raw"],"duration":11,"failing":false,"failureDetails":[],"failureMessages":[],"fullName":"GET /api/openf1/races/barcelona-2026/raw rejects non-race session types before any bundle is built","invocations":1,"location":null,"numPassingAsserts":2,"retryReasons":[],"startAt":1790106395862,"status":"passed","title":"rejects non-race session types before any bundle is built"}],"endTime":1790106395875,"message":"","name":"C:\\Users\\coura\\OneDrive\\Desktop\\sport-analytics-tool\\backend\\tests\\openf1-api.test.js","startTime":1790106395016,"status":"passed","summary":""},{"assertionResults":[{"ancestorTitles":["Barcelona video mapping"],"duration":1255,"failing":false,"failureDetails":[],"failureMessages":[],"fullName":"Barcelona video mapping maps every verified calibration point to its OpenF1 timestamp","invocations":1,"location":null,"numPassingAsserts":9,"retryReasons":[],"startAt":1790106397250,"status":"passed","title":"maps every verified calibration point to its OpenF1 timestamp"},{"ancestorTitles":["Barcelona video mapping"],"duration":2,"failing":false,"failureDetails":[],"failureMessages":[],"fullName":"Barcelona video mapping partitions date-bearing OpenF1 resources without mutating the raw bundle","invocations":1,"location":null,"numPassingAsserts":6,"retryReasons":[],"startAt":1790106398505,"status":"passed","title":"partitions date-bearing OpenF1 resources without mutating the raw bundle"},{"ancestorTitles":["Barcelona video mapping"],"duration":3,"failing":false,"failureDetails":[],"failureMessages":[],"fullName":"Barcelona video mapping creates a normalized state from records at the mapped timestamp","invocations":1,"location":null,"numPassingAsserts":1,"retryReasons":[],"startAt":1790106398507,"status":"passed","title":"creates a normalized state from records at the mapped timestamp"},{"ancestorTitles":["Barcelona video mapping"],"duration":1,"failing":false,"failureDetails":[],"failureMessages":[],"fullName":"Barcelona video mapping reuses whole-second snapshots and builds a capped future buffer","invocations":1,"location":null,"numPassingAsserts":3,"retryReasons":[],"startAt":1790106398510,"status":"passed","title":"reuses whole-second snapshots and builds a capped future buffer"}],"endTime":1790106398512,"message":"","name":"C:\\Users\\coura\\OneDrive\\Desktop\\sport-analytics-tool\\backend\\tests\\watchlive-speed.test.js","startTime":1790106395888,"status":"passed","summary":""},{"assertionResults":[{"ancestorTitles":["Barcelona lap counting"],"duration":7,"failing":false,"failureDetails":[],"failureMessages":[],"fullName":"Barcelona lap counting currentLap advances as laps complete, using real lap record field names","invocations":1,"location":null,"numPassingAsserts":2,"retryReasons":[],"startAt":1790106400490,"status":"passed","title":"currentLap advances as laps complete, using real lap record field names"},{"ancestorTitles":["Barcelona lap counting"],"duration":2,"failing":false,"failureDetails":[],"failureMessages":[],"fullName":"Barcelona lap counting a lap missing date_start does not crash chunk building","invocations":1,"location":null,"numPassingAsserts":1,"retryReasons":[],"startAt":1790106400498,"status":"passed","title":"a lap missing date_start does not crash chunk building"}],"endTime":1790106400503,"message":"","name":"C:\\Users\\coura\\OneDrive\\Desktop\\sport-analytics-tool\\backend\\tests\\watchlive-laps.test.js","startTime":1790106399302,"status":"passed","summary":""},{"assertionResults":[{"ancestorTitles":["Barcelona video mapping"],"duration":71,"failing":false,"failureDetails":[],"failureMessages":[],"fullName":"Barcelona video mapping maps every verified calibration point to its OpenF1 timestamp","invocations":1,"location":null,"numPassingAsserts":9,"retryReasons":[],"startAt":1790106401351,"status":"passed","title":"maps every verified calibration point to its OpenF1 timestamp"},{"ancestorTitles":["Barcelona video mapping"],"duration":5,"failing":false,"failureDetails":[],"failureMessages":[],"fullName":"Barcelona video mapping partitions date-bearing OpenF1 resources without mutating the raw bundle","invocations":1,"location":null,"numPassingAsserts":6,"retryReasons":[],"startAt":1790106401423,"status":"passed","title":"partitions date-bearing OpenF1 resources without mutating the raw bundle"},{"ancestorTitles":["Barcelona video mapping"],"duration":5,"failing":false,"failureDetails":[],"failureMessages":[],"fullName":"Barcelona video mapping creates a normalized state from records at the mapped timestamp","invocations":1,"location":null,"numPassingAsserts":1,"retryReasons":[],"startAt":1790106401429,"status":"passed","title":"creates a normalized state from records at the mapped timestamp"},{"ancestorTitles":["Barcelona video mapping"],"duration":3,"failing":false,"failureDetails":[],"failureMessages":[],"fullName":"Barcelona video mapping reuses whole-second snapshots and builds a capped future buffer","invocations":1,"location":null,"numPassingAsserts":3,"retryReasons":[],"startAt":1790106401435,"status":"passed","title":"reuses whole-second snapshots and builds a capped future buffer"}],"endTime":1790106401440,"message":"","name":"C:\\Users\\coura\\OneDrive\\Desktop\\sport-analytics-tool\\backend\\tests\\watchlive-mapping.test.js","startTime":1790106401003,"status":"passed","summary":""},{"assertionResults":[{"ancestorTitles":["requireAuth"],"duration":16,"failing":false,"failureDetails":[],"failureMessages":[],"fullName":"requireAuth returns 500, not a crash, if FIREBASE_SERVICE_ACCOUNT is not configured","invocations":1,"location":null,"numPassingAsserts":2,"retryReasons":[],"startAt":1790106401651,"status":"passed","title":"returns 500, not a crash, if FIREBASE_SERVICE_ACCOUNT is not configured"},{"ancestorTitles":["requireAuth"],"duration":1,"failing":false,"failureDetails":[],"failureMessages":[],"fullName":"requireAuth rejects a request with no Authorization header","invocations":1,"location":null,"numPassingAsserts":2,"retryReasons":[],"startAt":1790106401668,"status":"passed","title":"rejects a request with no Authorization header"},{"ancestorTitles":["requireAuth"],"duration":2,"failing":false,"failureDetails":[],"failureMessages":[],"fullName":"requireAuth rejects a malformed Authorization header (not \"Bearer <token>\")","invocations":1,"location":null,"numPassingAsserts":2,"retryReasons":[],"startAt":1790106401669,"status":"passed","title":"rejects a malformed Authorization header (not \"Bearer <token>\")"},{"ancestorTitles":["requireAuth"],"duration":2,"failing":false,"failureDetails":[],"failureMessages":[],"fullName":"requireAuth rejects an invalid/expired token","invocations":1,"location":null,"numPassingAsserts":3,"retryReasons":[],"startAt":1790106401671,"status":"passed","title":"rejects an invalid/expired token"},{"ancestorTitles":["requireAuth"],"duration":2,"failing":false,"failureDetails":[],"failureMessages":[],"fullName":"requireAuth attaches the decoded user and calls next() for a valid token","invocations":1,"location":null,"numPassingAsserts":3,"retryReasons":[],"startAt":1790106401673,"status":"passed","title":"attaches the decoded user and calls next() for a valid token"},{"ancestorTitles":["requireAuth"],"duration":2,"failing":false,"failureDetails":[],"failureMessages":[],"fullName":"requireAuth defaults email to null when the decoded token omits it","invocations":1,"location":null,"numPassingAsserts":2,"retryReasons":[],"startAt":1790106401675,"status":"passed","title":"defaults email to null when the decoded token omits it"}],"endTime":1790106401680,"message":"","name":"C:\\Users\\coura\\OneDrive\\Desktop\\sport-analytics-tool\\backend\\tests\\require-auth-middleware.test.js","startTime":1790106401455,"status":"passed","summary":""},{"assertionResults":[{"ancestorTitles":["computeSessionStatsForEntry"],"duration":4,"failing":false,"failureDetails":[],"failureMessages":[],"fullName":"computeSessionStatsForEntry fastest/avg lap ignore the pit-out lap","invocations":1,"location":null,"numPassingAsserts":2,"retryReasons":[],"startAt":1790106401903,"status":"passed","title":"fastest/avg lap ignore the pit-out lap"},{"ancestorTitles":["computeSessionStatsForEntry"],"duration":1,"failing":false,"failureDetails":[],"failureMessages":[],"fullName":"computeSessionStatsForEntry sums pit stop durations, defaults to 0 with no stops","invocations":1,"location":null,"numPassingAsserts":2,"retryReasons":[],"startAt":1790106401909,"status":"passed","title":"sums pit stop durations, defaults to 0 with no stops"},{"ancestorTitles":["computeSessionStatsForEntry"],"duration":0,"failing":false,"failureDetails":[],"failureMessages":[],"fullName":"computeSessionStatsForEntry positions gained = start position (from grid_position event) minus final position","invocations":1,"location":null,"numPassingAsserts":3,"retryReasons":[],"startAt":1790106401911,"status":"passed","title":"positions gained = start position (from grid_position event) minus final position"},{"ancestorTitles":["computeSessionStatsForEntry"],"duration":0,"failing":false,"failureDetails":[],"failureMessages":[],"fullName":"computeSessionStatsForEntry positionsGained is null when there's no grid_position event, rather than guessed","invocations":1,"location":null,"numPassingAsserts":1,"retryReasons":[],"startAt":1790106401912,"status":"passed","title":"positionsGained is null when there's no grid_position event, rather than guessed"},{"ancestorTitles":["computeSessionStatsForEntry"],"duration":1,"failing":false,"failureDetails":[],"failureMessages":[],"fullName":"computeSessionStatsForEntry no classification event yields null position/0 points, not a crash","invocations":1,"location":null,"numPassingAsserts":2,"retryReasons":[],"startAt":1790106401913,"status":"passed","title":"no classification event yields null position/0 points, not a crash"},{"ancestorTitles":["computeCareerAggregate"],"duration":3,"failing":false,"failureDetails":[],"failureMessages":[],"fullName":"computeCareerAggregate counts wins, podiums, points, DNFs across sessions","invocations":1,"location":null,"numPassingAsserts":1,"retryReasons":[],"startAt":1790106401914,"status":"passed","title":"counts wins, podiums, points, DNFs across sessions"},{"ancestorTitles":["computeSeasonAggregate"],"duration":1,"failing":false,"failureDetails":[],"failureMessages":[],"fullName":"computeSeasonAggregate reliability rate is 1 minus dnf fraction","invocations":1,"location":null,"numPassingAsserts":1,"retryReasons":[],"startAt":1790106401918,"status":"passed","title":"reliability rate is 1 minus dnf fraction"},{"ancestorTitles":["computeSeasonAggregate"],"duration":1,"failing":false,"failureDetails":[],"failureMessages":[],"fullName":"computeSeasonAggregate no starts yields a null reliability rate, not NaN","invocations":1,"location":null,"numPassingAsserts":1,"retryReasons":[],"startAt":1790106401919,"status":"passed","title":"no starts yields a null reliability rate, not NaN"},{"ancestorTitles":["computeHeadToHead"],"duration":1,"failing":false,"failureDetails":[],"failureMessages":[],"fullName":"computeHeadToHead counts a win for whoever finished ahead each shared session","invocations":1,"location":null,"numPassingAsserts":1,"retryReasons":[],"startAt":1790106401921,"status":"passed","title":"counts a win for whoever finished ahead each shared session"},{"ancestorTitles":["computeHeadToHead"],"duration":1,"failing":false,"failureDetails":[],"failureMessages":[],"fullName":"computeHeadToHead skips sessions where either side has no result","invocations":1,"location":null,"numPassingAsserts":1,"retryReasons":[],"startAt":1790106401922,"status":"passed","title":"skips sessions where either side has no result"}],"endTime":1790106401924,"message":"","name":"C:\\Users\\coura\\OneDrive\\Desktop\\sport-analytics-tool\\backend\\src\\derivation\\pure.test.js","startTime":1790106401694,"status":"passed","summary":""}],"wasInterrupted":false}
