{"C:\\Users\\coura\\OneDrive\\Desktop\\sport-analytics-tool\\backend\\src\\app.js": {"path":"C:\\Users\\coura\\OneDrive\\Desktop\\sport-analytics-tool\\backend\\src\\app.js","statementMap":{"0":{"start":{"line":12,"column":14},"end":{"line":12,"column":23}},"1":{"start":{"line":19,"column":25},"end":{"line":22,"column":20}},"2":{"start":{"line":21,"column":16},"end":{"line":21,"column":24}},"3":{"start":{"line":24,"column":2},"end":{"line":28,"column":4}},"4":{"start":{"line":29,"column":2},"end":{"line":29,"column":26}},"5":{"start":{"line":32,"column":2},"end":{"line":34,"column":5}},"6":{"start":{"line":33,"column":4},"end":{"line":33,"column":67}},"7":{"start":{"line":35,"column":2},"end":{"line":37,"column":5}},"8":{"start":{"line":36,"column":4},"end":{"line":36,"column":31}},"9":{"start":{"line":39,"column":2},"end":{"line":39,"column":43}},"10":{"start":{"line":40,"column":2},"end":{"line":40,"column":47}},"11":{"start":{"line":41,"column":2},"end":{"line":41,"column":43}},"12":{"start":{"line":42,"column":2},"end":{"line":42,"column":47}},"13":{"start":{"line":43,"column":2},"end":{"line":43,"column":39}},"14":{"start":{"line":44,"column":2},"end":{"line":44,"column":37}},"15":{"start":{"line":45,"column":2},"end":{"line":45,"column":41}},"16":{"start":{"line":48,"column":2},"end":{"line":50,"column":5}},"17":{"start":{"line":49,"column":4},"end":{"line":49,"column":49}},"18":{"start":{"line":54,"column":2},"end":{"line":57,"column":5}},"19":{"start":{"line":55,"column":4},"end":{"line":55,"column":23}},"20":{"start":{"line":56,"column":4},"end":{"line":56,"column":61}},"21":{"start":{"line":59,"column":2},"end":{"line":59,"column":13}}},"fnMap":{"0":{"name":"createApp","decl":{"start":{"line":11,"column":16},"end":{"line":11,"column":25}},"loc":{"start":{"line":11,"column":28},"end":{"line":60,"column":1}},"line":11},"1":{"name":"(anonymous_1)","decl":{"start":{"line":21,"column":9},"end":{"line":21,"column":10}},"loc":{"start":{"line":21,"column":16},"end":{"line":21,"column":24}},"line":21},"2":{"name":"(anonymous_2)","decl":{"start":{"line":32,"column":15},"end":{"line":32,"column":16}},"loc":{"start":{"line":32,"column":29},"end":{"line":34,"column":3}},"line":32},"3":{"name":"(anonymous_3)","decl":{"start":{"line":35,"column":21},"end":{"line":35,"column":22}},"loc":{"start":{"line":35,"column":35},"end":{"line":37,"column":3}},"line":35},"4":{"name":"(anonymous_4)","decl":{"start":{"line":48,"column":18},"end":{"line":48,"column":19}},"loc":{"start":{"line":48,"column":32},"end":{"line":50,"column":3}},"line":48},"5":{"name":"(anonymous_5)","decl":{"start":{"line":54,"column":10},"end":{"line":54,"column":11}},"loc":{"start":{"line":54,"column":35},"end":{"line":57,"column":3}},"line":54}},"branchMap":{"0":{"loc":{"start":{"line":19,"column":26},"end":{"line":19,"column":60}},"type":"binary-expr","locations":[{"start":{"line":19,"column":26},"end":{"line":19,"column":53}},{"start":{"line":19,"column":57},"end":{"line":19,"column":60}}],"line":19},"1":{"loc":{"start":{"line":26,"column":14},"end":{"line":26,"column":65}},"type":"cond-expr","locations":[{"start":{"line":26,"column":45},"end":{"line":26,"column":48}},{"start":{"line":26,"column":51},"end":{"line":26,"column":65}}],"line":26}},"s":{"0":58,"1":58,"2":59,"3":58,"4":58,"5":58,"6":3,"7":58,"8":1,"9":58,"10":58,"11":58,"12":58,"13":58,"14":58,"15":58,"16":58,"17":1,"18":58,"19":11,"20":11,"21":58},"f":{"0":58,"1":59,"2":3,"3":1,"4":1,"5":11},"b":{"0":[58,55],"1":[56,2]},"_coverageSchema":"1a1c01bbd47fc00a2c39e90264f33305004495a9","hash":"ca02b7340f1a3194f06f7ad24bde66ec51072925"}
,"C:\\Users\\coura\\OneDrive\\Desktop\\sport-analytics-tool\\backend\\src\\derivation\\pure.js": {"path":"C:\\Users\\coura\\OneDrive\\Desktop\\sport-analytics-tool\\backend\\src\\derivation\\pure.js","statementMap":{"0":{"start":{"line":14,"column":15},"end":{"line":14,"column":68}},"1":{"start":{"line":14,"column":36},"end":{"line":14,"column":67}},"2":{"start":{"line":15,"column":20},"end":{"line":15,"column":65}},"3":{"start":{"line":15,"column":39},"end":{"line":15,"column":64}},"4":{"start":{"line":16,"column":19},"end":{"line":18,"column":41}},"5":{"start":{"line":17,"column":16},"end":{"line":17,"column":37}},"6":{"start":{"line":18,"column":19},"end":{"line":18,"column":40}},"7":{"start":{"line":20,"column":23},"end":{"line":20,"column":69}},"8":{"start":{"line":21,"column":19},"end":{"line":23,"column":10}},"9":{"start":{"line":22,"column":43},"end":{"line":22,"column":48}},"10":{"start":{"line":25,"column":19},"end":{"line":25,"column":67}},"11":{"start":{"line":25,"column":40},"end":{"line":25,"column":66}},"12":{"start":{"line":26,"column":25},"end":{"line":29,"column":3}},"13":{"start":{"line":27,"column":16},"end":{"line":27,"column":54}},"14":{"start":{"line":31,"column":25},"end":{"line":31,"column":77}},"15":{"start":{"line":31,"column":44},"end":{"line":31,"column":76}},"16":{"start":{"line":32,"column":24},"end":{"line":32,"column":70}},"17":{"start":{"line":33,"column":17},"end":{"line":33,"column":52}},"18":{"start":{"line":37,"column":20},"end":{"line":37,"column":71}},"19":{"start":{"line":37,"column":39},"end":{"line":37,"column":70}},"20":{"start":{"line":38,"column":24},"end":{"line":38,"column":59}},"21":{"start":{"line":41,"column":4},"end":{"line":43,"column":12}},"22":{"start":{"line":45,"column":2},"end":{"line":52,"column":4}},"23":{"start":{"line":60,"column":15},"end":{"line":60,"column":73}},"24":{"start":{"line":60,"column":44},"end":{"line":60,"column":65}},"25":{"start":{"line":61,"column":18},"end":{"line":63,"column":10}},"26":{"start":{"line":62,"column":11},"end":{"line":62,"column":58}},"27":{"start":{"line":64,"column":17},"end":{"line":64,"column":72}},"28":{"start":{"line":64,"column":49},"end":{"line":64,"column":68}},"29":{"start":{"line":65,"column":19},"end":{"line":65,"column":74}},"30":{"start":{"line":65,"column":48},"end":{"line":65,"column":66}},"31":{"start":{"line":66,"column":2},"end":{"line":66,"column":45}},"32":{"start":{"line":71,"column":37},"end":{"line":71,"column":75}},"33":{"start":{"line":72,"column":17},"end":{"line":72,"column":38}},"34":{"start":{"line":73,"column":26},"end":{"line":73,"column":67}},"35":{"start":{"line":74,"column":2},"end":{"line":74,"column":43}},"36":{"start":{"line":82,"column":14},"end":{"line":82,"column":15}},"37":{"start":{"line":83,"column":14},"end":{"line":83,"column":15}},"38":{"start":{"line":84,"column":19},"end":{"line":84,"column":20}},"39":{"start":{"line":86,"column":2},"end":{"line":93,"column":3}},"40":{"start":{"line":86,"column":15},"end":{"line":86,"column":16}},"41":{"start":{"line":87,"column":17},"end":{"line":87,"column":42}},"42":{"start":{"line":88,"column":17},"end":{"line":88,"column":42}},"43":{"start":{"line":89,"column":4},"end":{"line":89,"column":64}},"44":{"start":{"line":89,"column":55},"end":{"line":89,"column":64}},"45":{"start":{"line":90,"column":4},"end":{"line":90,"column":17}},"46":{"start":{"line":91,"column":4},"end":{"line":92,"column":17}},"47":{"start":{"line":91,"column":21},"end":{"line":91,"column":29}},"48":{"start":{"line":92,"column":9},"end":{"line":92,"column":17}},"49":{"start":{"line":95,"column":2},"end":{"line":95,"column":38}}},"fnMap":{"0":{"name":"computeSessionStatsForEntry","decl":{"start":{"line":13,"column":16},"end":{"line":13,"column":43}},"loc":{"start":{"line":13,"column":52},"end":{"line":53,"column":1}},"line":13},"1":{"name":"(anonymous_1)","decl":{"start":{"line":14,"column":29},"end":{"line":14,"column":30}},"loc":{"start":{"line":14,"column":36},"end":{"line":14,"column":67}},"line":14},"2":{"name":"(anonymous_2)","decl":{"start":{"line":15,"column":32},"end":{"line":15,"column":33}},"loc":{"start":{"line":15,"column":39},"end":{"line":15,"column":64}},"line":15},"3":{"name":"(anonymous_3)","decl":{"start":{"line":17,"column":9},"end":{"line":17,"column":10}},"loc":{"start":{"line":17,"column":16},"end":{"line":17,"column":37}},"line":17},"4":{"name":"(anonymous_4)","decl":{"start":{"line":18,"column":12},"end":{"line":18,"column":13}},"loc":{"start":{"line":18,"column":19},"end":{"line":18,"column":40}},"line":18},"5":{"name":"(anonymous_5)","decl":{"start":{"line":22,"column":33},"end":{"line":22,"column":34}},"loc":{"start":{"line":22,"column":43},"end":{"line":22,"column":48}},"line":22},"6":{"name":"(anonymous_6)","decl":{"start":{"line":25,"column":33},"end":{"line":25,"column":34}},"loc":{"start":{"line":25,"column":40},"end":{"line":25,"column":66}},"line":25},"7":{"name":"(anonymous_7)","decl":{"start":{"line":27,"column":4},"end":{"line":27,"column":5}},"loc":{"start":{"line":27,"column":16},"end":{"line":27,"column":54}},"line":27},"8":{"name":"(anonymous_8)","decl":{"start":{"line":31,"column":37},"end":{"line":31,"column":38}},"loc":{"start":{"line":31,"column":44},"end":{"line":31,"column":76}},"line":31},"9":{"name":"(anonymous_9)","decl":{"start":{"line":37,"column":32},"end":{"line":37,"column":33}},"loc":{"start":{"line":37,"column":39},"end":{"line":37,"column":70}},"line":37},"10":{"name":"computeCareerAggregate","decl":{"start":{"line":59,"column":16},"end":{"line":59,"column":38}},"loc":{"start":{"line":59,"column":55},"end":{"line":67,"column":1}},"line":59},"11":{"name":"(anonymous_11)","decl":{"start":{"line":60,"column":37},"end":{"line":60,"column":38}},"loc":{"start":{"line":60,"column":44},"end":{"line":60,"column":65}},"line":60},"12":{"name":"(anonymous_12)","decl":{"start":{"line":62,"column":4},"end":{"line":62,"column":5}},"loc":{"start":{"line":62,"column":11},"end":{"line":62,"column":58}},"line":62},"13":{"name":"(anonymous_13)","decl":{"start":{"line":64,"column":39},"end":{"line":64,"column":40}},"loc":{"start":{"line":64,"column":49},"end":{"line":64,"column":68}},"line":64},"14":{"name":"(anonymous_14)","decl":{"start":{"line":65,"column":41},"end":{"line":65,"column":42}},"loc":{"start":{"line":65,"column":48},"end":{"line":65,"column":66}},"line":65},"15":{"name":"computeSeasonAggregate","decl":{"start":{"line":70,"column":16},"end":{"line":70,"column":38}},"loc":{"start":{"line":70,"column":55},"end":{"line":75,"column":1}},"line":70},"16":{"name":"computeHeadToHead","decl":{"start":{"line":81,"column":16},"end":{"line":81,"column":33}},"loc":{"start":{"line":81,"column":54},"end":{"line":96,"column":1}},"line":81}},"branchMap":{"0":{"loc":{"start":{"line":20,"column":23},"end":{"line":20,"column":69}},"type":"cond-expr","locations":[{"start":{"line":20,"column":41},"end":{"line":20,"column":62}},{"start":{"line":20,"column":65},"end":{"line":20,"column":69}}],"line":20},"1":{"loc":{"start":{"line":21,"column":19},"end":{"line":23,"column":10}},"type":"cond-expr","locations":[{"start":{"line":22,"column":6},"end":{"line":22,"column":71}},{"start":{"line":23,"column":6},"end":{"line":23,"column":10}}],"line":21},"2":{"loc":{"start":{"line":27,"column":23},"end":{"line":27,"column":53}},"type":"binary-expr","locations":[{"start":{"line":27,"column":23},"end":{"line":27,"column":48}},{"start":{"line":27,"column":52},"end":{"line":27,"column":53}}],"line":27},"3":{"loc":{"start":{"line":32,"column":24},"end":{"line":32,"column":70}},"type":"binary-expr","locations":[{"start":{"line":32,"column":24},"end":{"line":32,"column":62}},{"start":{"line":32,"column":66},"end":{"line":32,"column":70}}],"line":32},"4":{"loc":{"start":{"line":33,"column":17},"end":{"line":33,"column":52}},"type":"binary-expr","locations":[{"start":{"line":33,"column":17},"end":{"line":33,"column":47}},{"start":{"line":33,"column":51},"end":{"line":33,"column":52}}],"line":33},"5":{"loc":{"start":{"line":38,"column":24},"end":{"line":38,"column":59}},"type":"binary-expr","locations":[{"start":{"line":38,"column":24},"end":{"line":38,"column":51}},{"start":{"line":38,"column":55},"end":{"line":38,"column":59}}],"line":38},"6":{"loc":{"start":{"line":41,"column":4},"end":{"line":43,"column":12}},"type":"cond-expr","locations":[{"start":{"line":42,"column":8},"end":{"line":42,"column":37}},{"start":{"line":43,"column":8},"end":{"line":43,"column":12}}],"line":41},"7":{"loc":{"start":{"line":41,"column":4},"end":{"line":41,"column":50}},"type":"binary-expr","locations":[{"start":{"line":41,"column":4},"end":{"line":41,"column":25}},{"start":{"line":41,"column":29},"end":{"line":41,"column":50}}],"line":41},"8":{"loc":{"start":{"line":62,"column":11},"end":{"line":62,"column":58}},"type":"binary-expr","locations":[{"start":{"line":62,"column":11},"end":{"line":62,"column":34}},{"start":{"line":62,"column":38},"end":{"line":62,"column":58}}],"line":62},"9":{"loc":{"start":{"line":64,"column":54},"end":{"line":64,"column":67}},"type":"binary-expr","locations":[{"start":{"line":64,"column":54},"end":{"line":64,"column":62}},{"start":{"line":64,"column":66},"end":{"line":64,"column":67}}],"line":64},"10":{"loc":{"start":{"line":73,"column":26},"end":{"line":73,"column":67}},"type":"cond-expr","locations":[{"start":{"line":73,"column":39},"end":{"line":73,"column":60}},{"start":{"line":73,"column":63},"end":{"line":73,"column":67}}],"line":73},"11":{"loc":{"start":{"line":89,"column":4},"end":{"line":89,"column":64}},"type":"if","locations":[{"start":{"line":89,"column":4},"end":{"line":89,"column":64}},{"start":{},"end":{}}],"line":89},"12":{"loc":{"start":{"line":89,"column":8},"end":{"line":89,"column":53}},"type":"binary-expr","locations":[{"start":{"line":89,"column":8},"end":{"line":89,"column":20}},{"start":{"line":89,"column":24},"end":{"line":89,"column":36}},{"start":{"line":89,"column":40},"end":{"line":89,"column":53}}],"line":89},"13":{"loc":{"start":{"line":91,"column":4},"end":{"line":92,"column":17}},"type":"if","locations":[{"start":{"line":91,"column":4},"end":{"line":92,"column":17}},{"start":{"line":92,"column":9},"end":{"line":92,"column":17}}],"line":91}},"s":{"0":9,"1":13,"2":9,"3":4,"4":9,"5":3,"6":3,"7":9,"8":9,"9":3,"10":9,"11":13,"12":9,"13":2,"14":9,"15":13,"16":9,"17":9,"18":9,"19":12,"20":9,"21":9,"22":9,"23":3,"24":5,"25":3,"26":5,"27":3,"28":5,"29":3,"30":5,"31":3,"32":2,"33":2,"34":2,"35":2,"36":2,"37":2,"38":2,"39":2,"40":2,"41":5,"42":5,"43":5,"44":1,"45":4,"46":4,"47":3,"48":1,"49":2},"f":{"0":9,"1":13,"2":4,"3":3,"4":3,"5":3,"6":13,"7":2,"8":13,"9":12,"10":3,"11":5,"12":5,"13":5,"14":5,"15":2,"16":2},"b":{"0":[2,7],"1":[2,7],"2":[2,0],"3":[9,4],"4":[9,4],"5":[9,8],"6":[1,8],"7":[9,1],"8":[5,3],"9":[5,2],"10":[1,1],"11":[1,4],"12":[5,4,4],"13":[3,1]},"_coverageSchema":"1a1c01bbd47fc00a2c39e90264f33305004495a9","hash":"1bc411baa41b08587b464f545606972f31643f81"}
,"C:\\Users\\coura\\OneDrive\\Desktop\\sport-analytics-tool\\backend\\src\\middleware\\requireAuth.js": {"path":"C:\\Users\\coura\\OneDrive\\Desktop\\sport-analytics-tool\\backend\\src\\middleware\\requireAuth.js","statementMap":{"0":{"start":{"line":29,"column":2},"end":{"line":29,"column":32}},"1":{"start":{"line":29,"column":16},"end":{"line":29,"column":32}},"2":{"start":{"line":31,"column":2},"end":{"line":35,"column":3}},"3":{"start":{"line":32,"column":4},"end":{"line":34,"column":6}},"4":{"start":{"line":37,"column":25},"end":{"line":37,"column":73}},"5":{"start":{"line":38,"column":2},"end":{"line":40,"column":5}},"6":{"start":{"line":41,"column":2},"end":{"line":41,"column":18}},"7":{"start":{"line":45,"column":17},"end":{"line":45,"column":48}},"8":{"start":{"line":46,"column":26},"end":{"line":46,"column":43}},"9":{"start":{"line":48,"column":2},"end":{"line":50,"column":3}},"10":{"start":{"line":49,"column":4},"end":{"line":49,"column":88}},"11":{"start":{"line":53,"column":2},"end":{"line":61,"column":3}},"12":{"start":{"line":54,"column":4},"end":{"line":54,"column":24}},"13":{"start":{"line":59,"column":4},"end":{"line":59,"column":61}},"14":{"start":{"line":60,"column":4},"end":{"line":60,"column":83}},"15":{"start":{"line":63,"column":2},"end":{"line":69,"column":3}},"16":{"start":{"line":64,"column":20},"end":{"line":64,"column":62}},"17":{"start":{"line":65,"column":4},"end":{"line":65,"column":66}},"18":{"start":{"line":66,"column":4},"end":{"line":66,"column":11}},"19":{"start":{"line":68,"column":4},"end":{"line":68,"column":71}}},"fnMap":{"0":{"name":"getAdminApp","decl":{"start":{"line":28,"column":9},"end":{"line":28,"column":20}},"loc":{"start":{"line":28,"column":23},"end":{"line":42,"column":1}},"line":28},"1":{"name":"requireAuth","decl":{"start":{"line":44,"column":22},"end":{"line":44,"column":33}},"loc":{"start":{"line":44,"column":50},"end":{"line":70,"column":1}},"line":44}},"branchMap":{"0":{"loc":{"start":{"line":29,"column":2},"end":{"line":29,"column":32}},"type":"if","locations":[{"start":{"line":29,"column":2},"end":{"line":29,"column":32}},{"start":{},"end":{}}],"line":29},"1":{"loc":{"start":{"line":31,"column":2},"end":{"line":35,"column":3}},"type":"if","locations":[{"start":{"line":31,"column":2},"end":{"line":35,"column":3}},{"start":{},"end":{}}],"line":31},"2":{"loc":{"start":{"line":45,"column":17},"end":{"line":45,"column":48}},"type":"binary-expr","locations":[{"start":{"line":45,"column":17},"end":{"line":45,"column":42}},{"start":{"line":45,"column":46},"end":{"line":45,"column":48}}],"line":45},"3":{"loc":{"start":{"line":48,"column":2},"end":{"line":50,"column":3}},"type":"if","locations":[{"start":{"line":48,"column":2},"end":{"line":50,"column":3}},{"start":{},"end":{}}],"line":48},"4":{"loc":{"start":{"line":48,"column":6},"end":{"line":48,"column":35}},"type":"binary-expr","locations":[{"start":{"line":48,"column":6},"end":{"line":48,"column":25}},{"start":{"line":48,"column":29},"end":{"line":48,"column":35}}],"line":48},"5":{"loc":{"start":{"line":65,"column":42},"end":{"line":65,"column":63}},"type":"binary-expr","locations":[{"start":{"line":65,"column":42},"end":{"line":65,"column":55}},{"start":{"line":65,"column":59},"end":{"line":65,"column":63}}],"line":65}},"s":{"0":4,"1":2,"2":2,"3":1,"4":1,"5":1,"6":1,"7":6,"8":6,"9":6,"10":2,"11":4,"12":4,"13":1,"14":1,"15":3,"16":3,"17":2,"18":2,"19":1},"f":{"0":4,"1":6},"b":{"0":[2,2],"1":[1,1],"2":[6,1],"3":[2,4],"4":[6,4],"5":[2,1]},"_coverageSchema":"1a1c01bbd47fc00a2c39e90264f33305004495a9","hash":"74837491e75df474182cb6ef4c62a1034fc90f84"}
,"C:\\Users\\coura\\OneDrive\\Desktop\\sport-analytics-tool\\backend\\src\\routes\\drivers.js": {"path":"C:\\Users\\coura\\OneDrive\\Desktop\\sport-analytics-tool\\backend\\src\\routes\\drivers.js","statementMap":{"0":{"start":{"line":4,"column":29},"end":{"line":4,"column":37}},"1":{"start":{"line":6,"column":24},"end":{"line":6,"column":60}},"2":{"start":{"line":7,"column":18},"end":{"line":28,"column":1}},"3":{"start":{"line":31,"column":2},"end":{"line":31,"column":38}},"4":{"start":{"line":35,"column":14},"end":{"line":35,"column":40}},"5":{"start":{"line":36,"column":2},"end":{"line":36,"column":64}},"6":{"start":{"line":36,"column":12},"end":{"line":36,"column":64}},"7":{"start":{"line":37,"column":14},"end":{"line":42,"column":4}},"8":{"start":{"line":43,"column":2},"end":{"line":43,"column":70}},"9":{"start":{"line":43,"column":15},"end":{"line":43,"column":70}},"10":{"start":{"line":44,"column":15},"end":{"line":44,"column":31}},"11":{"start":{"line":45,"column":2},"end":{"line":45,"column":29}},"12":{"start":{"line":48,"column":20},"end":{"line":48,"column":47}},"13":{"start":{"line":51,"column":16},"end":{"line":51,"column":54}},"14":{"start":{"line":52,"column":14},"end":{"line":52,"column":60}},"15":{"start":{"line":53,"column":2},"end":{"line":53,"column":36}},"16":{"start":{"line":53,"column":26},"end":{"line":53,"column":36}},"17":{"start":{"line":54,"column":2},"end":{"line":54,"column":66}},"18":{"start":{"line":54,"column":15},"end":{"line":54,"column":66}},"19":{"start":{"line":55,"column":2},"end":{"line":55,"column":20}},"20":{"start":{"line":59,"column":19},"end":{"line":59,"column":80}},"21":{"start":{"line":60,"column":17},"end":{"line":60,"column":66}},"22":{"start":{"line":61,"column":14},"end":{"line":63,"column":77}},"23":{"start":{"line":65,"column":2},"end":{"line":80,"column":4}},"24":{"start":{"line":84,"column":21},"end":{"line":84,"column":70}},"25":{"start":{"line":84,"column":48},"end":{"line":84,"column":69}},"26":{"start":{"line":85,"column":21},"end":{"line":85,"column":102}},"27":{"start":{"line":85,"column":80},"end":{"line":85,"column":93}},"28":{"start":{"line":86,"column":24},"end":{"line":88,"column":43}},"29":{"start":{"line":87,"column":21},"end":{"line":87,"column":37}},"30":{"start":{"line":88,"column":26},"end":{"line":88,"column":42}},"31":{"start":{"line":90,"column":2},"end":{"line":102,"column":4}},"32":{"start":{"line":92,"column":44},"end":{"line":92,"column":78}},"33":{"start":{"line":93,"column":40},"end":{"line":93,"column":59}},"34":{"start":{"line":94,"column":43},"end":{"line":94,"column":61}},"35":{"start":{"line":95,"column":41},"end":{"line":95,"column":51}},"36":{"start":{"line":96,"column":46},"end":{"line":96,"column":60}},"37":{"start":{"line":98,"column":98},"end":{"line":98,"column":126}},"38":{"start":{"line":100,"column":51},"end":{"line":100,"column":70}},"39":{"start":{"line":106,"column":2},"end":{"line":106,"column":26}},"40":{"start":{"line":106,"column":14},"end":{"line":106,"column":26}},"41":{"start":{"line":107,"column":2},"end":{"line":107,"column":53}},"42":{"start":{"line":111,"column":24},"end":{"line":111,"column":87}},"43":{"start":{"line":112,"column":2},"end":{"line":112,"column":59}},"44":{"start":{"line":116,"column":2},"end":{"line":116,"column":60}},"45":{"start":{"line":116,"column":48},"end":{"line":116,"column":60}},"46":{"start":{"line":117,"column":2},"end":{"line":121,"column":14}},"47":{"start":{"line":120,"column":16},"end":{"line":120,"column":68}},"48":{"start":{"line":124,"column":0},"end":{"line":203,"column":3}},"49":{"start":{"line":125,"column":2},"end":{"line":202,"column":3}},"50":{"start":{"line":126,"column":19},"end":{"line":126,"column":43}},"51":{"start":{"line":127,"column":22},"end":{"line":130,"column":6}},"52":{"start":{"line":136,"column":4},"end":{"line":161,"column":5}},"53":{"start":{"line":137,"column":22},"end":{"line":140,"column":8}},"54":{"start":{"line":141,"column":19},"end":{"line":141,"column":28}},"55":{"start":{"line":142,"column":6},"end":{"line":152,"column":7}},"56":{"start":{"line":143,"column":8},"end":{"line":151,"column":9}},"57":{"start":{"line":144,"column":10},"end":{"line":150,"column":13}},"58":{"start":{"line":153,"column":6},"end":{"line":153,"column":46}},"59":{"start":{"line":155,"column":21},"end":{"line":159,"column":8}},"60":{"start":{"line":160,"column":6},"end":{"line":160,"column":27}},"61":{"start":{"line":163,"column":21},"end":{"line":163,"column":23}},"62":{"start":{"line":164,"column":4},"end":{"line":197,"column":5}},"63":{"start":{"line":165,"column":32},"end":{"line":170,"column":12}},"64":{"start":{"line":171,"column":19},"end":{"line":173,"column":27}},"65":{"start":{"line":172,"column":23},"end":{"line":172,"column":58}},"66":{"start":{"line":175,"column":22},"end":{"line":175,"column":26}},"67":{"start":{"line":176,"column":6},"end":{"line":180,"column":7}},"68":{"start":{"line":177,"column":8},"end":{"line":177,"column":91}},"69":{"start":{"line":182,"column":6},"end":{"line":196,"column":9}},"70":{"start":{"line":199,"column":4},"end":{"line":199,"column":44}},"71":{"start":{"line":201,"column":4},"end":{"line":201,"column":14}},"72":{"start":{"line":205,"column":0},"end":{"line":305,"column":3}},"73":{"start":{"line":206,"column":2},"end":{"line":304,"column":3}},"74":{"start":{"line":207,"column":15},"end":{"line":207,"column":28}},"75":{"start":{"line":208,"column":19},"end":{"line":208,"column":43}},"76":{"start":{"line":210,"column":19},"end":{"line":216,"column":6}},"77":{"start":{"line":217,"column":4},"end":{"line":217,"column":76}},"78":{"start":{"line":217,"column":17},"end":{"line":217,"column":76}},"79":{"start":{"line":219,"column":27},"end":{"line":221,"column":84}},"80":{"start":{"line":220,"column":25},"end":{"line":220,"column":89}},"81":{"start":{"line":221,"column":22},"end":{"line":221,"column":83}},"82":{"start":{"line":222,"column":24},"end":{"line":224,"column":49}},"83":{"start":{"line":222,"column":55},"end":{"line":222,"column":78}},"84":{"start":{"line":223,"column":44},"end":{"line":223,"column":105}},"85":{"start":{"line":224,"column":25},"end":{"line":224,"column":48}},"86":{"start":{"line":226,"column":39},"end":{"line":235,"column":6}},"87":{"start":{"line":229,"column":31},"end":{"line":229,"column":46}},"88":{"start":{"line":230,"column":23},"end":{"line":230,"column":27}},"89":{"start":{"line":233,"column":29},"end":{"line":233,"column":44}},"90":{"start":{"line":234,"column":21},"end":{"line":234,"column":25}},"91":{"start":{"line":237,"column":20},"end":{"line":252,"column":7}},"92":{"start":{"line":238,"column":6},"end":{"line":238,"column":77}},"93":{"start":{"line":238,"column":36},"end":{"line":238,"column":77}},"94":{"start":{"line":240,"column":6},"end":{"line":251,"column":7}},"95":{"start":{"line":241,"column":47},"end":{"line":246,"column":10}},"96":{"start":{"line":247,"column":8},"end":{"line":247,"column":73}},"97":{"start":{"line":250,"column":8},"end":{"line":250,"column":49}},"98":{"start":{"line":254,"column":26},"end":{"line":257,"column":6}},"99":{"start":{"line":255,"column":20},"end":{"line":255,"column":103}},"100":{"start":{"line":255,"column":58},"end":{"line":255,"column":102}},"101":{"start":{"line":256,"column":6},"end":{"line":256,"column":54}},"102":{"start":{"line":258,"column":31},"end":{"line":258,"column":62}},"103":{"start":{"line":259,"column":29},"end":{"line":259,"column":50}},"104":{"start":{"line":260,"column":24},"end":{"line":268,"column":9}},"105":{"start":{"line":269,"column":32},"end":{"line":269,"column":57}},"106":{"start":{"line":270,"column":24},"end":{"line":273,"column":95}},"107":{"start":{"line":270,"column":55},"end":{"line":270,"column":94}},"108":{"start":{"line":272,"column":27},"end":{"line":272,"column":66}},"109":{"start":{"line":273,"column":24},"end":{"line":273,"column":85}},"110":{"start":{"line":274,"column":24},"end":{"line":274,"column":87}},"111":{"start":{"line":275,"column":29},"end":{"line":275,"column":124}},"112":{"start":{"line":277,"column":4},"end":{"line":301,"column":7}},"113":{"start":{"line":303,"column":4},"end":{"line":303,"column":14}}},"fnMap":{"0":{"name":"teamColor","decl":{"start":{"line":30,"column":9},"end":{"line":30,"column":18}},"loc":{"start":{"line":30,"column":25},"end":{"line":32,"column":1}},"line":30},"1":{"name":"apiSports","decl":{"start":{"line":34,"column":15},"end":{"line":34,"column":24}},"loc":{"start":{"line":34,"column":31},"end":{"line":46,"column":1}},"line":34},"2":{"name":"openF1","decl":{"start":{"line":50,"column":15},"end":{"line":50,"column":21}},"loc":{"start":{"line":50,"column":36},"end":{"line":56,"column":1}},"line":50},"3":{"name":"resultForEntry","decl":{"start":{"line":58,"column":9},"end":{"line":58,"column":23}},"loc":{"start":{"line":58,"column":45},"end":{"line":81,"column":1}},"line":58},"4":{"name":"summariseResults","decl":{"start":{"line":83,"column":9},"end":{"line":83,"column":25}},"loc":{"start":{"line":83,"column":35},"end":{"line":103,"column":1}},"line":83},"5":{"name":"(anonymous_5)","decl":{"start":{"line":84,"column":36},"end":{"line":84,"column":37}},"loc":{"start":{"line":84,"column":48},"end":{"line":84,"column":69}},"line":84},"6":{"name":"(anonymous_6)","decl":{"start":{"line":85,"column":68},"end":{"line":85,"column":69}},"loc":{"start":{"line":85,"column":80},"end":{"line":85,"column":93}},"line":85},"7":{"name":"(anonymous_7)","decl":{"start":{"line":87,"column":9},"end":{"line":87,"column":10}},"loc":{"start":{"line":87,"column":21},"end":{"line":87,"column":37}},"line":87},"8":{"name":"(anonymous_8)","decl":{"start":{"line":88,"column":12},"end":{"line":88,"column":13}},"loc":{"start":{"line":88,"column":26},"end":{"line":88,"column":42}},"line":88},"9":{"name":"(anonymous_9)","decl":{"start":{"line":92,"column":27},"end":{"line":92,"column":28}},"loc":{"start":{"line":92,"column":44},"end":{"line":92,"column":78}},"line":92},"10":{"name":"(anonymous_10)","decl":{"start":{"line":93,"column":28},"end":{"line":93,"column":29}},"loc":{"start":{"line":93,"column":40},"end":{"line":93,"column":59}},"line":93},"11":{"name":"(anonymous_11)","decl":{"start":{"line":94,"column":31},"end":{"line":94,"column":32}},"loc":{"start":{"line":94,"column":43},"end":{"line":94,"column":61}},"line":94},"12":{"name":"(anonymous_12)","decl":{"start":{"line":95,"column":29},"end":{"line":95,"column":30}},"loc":{"start":{"line":95,"column":41},"end":{"line":95,"column":51}},"line":95},"13":{"name":"(anonymous_13)","decl":{"start":{"line":96,"column":32},"end":{"line":96,"column":33}},"loc":{"start":{"line":96,"column":46},"end":{"line":96,"column":60}},"line":96},"14":{"name":"(anonymous_14)","decl":{"start":{"line":98,"column":86},"end":{"line":98,"column":87}},"loc":{"start":{"line":98,"column":98},"end":{"line":98,"column":126}},"line":98},"15":{"name":"(anonymous_15)","decl":{"start":{"line":100,"column":34},"end":{"line":100,"column":35}},"loc":{"start":{"line":100,"column":51},"end":{"line":100,"column":70}},"line":100},"16":{"name":"openF1TeamColor","decl":{"start":{"line":105,"column":9},"end":{"line":105,"column":24}},"loc":{"start":{"line":105,"column":32},"end":{"line":108,"column":1}},"line":105},"17":{"name":"getCurrentSeason","decl":{"start":{"line":110,"column":15},"end":{"line":110,"column":31}},"loc":{"start":{"line":110,"column":34},"end":{"line":113,"column":1}},"line":110},"18":{"name":"flagEmoji","decl":{"start":{"line":115,"column":9},"end":{"line":115,"column":18}},"loc":{"start":{"line":115,"column":32},"end":{"line":122,"column":1}},"line":115},"19":{"name":"(anonymous_19)","decl":{"start":{"line":120,"column":9},"end":{"line":120,"column":10}},"loc":{"start":{"line":120,"column":16},"end":{"line":120,"column":68}},"line":120},"20":{"name":"(anonymous_20)","decl":{"start":{"line":124,"column":23},"end":{"line":124,"column":24}},"loc":{"start":{"line":124,"column":49},"end":{"line":203,"column":1}},"line":124},"21":{"name":"(anonymous_21)","decl":{"start":{"line":172,"column":16},"end":{"line":172,"column":17}},"loc":{"start":{"line":172,"column":23},"end":{"line":172,"column":58}},"line":172},"22":{"name":"(anonymous_22)","decl":{"start":{"line":205,"column":26},"end":{"line":205,"column":27}},"loc":{"start":{"line":205,"column":52},"end":{"line":305,"column":1}},"line":205},"23":{"name":"(anonymous_23)","decl":{"start":{"line":220,"column":14},"end":{"line":220,"column":15}},"loc":{"start":{"line":220,"column":25},"end":{"line":220,"column":89}},"line":220},"24":{"name":"(anonymous_24)","decl":{"start":{"line":221,"column":12},"end":{"line":221,"column":13}},"loc":{"start":{"line":221,"column":22},"end":{"line":221,"column":83}},"line":221},"25":{"name":"(anonymous_25)","decl":{"start":{"line":222,"column":44},"end":{"line":222,"column":45}},"loc":{"start":{"line":222,"column":55},"end":{"line":222,"column":78}},"line":222},"26":{"name":"(anonymous_26)","decl":{"start":{"line":223,"column":34},"end":{"line":223,"column":35}},"loc":{"start":{"line":223,"column":44},"end":{"line":223,"column":105}},"line":223},"27":{"name":"(anonymous_27)","decl":{"start":{"line":224,"column":14},"end":{"line":224,"column":15}},"loc":{"start":{"line":224,"column":25},"end":{"line":224,"column":48}},"line":224},"28":{"name":"(anonymous_28)","decl":{"start":{"line":229,"column":16},"end":{"line":229,"column":17}},"loc":{"start":{"line":229,"column":31},"end":{"line":229,"column":46}},"line":229},"29":{"name":"(anonymous_29)","decl":{"start":{"line":230,"column":17},"end":{"line":230,"column":18}},"loc":{"start":{"line":230,"column":23},"end":{"line":230,"column":27}},"line":230},"30":{"name":"(anonymous_30)","decl":{"start":{"line":233,"column":14},"end":{"line":233,"column":15}},"loc":{"start":{"line":233,"column":29},"end":{"line":233,"column":44}},"line":233},"31":{"name":"(anonymous_31)","decl":{"start":{"line":234,"column":15},"end":{"line":234,"column":16}},"loc":{"start":{"line":234,"column":21},"end":{"line":234,"column":25}},"line":234},"32":{"name":"(anonymous_32)","decl":{"start":{"line":237,"column":57},"end":{"line":237,"column":58}},"loc":{"start":{"line":237,"column":74},"end":{"line":252,"column":5}},"line":237},"33":{"name":"(anonymous_33)","decl":{"start":{"line":254,"column":41},"end":{"line":254,"column":42}},"loc":{"start":{"line":254,"column":53},"end":{"line":257,"column":5}},"line":254},"34":{"name":"(anonymous_34)","decl":{"start":{"line":255,"column":40},"end":{"line":255,"column":41}},"loc":{"start":{"line":255,"column":58},"end":{"line":255,"column":102}},"line":255},"35":{"name":"(anonymous_35)","decl":{"start":{"line":270,"column":44},"end":{"line":270,"column":45}},"loc":{"start":{"line":270,"column":55},"end":{"line":270,"column":94}},"line":270},"36":{"name":"(anonymous_36)","decl":{"start":{"line":272,"column":16},"end":{"line":272,"column":17}},"loc":{"start":{"line":272,"column":27},"end":{"line":272,"column":66}},"line":272},"37":{"name":"(anonymous_37)","decl":{"start":{"line":273,"column":14},"end":{"line":273,"column":15}},"loc":{"start":{"line":273,"column":24},"end":{"line":273,"column":85}},"line":273}},"branchMap":{"0":{"loc":{"start":{"line":31,"column":9},"end":{"line":31,"column":37}},"type":"binary-expr","locations":[{"start":{"line":31,"column":9},"end":{"line":31,"column":24}},{"start":{"line":31,"column":28},"end":{"line":31,"column":37}}],"line":31},"1":{"loc":{"start":{"line":36,"column":2},"end":{"line":36,"column":64}},"type":"if","locations":[{"start":{"line":36,"column":2},"end":{"line":36,"column":64}},{"start":{},"end":{}}],"line":36},"2":{"loc":{"start":{"line":43,"column":2},"end":{"line":43,"column":70}},"type":"if","locations":[{"start":{"line":43,"column":2},"end":{"line":43,"column":70}},{"start":{},"end":{}}],"line":43},"3":{"loc":{"start":{"line":45,"column":9},"end":{"line":45,"column":28}},"type":"binary-expr","locations":[{"start":{"line":45,"column":9},"end":{"line":45,"column":22}},{"start":{"line":45,"column":26},"end":{"line":45,"column":28}}],"line":45},"4":{"loc":{"start":{"line":53,"column":2},"end":{"line":53,"column":36}},"type":"if","locations":[{"start":{"line":53,"column":2},"end":{"line":53,"column":36}},{"start":{},"end":{}}],"line":53},"5":{"loc":{"start":{"line":54,"column":2},"end":{"line":54,"column":66}},"type":"if","locations":[{"start":{"line":54,"column":2},"end":{"line":54,"column":66}},{"start":{},"end":{}}],"line":54},"6":{"loc":{"start":{"line":59,"column":19},"end":{"line":59,"column":80}},"type":"binary-expr","locations":[{"start":{"line":59,"column":19},"end":{"line":59,"column":35}},{"start":{"line":59,"column":39},"end":{"line":59,"column":72}},{"start":{"line":59,"column":76},"end":{"line":59,"column":80}}],"line":59},"7":{"loc":{"start":{"line":60,"column":17},"end":{"line":60,"column":66}},"type":"binary-expr","locations":[{"start":{"line":60,"column":17},"end":{"line":60,"column":31}},{"start":{"line":60,"column":35},"end":{"line":60,"column":61}},{"start":{"line":60,"column":65},"end":{"line":60,"column":66}}],"line":60},"8":{"loc":{"start":{"line":61,"column":14},"end":{"line":63,"column":77}},"type":"cond-expr","locations":[{"start":{"line":62,"column":6},"end":{"line":62,"column":53}},{"start":{"line":63,"column":6},"end":{"line":63,"column":77}}],"line":61},"9":{"loc":{"start":{"line":62,"column":14},"end":{"line":62,"column":52}},"type":"binary-expr","locations":[{"start":{"line":62,"column":14},"end":{"line":62,"column":24}},{"start":{"line":62,"column":28},"end":{"line":62,"column":38}},{"start":{"line":62,"column":42},"end":{"line":62,"column":52}}],"line":62},"10":{"loc":{"start":{"line":63,"column":14},"end":{"line":63,"column":76}},"type":"binary-expr","locations":[{"start":{"line":63,"column":14},"end":{"line":63,"column":32}},{"start":{"line":63,"column":36},"end":{"line":63,"column":76}}],"line":63},"11":{"loc":{"start":{"line":70,"column":15},"end":{"line":70,"column":37}},"type":"binary-expr","locations":[{"start":{"line":70,"column":15},"end":{"line":70,"column":29}},{"start":{"line":70,"column":33},"end":{"line":70,"column":37}}],"line":70},"12":{"loc":{"start":{"line":75,"column":10},"end":{"line":75,"column":40}},"type":"binary-expr","locations":[{"start":{"line":75,"column":10},"end":{"line":75,"column":32}},{"start":{"line":75,"column":36},"end":{"line":75,"column":40}}],"line":75},"13":{"loc":{"start":{"line":76,"column":17},"end":{"line":76,"column":46}},"type":"binary-expr","locations":[{"start":{"line":76,"column":17},"end":{"line":76,"column":38}},{"start":{"line":76,"column":42},"end":{"line":76,"column":46}}],"line":76},"14":{"loc":{"start":{"line":77,"column":14},"end":{"line":77,"column":38}},"type":"binary-expr","locations":[{"start":{"line":77,"column":14},"end":{"line":77,"column":30}},{"start":{"line":77,"column":34},"end":{"line":77,"column":38}}],"line":77},"15":{"loc":{"start":{"line":78,"column":12},"end":{"line":78,"column":143}},"type":"cond-expr","locations":[{"start":{"line":78,"column":26},"end":{"line":78,"column":31}},{"start":{"line":78,"column":34},"end":{"line":78,"column":143}}],"line":78},"16":{"loc":{"start":{"line":78,"column":34},"end":{"line":78,"column":143}},"type":"cond-expr","locations":[{"start":{"line":78,"column":48},"end":{"line":78,"column":53}},{"start":{"line":78,"column":56},"end":{"line":78,"column":143}}],"line":78},"17":{"loc":{"start":{"line":78,"column":56},"end":{"line":78,"column":143}},"type":"cond-expr","locations":[{"start":{"line":78,"column":70},"end":{"line":78,"column":75}},{"start":{"line":78,"column":78},"end":{"line":78,"column":143}}],"line":78},"18":{"loc":{"start":{"line":78,"column":78},"end":{"line":78,"column":143}},"type":"cond-expr","locations":[{"start":{"line":78,"column":87},"end":{"line":78,"column":97}},{"start":{"line":78,"column":100},"end":{"line":78,"column":143}}],"line":78},"19":{"loc":{"start":{"line":78,"column":100},"end":{"line":78,"column":143}},"type":"cond-expr","locations":[{"start":{"line":78,"column":121},"end":{"line":78,"column":131}},{"start":{"line":78,"column":134},"end":{"line":78,"column":143}}],"line":78},"20":{"loc":{"start":{"line":79,"column":12},"end":{"line":79,"column":39}},"type":"cond-expr","locations":[{"start":{"line":79,"column":21},"end":{"line":79,"column":29}},{"start":{"line":79,"column":32},"end":{"line":79,"column":39}}],"line":79},"21":{"loc":{"start":{"line":85,"column":21},"end":{"line":85,"column":102}},"type":"cond-expr","locations":[{"start":{"line":85,"column":41},"end":{"line":85,"column":95}},{"start":{"line":85,"column":98},"end":{"line":85,"column":102}}],"line":85},"22":{"loc":{"start":{"line":92,"column":51},"end":{"line":92,"column":77}},"type":"binary-expr","locations":[{"start":{"line":92,"column":51},"end":{"line":92,"column":72}},{"start":{"line":92,"column":76},"end":{"line":92,"column":77}}],"line":92},"23":{"loc":{"start":{"line":97,"column":25},"end":{"line":97,"column":81}},"type":"cond-expr","locations":[{"start":{"line":97,"column":48},"end":{"line":97,"column":74}},{"start":{"line":97,"column":77},"end":{"line":97,"column":81}}],"line":97},"24":{"loc":{"start":{"line":98,"column":23},"end":{"line":98,"column":143}},"type":"cond-expr","locations":[{"start":{"line":98,"column":36},"end":{"line":98,"column":136}},{"start":{"line":98,"column":139},"end":{"line":98,"column":143}}],"line":98},"25":{"loc":{"start":{"line":99,"column":19},"end":{"line":101,"column":12}},"type":"cond-expr","locations":[{"start":{"line":100,"column":8},"end":{"line":100,"column":107}},{"start":{"line":101,"column":8},"end":{"line":101,"column":12}}],"line":99},"26":{"loc":{"start":{"line":106,"column":2},"end":{"line":106,"column":26}},"type":"if","locations":[{"start":{"line":106,"column":2},"end":{"line":106,"column":26}},{"start":{},"end":{}}],"line":106},"27":{"loc":{"start":{"line":107,"column":9},"end":{"line":107,"column":52}},"type":"cond-expr","locations":[{"start":{"line":107,"column":33},"end":{"line":107,"column":38}},{"start":{"line":107,"column":41},"end":{"line":107,"column":52}}],"line":107},"28":{"loc":{"start":{"line":112,"column":9},"end":{"line":112,"column":58}},"type":"binary-expr","locations":[{"start":{"line":112,"column":9},"end":{"line":112,"column":30}},{"start":{"line":112,"column":34},"end":{"line":112,"column":58}}],"line":112},"29":{"loc":{"start":{"line":116,"column":2},"end":{"line":116,"column":60}},"type":"if","locations":[{"start":{"line":116,"column":2},"end":{"line":116,"column":60}},{"start":{},"end":{}}],"line":116},"30":{"loc":{"start":{"line":116,"column":6},"end":{"line":116,"column":46}},"type":"binary-expr","locations":[{"start":{"line":116,"column":6},"end":{"line":116,"column":18}},{"start":{"line":116,"column":22},"end":{"line":116,"column":46}}],"line":116},"31":{"loc":{"start":{"line":136,"column":4},"end":{"line":161,"column":5}},"type":"if","locations":[{"start":{"line":136,"column":4},"end":{"line":161,"column":5}},{"start":{"line":154,"column":11},"end":{"line":161,"column":5}}],"line":136},"32":{"loc":{"start":{"line":143,"column":8},"end":{"line":151,"column":9}},"type":"if","locations":[{"start":{"line":143,"column":8},"end":{"line":151,"column":9}},{"start":{},"end":{}}],"line":143},"33":{"loc":{"start":{"line":165,"column":32},"end":{"line":170,"column":12}},"type":"cond-expr","locations":[{"start":{"line":166,"column":10},"end":{"line":166,"column":19}},{"start":{"line":167,"column":10},"end":{"line":170,"column":12}}],"line":165},"34":{"loc":{"start":{"line":171,"column":20},"end":{"line":171,"column":52}},"type":"binary-expr","locations":[{"start":{"line":171,"column":20},"end":{"line":171,"column":46}},{"start":{"line":171,"column":50},"end":{"line":171,"column":52}}],"line":171},"35":{"loc":{"start":{"line":184,"column":15},"end":{"line":184,"column":54}},"type":"cond-expr","locations":[{"start":{"line":184,"column":27},"end":{"line":184,"column":47}},{"start":{"line":184,"column":50},"end":{"line":184,"column":54}}],"line":184},"36":{"loc":{"start":{"line":190,"column":18},"end":{"line":190,"column":80}},"type":"binary-expr","locations":[{"start":{"line":190,"column":18},"end":{"line":190,"column":28}},{"start":{"line":190,"column":33},"end":{"line":190,"column":66}},{"start":{"line":190,"column":70},"end":{"line":190,"column":79}}],"line":190},"37":{"loc":{"start":{"line":191,"column":29},"end":{"line":191,"column":82}},"type":"binary-expr","locations":[{"start":{"line":191,"column":29},"end":{"line":191,"column":62}},{"start":{"line":191,"column":66},"end":{"line":191,"column":76}},{"start":{"line":191,"column":80},"end":{"line":191,"column":82}}],"line":191},"38":{"loc":{"start":{"line":192,"column":21},"end":{"line":192,"column":56}},"type":"binary-expr","locations":[{"start":{"line":192,"column":21},"end":{"line":192,"column":43}},{"start":{"line":192,"column":47},"end":{"line":192,"column":56}}],"line":192},"39":{"loc":{"start":{"line":193,"column":21},"end":{"line":193,"column":53}},"type":"binary-expr","locations":[{"start":{"line":193,"column":21},"end":{"line":193,"column":45}},{"start":{"line":193,"column":49},"end":{"line":193,"column":53}}],"line":193},"40":{"loc":{"start":{"line":194,"column":24},"end":{"line":194,"column":54}},"type":"binary-expr","locations":[{"start":{"line":194,"column":24},"end":{"line":194,"column":48}},{"start":{"line":194,"column":52},"end":{"line":194,"column":54}}],"line":194},"41":{"loc":{"start":{"line":195,"column":18},"end":{"line":195,"column":42}},"type":"binary-expr","locations":[{"start":{"line":195,"column":18},"end":{"line":195,"column":34}},{"start":{"line":195,"column":38},"end":{"line":195,"column":42}}],"line":195},"42":{"loc":{"start":{"line":217,"column":4},"end":{"line":217,"column":76}},"type":"if","locations":[{"start":{"line":217,"column":4},"end":{"line":217,"column":76}},{"start":{},"end":{}}],"line":217},"43":{"loc":{"start":{"line":220,"column":25},"end":{"line":220,"column":89}},"type":"binary-expr","locations":[{"start":{"line":220,"column":25},"end":{"line":220,"column":54}},{"start":{"line":220,"column":58},"end":{"line":220,"column":89}}],"line":220},"44":{"loc":{"start":{"line":222,"column":24},"end":{"line":224,"column":49}},"type":"binary-expr","locations":[{"start":{"line":222,"column":24},"end":{"line":222,"column":79}},{"start":{"line":223,"column":9},"end":{"line":224,"column":49}}],"line":222},"45":{"loc":{"start":{"line":227,"column":6},"end":{"line":231,"column":31}},"type":"cond-expr","locations":[{"start":{"line":228,"column":10},"end":{"line":230,"column":28}},{"start":{"line":231,"column":10},"end":{"line":231,"column":31}}],"line":227},"46":{"loc":{"start":{"line":229,"column":31},"end":{"line":229,"column":46}},"type":"binary-expr","locations":[{"start":{"line":229,"column":31},"end":{"line":229,"column":38}},{"start":{"line":229,"column":42},"end":{"line":229,"column":46}}],"line":229},"47":{"loc":{"start":{"line":233,"column":29},"end":{"line":233,"column":44}},"type":"binary-expr","locations":[{"start":{"line":233,"column":29},"end":{"line":233,"column":36}},{"start":{"line":233,"column":40},"end":{"line":233,"column":44}}],"line":233},"48":{"loc":{"start":{"line":238,"column":6},"end":{"line":238,"column":77}},"type":"if","locations":[{"start":{"line":238,"column":6},"end":{"line":238,"column":77}},{"start":{},"end":{}}],"line":238},"49":{"loc":{"start":{"line":243,"column":10},"end":{"line":245,"column":33}},"type":"cond-expr","locations":[{"start":{"line":244,"column":14},"end":{"line":244,"column":123}},{"start":{"line":245,"column":14},"end":{"line":245,"column":33}}],"line":243},"50":{"loc":{"start":{"line":260,"column":24},"end":{"line":268,"column":9}},"type":"cond-expr","locations":[{"start":{"line":261,"column":8},"end":{"line":261,"column":26}},{"start":{"line":262,"column":8},"end":{"line":268,"column":9}}],"line":260},"51":{"loc":{"start":{"line":264,"column":18},"end":{"line":264,"column":47}},"type":"binary-expr","locations":[{"start":{"line":264,"column":18},"end":{"line":264,"column":42}},{"start":{"line":264,"column":46},"end":{"line":264,"column":47}}],"line":264},"52":{"loc":{"start":{"line":265,"column":16},"end":{"line":265,"column":43}},"type":"binary-expr","locations":[{"start":{"line":265,"column":16},"end":{"line":265,"column":38}},{"start":{"line":265,"column":42},"end":{"line":265,"column":43}}],"line":265},"53":{"loc":{"start":{"line":266,"column":19},"end":{"line":266,"column":49}},"type":"binary-expr","locations":[{"start":{"line":266,"column":19},"end":{"line":266,"column":44}},{"start":{"line":266,"column":48},"end":{"line":266,"column":49}}],"line":266},"54":{"loc":{"start":{"line":267,"column":20},"end":{"line":267,"column":51}},"type":"binary-expr","locations":[{"start":{"line":267,"column":20},"end":{"line":267,"column":46}},{"start":{"line":267,"column":50},"end":{"line":267,"column":51}}],"line":267},"55":{"loc":{"start":{"line":270,"column":24},"end":{"line":273,"column":95}},"type":"binary-expr","locations":[{"start":{"line":270,"column":24},"end":{"line":270,"column":101}},{"start":{"line":271,"column":9},"end":{"line":273,"column":95}}],"line":270},"56":{"loc":{"start":{"line":274,"column":24},"end":{"line":274,"column":87}},"type":"binary-expr","locations":[{"start":{"line":274,"column":24},"end":{"line":274,"column":51}},{"start":{"line":274,"column":55},"end":{"line":274,"column":79}},{"start":{"line":274,"column":83},"end":{"line":274,"column":87}}],"line":274},"57":{"loc":{"start":{"line":275,"column":29},"end":{"line":275,"column":124}},"type":"binary-expr","locations":[{"start":{"line":275,"column":29},"end":{"line":275,"column":53}},{"start":{"line":275,"column":57},"end":{"line":275,"column":74}},{"start":{"line":275,"column":78},"end":{"line":275,"column":111}},{"start":{"line":275,"column":115},"end":{"line":275,"column":124}}],"line":275},"58":{"loc":{"start":{"line":279,"column":13},"end":{"line":279,"column":52}},"type":"cond-expr","locations":[{"start":{"line":279,"column":25},"end":{"line":279,"column":45}},{"start":{"line":279,"column":48},"end":{"line":279,"column":52}}],"line":279},"59":{"loc":{"start":{"line":280,"column":12},"end":{"line":280,"column":51}},"type":"binary-expr","locations":[{"start":{"line":280,"column":12},"end":{"line":280,"column":36}},{"start":{"line":280,"column":40},"end":{"line":280,"column":51}}],"line":280},"60":{"loc":{"start":{"line":282,"column":21},"end":{"line":282,"column":58}},"type":"binary-expr","locations":[{"start":{"line":282,"column":21},"end":{"line":282,"column":50}},{"start":{"line":282,"column":54},"end":{"line":282,"column":58}}],"line":282},"61":{"loc":{"start":{"line":283,"column":15},"end":{"line":283,"column":50}},"type":"binary-expr","locations":[{"start":{"line":283,"column":15},"end":{"line":283,"column":42}},{"start":{"line":283,"column":46},"end":{"line":283,"column":50}}],"line":283},"62":{"loc":{"start":{"line":284,"column":17},"end":{"line":284,"column":50}},"type":"binary-expr","locations":[{"start":{"line":284,"column":17},"end":{"line":284,"column":42}},{"start":{"line":284,"column":46},"end":{"line":284,"column":50}}],"line":284},"63":{"loc":{"start":{"line":285,"column":16},"end":{"line":285,"column":48}},"type":"binary-expr","locations":[{"start":{"line":285,"column":16},"end":{"line":285,"column":40}},{"start":{"line":285,"column":44},"end":{"line":285,"column":48}}],"line":285},"64":{"loc":{"start":{"line":286,"column":19},"end":{"line":286,"column":69}},"type":"binary-expr","locations":[{"start":{"line":286,"column":19},"end":{"line":286,"column":41}},{"start":{"line":286,"column":45},"end":{"line":286,"column":56}},{"start":{"line":286,"column":60},"end":{"line":286,"column":69}}],"line":286},"65":{"loc":{"start":{"line":288,"column":22},"end":{"line":288,"column":39}},"type":"binary-expr","locations":[{"start":{"line":288,"column":22},"end":{"line":288,"column":33}},{"start":{"line":288,"column":37},"end":{"line":288,"column":39}}],"line":288},"66":{"loc":{"start":{"line":289,"column":17},"end":{"line":289,"column":45}},"type":"binary-expr","locations":[{"start":{"line":289,"column":17},"end":{"line":289,"column":37}},{"start":{"line":289,"column":41},"end":{"line":289,"column":45}}],"line":289},"67":{"loc":{"start":{"line":290,"column":18},"end":{"line":290,"column":47}},"type":"binary-expr","locations":[{"start":{"line":290,"column":18},"end":{"line":290,"column":39}},{"start":{"line":290,"column":43},"end":{"line":290,"column":47}}],"line":290},"68":{"loc":{"start":{"line":291,"column":16},"end":{"line":291,"column":71}},"type":"binary-expr","locations":[{"start":{"line":291,"column":16},"end":{"line":291,"column":43}},{"start":{"line":291,"column":47},"end":{"line":291,"column":63}},{"start":{"line":291,"column":67},"end":{"line":291,"column":71}}],"line":291},"69":{"loc":{"start":{"line":293,"column":17},"end":{"line":293,"column":91}},"type":"binary-expr","locations":[{"start":{"line":293,"column":17},"end":{"line":293,"column":60}},{"start":{"line":293,"column":64},"end":{"line":293,"column":91}}],"line":293},"70":{"loc":{"start":{"line":294,"column":25},"end":{"line":294,"column":85}},"type":"binary-expr","locations":[{"start":{"line":294,"column":25},"end":{"line":294,"column":55}},{"start":{"line":294,"column":59},"end":{"line":294,"column":85}}],"line":294},"71":{"loc":{"start":{"line":295,"column":26},"end":{"line":295,"column":61}},"type":"binary-expr","locations":[{"start":{"line":295,"column":26},"end":{"line":295,"column":56}},{"start":{"line":295,"column":60},"end":{"line":295,"column":61}}],"line":295},"72":{"loc":{"start":{"line":296,"column":20},"end":{"line":296,"column":52}},"type":"binary-expr","locations":[{"start":{"line":296,"column":20},"end":{"line":296,"column":44}},{"start":{"line":296,"column":48},"end":{"line":296,"column":52}}],"line":296}},"s":{"0":8,"1":8,"2":8,"3":6,"4":10,"5":10,"6":1,"7":9,"8":9,"9":1,"10":8,"11":8,"12":8,"13":13,"14":13,"15":13,"16":0,"17":13,"18":5,"19":8,"20":6,"21":6,"22":6,"23":6,"24":14,"25":12,"26":14,"27":10,"28":14,"29":12,"30":12,"31":14,"32":12,"33":10,"34":10,"35":12,"36":2,"37":10,"38":10,"39":7,"40":3,"41":4,"42":13,"43":12,"44":10,"45":3,"46":7,"47":14,"48":8,"49":4,"50":4,"51":3,"52":3,"53":2,"54":2,"55":2,"56":2,"57":2,"58":2,"59":1,"60":1,"61":3,"62":3,"63":3,"64":3,"65":1,"66":3,"67":3,"68":3,"69":3,"70":3,"71":1,"72":8,"73":9,"74":9,"75":9,"76":9,"77":8,"78":1,"79":7,"80":8,"81":1,"82":7,"83":5,"84":0,"85":3,"86":7,"87":4,"88":1,"89":6,"90":1,"91":7,"92":6,"93":1,"94":5,"95":5,"96":3,"97":2,"98":7,"99":6,"100":7,"101":6,"102":7,"103":7,"104":7,"105":7,"106":7,"107":5,"108":2,"109":0,"110":7,"111":7,"112":7,"113":1},"f":{"0":6,"1":10,"2":13,"3":6,"4":14,"5":12,"6":10,"7":12,"8":12,"9":12,"10":10,"11":10,"12":12,"13":2,"14":10,"15":10,"16":7,"17":13,"18":10,"19":14,"20":4,"21":1,"22":9,"23":8,"24":1,"25":5,"26":0,"27":3,"28":4,"29":1,"30":6,"31":1,"32":6,"33":6,"34":7,"35":5,"36":2,"37":0},"b":{"0":[6,2],"1":[1,9],"2":[1,8],"3":[8,0],"4":[0,13],"5":[5,8],"6":[6,3,1],"7":[6,3,0],"8":[3,3],"9":[3,3,3],"10":[3,3],"11":[6,5],"12":[6,3],"13":[6,4],"14":[6,4],"15":[1,5],"16":[0,5],"17":[0,5],"18":[2,3],"19":[3,0],"20":[3,3],"21":[10,4],"22":[12,4],"23":[2,12],"24":[10,4],"25":[10,4],"26":[3,4],"27":[0,4],"28":[12,1],"29":[3,7],"30":[10,7],"31":[2,1],"32":[2,0],"33":[3,0],"34":[3,0],"35":[1,2],"36":[3,2,2],"37":[3,2,2],"38":[3,2],"39":[3,2],"40":[3,2],"41":[3,2],"42":[1,7],"43":[8,3],"44":[7,3],"45":[5,2],"46":[4,0],"47":[6,2],"48":[1,5],"49":[3,2],"50":[5,2],"51":[2,0],"52":[2,0],"53":[2,0],"54":[2,2],"55":[7,2],"56":[7,3,1],"57":[7,3,0,0],"58":[4,3],"59":[7,3],"60":[7,3],"61":[7,3],"62":[7,3],"63":[7,3],"64":[7,3,1],"65":[7,1],"66":[7,7],"67":[7,7],"68":[7,3,1],"69":[7,3],"70":[7,6],"71":[7,6],"72":[7,6]},"_coverageSchema":"1a1c01bbd47fc00a2c39e90264f33305004495a9","hash":"ffbf197a9b0b34865fbe0c18fa79fb84297a3b75"}
,"C:\\Users\\coura\\OneDrive\\Desktop\\sport-analytics-tool\\backend\\src\\routes\\fixtures.js": {"path":"C:\\Users\\coura\\OneDrive\\Desktop\\sport-analytics-tool\\backend\\src\\routes\\fixtures.js","statementMap":{"0":{"start":{"line":4,"column":30},"end":{"line":4,"column":38}},"1":{"start":{"line":9,"column":0},"end":{"line":39,"column":3}},"2":{"start":{"line":10,"column":2},"end":{"line":38,"column":3}},"3":{"start":{"line":11,"column":21},"end":{"line":14,"column":6}},"4":{"start":{"line":16,"column":28},"end":{"line":20,"column":6}},"5":{"start":{"line":21,"column":32},"end":{"line":21,"column":80}},"6":{"start":{"line":21,"column":67},"end":{"line":21,"column":78}},"7":{"start":{"line":23,"column":21},"end":{"line":33,"column":7}},"8":{"start":{"line":23,"column":42},"end":{"line":33,"column":5}},"9":{"start":{"line":35,"column":4},"end":{"line":35,"column":27}},"10":{"start":{"line":37,"column":4},"end":{"line":37,"column":14}},"11":{"start":{"line":44,"column":0},"end":{"line":89,"column":3}},"12":{"start":{"line":45,"column":2},"end":{"line":88,"column":3}},"13":{"start":{"line":46,"column":26},"end":{"line":46,"column":36}},"14":{"start":{"line":48,"column":20},"end":{"line":51,"column":6}},"15":{"start":{"line":52,"column":4},"end":{"line":54,"column":5}},"16":{"start":{"line":53,"column":6},"end":{"line":53,"column":66}},"17":{"start":{"line":56,"column":19},"end":{"line":61,"column":6}},"18":{"start":{"line":63,"column":30},"end":{"line":65,"column":6}},"19":{"start":{"line":67,"column":4},"end":{"line":85,"column":7}},"20":{"start":{"line":77,"column":33},"end":{"line":84,"column":7}},"21":{"start":{"line":87,"column":4},"end":{"line":87,"column":14}}},"fnMap":{"0":{"name":"(anonymous_0)","decl":{"start":{"line":9,"column":24},"end":{"line":9,"column":25}},"loc":{"start":{"line":9,"column":50},"end":{"line":39,"column":1}},"line":9},"1":{"name":"(anonymous_1)","decl":{"start":{"line":21,"column":60},"end":{"line":21,"column":61}},"loc":{"start":{"line":21,"column":67},"end":{"line":21,"column":78}},"line":21},"2":{"name":"(anonymous_2)","decl":{"start":{"line":23,"column":34},"end":{"line":23,"column":35}},"loc":{"start":{"line":23,"column":42},"end":{"line":33,"column":5}},"line":23},"3":{"name":"(anonymous_3)","decl":{"start":{"line":44,"column":41},"end":{"line":44,"column":42}},"loc":{"start":{"line":44,"column":67},"end":{"line":89,"column":1}},"line":44},"4":{"name":"(anonymous_4)","decl":{"start":{"line":77,"column":25},"end":{"line":77,"column":26}},"loc":{"start":{"line":77,"column":33},"end":{"line":84,"column":7}},"line":77}},"branchMap":{"0":{"loc":{"start":{"line":52,"column":4},"end":{"line":54,"column":5}},"type":"if","locations":[{"start":{"line":52,"column":4},"end":{"line":54,"column":5}},{"start":{},"end":{}}],"line":52},"1":{"loc":{"start":{"line":82,"column":20},"end":{"line":82,"column":49}},"type":"binary-expr","locations":[{"start":{"line":82,"column":20},"end":{"line":82,"column":41}},{"start":{"line":82,"column":45},"end":{"line":82,"column":49}}],"line":82}},"s":{"0":8,"1":8,"2":2,"3":2,"4":1,"5":1,"6":1,"7":1,"8":2,"9":1,"10":1,"11":8,"12":3,"13":3,"14":3,"15":3,"16":1,"17":2,"18":1,"19":1,"20":2,"21":1},"f":{"0":2,"1":1,"2":2,"3":3,"4":2},"b":{"0":[1,2],"1":[2,1]},"_coverageSchema":"1a1c01bbd47fc00a2c39e90264f33305004495a9","hash":"589246581e98cf46afeb0395b96482f510e2733a"}
,"C:\\Users\\coura\\OneDrive\\Desktop\\sport-analytics-tool\\backend\\src\\routes\\overview.js": {"path":"C:\\Users\\coura\\OneDrive\\Desktop\\sport-analytics-tool\\backend\\src\\routes\\overview.js","statementMap":{"0":{"start":{"line":4,"column":30},"end":{"line":4,"column":38}},"1":{"start":{"line":8,"column":13},"end":{"line":8,"column":35}},"2":{"start":{"line":10,"column":0},"end":{"line":105,"column":3}},"3":{"start":{"line":11,"column":2},"end":{"line":104,"column":3}},"4":{"start":{"line":13,"column":6},"end":{"line":20,"column":8}},"5":{"start":{"line":25,"column":26},"end":{"line":25,"column":89}},"6":{"start":{"line":26,"column":26},"end":{"line":26,"column":55}},"7":{"start":{"line":28,"column":22},"end":{"line":28,"column":24}},"8":{"start":{"line":29,"column":25},"end":{"line":29,"column":27}},"9":{"start":{"line":31,"column":4},"end":{"line":60,"column":5}},"10":{"start":{"line":32,"column":25},"end":{"line":37,"column":8}},"11":{"start":{"line":38,"column":6},"end":{"line":45,"column":10}},"12":{"start":{"line":38,"column":43},"end":{"line":45,"column":7}},"13":{"start":{"line":47,"column":23},"end":{"line":52,"column":8}},"14":{"start":{"line":53,"column":6},"end":{"line":59,"column":10}},"15":{"start":{"line":53,"column":44},"end":{"line":59,"column":7}},"16":{"start":{"line":62,"column":26},"end":{"line":65,"column":6}},"17":{"start":{"line":67,"column":23},"end":{"line":67,"column":25}},"18":{"start":{"line":68,"column":4},"end":{"line":75,"column":5}},"19":{"start":{"line":69,"column":6},"end":{"line":74,"column":9}},"20":{"start":{"line":77,"column":28},"end":{"line":81,"column":6}},"21":{"start":{"line":83,"column":4},"end":{"line":101,"column":7}},"22":{"start":{"line":103,"column":4},"end":{"line":103,"column":14}}},"fnMap":{"0":{"name":"(anonymous_0)","decl":{"start":{"line":10,"column":24},"end":{"line":10,"column":25}},"loc":{"start":{"line":10,"column":50},"end":{"line":105,"column":1}},"line":10},"1":{"name":"(anonymous_1)","decl":{"start":{"line":38,"column":35},"end":{"line":38,"column":36}},"loc":{"start":{"line":38,"column":43},"end":{"line":45,"column":7}},"line":38},"2":{"name":"(anonymous_2)","decl":{"start":{"line":53,"column":36},"end":{"line":53,"column":37}},"loc":{"start":{"line":53,"column":44},"end":{"line":59,"column":7}},"line":53}},"branchMap":{"0":{"loc":{"start":{"line":26,"column":26},"end":{"line":26,"column":55}},"type":"binary-expr","locations":[{"start":{"line":26,"column":26},"end":{"line":26,"column":47}},{"start":{"line":26,"column":51},"end":{"line":26,"column":55}}],"line":26},"1":{"loc":{"start":{"line":31,"column":4},"end":{"line":60,"column":5}},"type":"if","locations":[{"start":{"line":31,"column":4},"end":{"line":60,"column":5}},{"start":{},"end":{}}],"line":31},"2":{"loc":{"start":{"line":68,"column":4},"end":{"line":75,"column":5}},"type":"if","locations":[{"start":{"line":68,"column":4},"end":{"line":75,"column":5}},{"start":{},"end":{}}],"line":68},"3":{"loc":{"start":{"line":86,"column":21},"end":{"line":96,"column":14}},"type":"cond-expr","locations":[{"start":{"line":87,"column":10},"end":{"line":95,"column":11}},{"start":{"line":96,"column":10},"end":{"line":96,"column":14}}],"line":86}},"s":{"0":8,"1":8,"2":8,"3":4,"4":4,"5":3,"6":3,"7":3,"8":3,"9":3,"10":1,"11":1,"12":1,"13":1,"14":1,"15":1,"16":3,"17":3,"18":3,"19":1,"20":3,"21":3,"22":1},"f":{"0":4,"1":1,"2":1},"b":{"0":[3,2],"1":[1,2],"2":[1,2],"3":[1,2]},"_coverageSchema":"1a1c01bbd47fc00a2c39e90264f33305004495a9","hash":"50f89b8682c750e4304044fb6f093830ce25494d"}
,"C:\\Users\\coura\\OneDrive\\Desktop\\sport-analytics-tool\\backend\\src\\routes\\statistics.js": {"path":"C:\\Users\\coura\\OneDrive\\Desktop\\sport-analytics-tool\\backend\\src\\routes\\statistics.js","statementMap":{"0":{"start":{"line":4,"column":32},"end":{"line":4,"column":40}},"1":{"start":{"line":7,"column":2},"end":{"line":7,"column":79}},"2":{"start":{"line":14,"column":21},"end":{"line":18,"column":4}},"3":{"start":{"line":19,"column":2},"end":{"line":19,"column":41}},"4":{"start":{"line":19,"column":31},"end":{"line":19,"column":41}},"5":{"start":{"line":21,"column":20},"end":{"line":21,"column":53}},"6":{"start":{"line":21,"column":42},"end":{"line":21,"column":52}},"7":{"start":{"line":22,"column":18},"end":{"line":25,"column":4}},"8":{"start":{"line":27,"column":19},"end":{"line":27,"column":28}},"9":{"start":{"line":28,"column":2},"end":{"line":31,"column":3}},"10":{"start":{"line":29,"column":4},"end":{"line":29,"column":64}},"11":{"start":{"line":29,"column":35},"end":{"line":29,"column":64}},"12":{"start":{"line":30,"column":4},"end":{"line":30,"column":37}},"13":{"start":{"line":33,"column":2},"end":{"line":50,"column":5}},"14":{"start":{"line":34,"column":26},"end":{"line":34,"column":56}},"15":{"start":{"line":35,"column":17},"end":{"line":35,"column":70}},"16":{"start":{"line":36,"column":21},"end":{"line":38,"column":43}},"17":{"start":{"line":37,"column":18},"end":{"line":37,"column":46}},"18":{"start":{"line":38,"column":21},"end":{"line":38,"column":42}},"19":{"start":{"line":40,"column":4},"end":{"line":49,"column":6}},"20":{"start":{"line":57,"column":21},"end":{"line":57,"column":91}},"21":{"start":{"line":58,"column":2},"end":{"line":58,"column":41}},"22":{"start":{"line":58,"column":31},"end":{"line":58,"column":41}},"23":{"start":{"line":60,"column":17},"end":{"line":60,"column":26}},"24":{"start":{"line":61,"column":2},"end":{"line":77,"column":3}},"25":{"start":{"line":62,"column":4},"end":{"line":71,"column":5}},"26":{"start":{"line":63,"column":6},"end":{"line":70,"column":9}},"27":{"start":{"line":72,"column":14},"end":{"line":72,"column":36}},"28":{"start":{"line":73,"column":4},"end":{"line":73,"column":25}},"29":{"start":{"line":74,"column":4},"end":{"line":74,"column":21}},"30":{"start":{"line":75,"column":4},"end":{"line":75,"column":27}},"31":{"start":{"line":76,"column":4},"end":{"line":76,"column":24}},"32":{"start":{"line":79,"column":20},"end":{"line":79,"column":38}},"33":{"start":{"line":80,"column":18},"end":{"line":83,"column":4}},"34":{"start":{"line":85,"column":19},"end":{"line":85,"column":28}},"35":{"start":{"line":86,"column":2},"end":{"line":89,"column":3}},"36":{"start":{"line":87,"column":4},"end":{"line":87,"column":64}},"37":{"start":{"line":87,"column":35},"end":{"line":87,"column":64}},"38":{"start":{"line":88,"column":4},"end":{"line":88,"column":37}},"39":{"start":{"line":91,"column":15},"end":{"line":106,"column":4}},"40":{"start":{"line":92,"column":26},"end":{"line":94,"column":5}},"41":{"start":{"line":93,"column":16},"end":{"line":93,"column":77}},"42":{"start":{"line":95,"column":27},"end":{"line":95,"column":80}},"43":{"start":{"line":96,"column":21},"end":{"line":98,"column":43}},"44":{"start":{"line":97,"column":18},"end":{"line":97,"column":46}},"45":{"start":{"line":98,"column":21},"end":{"line":98,"column":42}},"46":{"start":{"line":100,"column":4},"end":{"line":105,"column":6}},"47":{"start":{"line":108,"column":2},"end":{"line":108,"column":43}},"48":{"start":{"line":108,"column":22},"end":{"line":108,"column":41}},"49":{"start":{"line":109,"column":2},"end":{"line":109,"column":14}},"50":{"start":{"line":115,"column":18},"end":{"line":118,"column":4}},"51":{"start":{"line":120,"column":2},"end":{"line":136,"column":7}},"52":{"start":{"line":121,"column":17},"end":{"line":131,"column":5}},"53":{"start":{"line":133,"column":6},"end":{"line":133,"column":44}},"54":{"start":{"line":133,"column":35},"end":{"line":133,"column":44}},"55":{"start":{"line":134,"column":6},"end":{"line":134,"column":45}},"56":{"start":{"line":134,"column":35},"end":{"line":134,"column":45}},"57":{"start":{"line":135,"column":6},"end":{"line":135,"column":47}},"58":{"start":{"line":139,"column":0},"end":{"line":183,"column":3}},"59":{"start":{"line":140,"column":2},"end":{"line":182,"column":3}},"60":{"start":{"line":141,"column":17},"end":{"line":143,"column":16}},"61":{"start":{"line":145,"column":4},"end":{"line":155,"column":5}},"62":{"start":{"line":146,"column":23},"end":{"line":150,"column":8}},"63":{"start":{"line":151,"column":31},"end":{"line":151,"column":60}},"64":{"start":{"line":151,"column":51},"end":{"line":151,"column":59}},"65":{"start":{"line":152,"column":21},"end":{"line":152,"column":94}},"66":{"start":{"line":153,"column":19},"end":{"line":153,"column":69}},"67":{"start":{"line":154,"column":6},"end":{"line":154,"column":64}},"68":{"start":{"line":157,"column":4},"end":{"line":160,"column":5}},"69":{"start":{"line":158,"column":19},"end":{"line":158,"column":40}},"70":{"start":{"line":159,"column":6},"end":{"line":159,"column":38}},"71":{"start":{"line":163,"column":21},"end":{"line":167,"column":6}},"72":{"start":{"line":168,"column":30},"end":{"line":168,"column":89}},"73":{"start":{"line":168,"column":51},"end":{"line":168,"column":87}},"74":{"start":{"line":169,"column":22},"end":{"line":169,"column":68}},"75":{"start":{"line":170,"column":17},"end":{"line":170,"column":65}},"76":{"start":{"line":171,"column":20},"end":{"line":171,"column":68}},"77":{"start":{"line":171,"column":41},"end":{"line":171,"column":59}},"78":{"start":{"line":173,"column":4},"end":{"line":179,"column":7}},"79":{"start":{"line":181,"column":4},"end":{"line":181,"column":14}}},"fnMap":{"0":{"name":"sessionLabel","decl":{"start":{"line":6,"column":9},"end":{"line":6,"column":21}},"loc":{"start":{"line":6,"column":31},"end":{"line":8,"column":1}},"line":6},"1":{"name":"getSeasonRows","decl":{"start":{"line":13,"column":15},"end":{"line":13,"column":28}},"loc":{"start":{"line":13,"column":37},"end":{"line":51,"column":1}},"line":13},"2":{"name":"(anonymous_2)","decl":{"start":{"line":21,"column":35},"end":{"line":21,"column":36}},"loc":{"start":{"line":21,"column":42},"end":{"line":21,"column":52}},"line":21},"3":{"name":"(anonymous_3)","decl":{"start":{"line":33,"column":24},"end":{"line":33,"column":25}},"loc":{"start":{"line":33,"column":31},"end":{"line":50,"column":3}},"line":33},"4":{"name":"(anonymous_4)","decl":{"start":{"line":37,"column":11},"end":{"line":37,"column":12}},"loc":{"start":{"line":37,"column":18},"end":{"line":37,"column":46}},"line":37},"5":{"name":"(anonymous_5)","decl":{"start":{"line":38,"column":14},"end":{"line":38,"column":15}},"loc":{"start":{"line":38,"column":21},"end":{"line":38,"column":42}},"line":38},"6":{"name":"getCareerRows","decl":{"start":{"line":56,"column":15},"end":{"line":56,"column":28}},"loc":{"start":{"line":56,"column":31},"end":{"line":110,"column":1}},"line":56},"7":{"name":"(anonymous_7)","decl":{"start":{"line":91,"column":40},"end":{"line":91,"column":41}},"loc":{"start":{"line":91,"column":47},"end":{"line":106,"column":3}},"line":91},"8":{"name":"(anonymous_8)","decl":{"start":{"line":93,"column":6},"end":{"line":93,"column":7}},"loc":{"start":{"line":93,"column":16},"end":{"line":93,"column":77}},"line":93},"9":{"name":"(anonymous_9)","decl":{"start":{"line":97,"column":11},"end":{"line":97,"column":12}},"loc":{"start":{"line":97,"column":18},"end":{"line":97,"column":46}},"line":97},"10":{"name":"(anonymous_10)","decl":{"start":{"line":98,"column":14},"end":{"line":98,"column":15}},"loc":{"start":{"line":98,"column":21},"end":{"line":98,"column":42}},"line":98},"11":{"name":"(anonymous_11)","decl":{"start":{"line":108,"column":12},"end":{"line":108,"column":13}},"loc":{"start":{"line":108,"column":22},"end":{"line":108,"column":41}},"line":108},"12":{"name":"getFixtureRows","decl":{"start":{"line":114,"column":15},"end":{"line":114,"column":29}},"loc":{"start":{"line":114,"column":41},"end":{"line":137,"column":1}},"line":114},"13":{"name":"(anonymous_13)","decl":{"start":{"line":121,"column":9},"end":{"line":121,"column":10}},"loc":{"start":{"line":121,"column":17},"end":{"line":131,"column":5}},"line":121},"14":{"name":"(anonymous_14)","decl":{"start":{"line":132,"column":10},"end":{"line":132,"column":11}},"loc":{"start":{"line":132,"column":20},"end":{"line":136,"column":5}},"line":132},"15":{"name":"(anonymous_15)","decl":{"start":{"line":139,"column":26},"end":{"line":139,"column":27}},"loc":{"start":{"line":139,"column":52},"end":{"line":183,"column":1}},"line":139},"16":{"name":"(anonymous_16)","decl":{"start":{"line":151,"column":44},"end":{"line":151,"column":45}},"loc":{"start":{"line":151,"column":51},"end":{"line":151,"column":59}},"line":151},"17":{"name":"(anonymous_17)","decl":{"start":{"line":168,"column":43},"end":{"line":168,"column":44}},"loc":{"start":{"line":168,"column":51},"end":{"line":168,"column":87}},"line":168},"18":{"name":"(anonymous_18)","decl":{"start":{"line":171,"column":34},"end":{"line":171,"column":35}},"loc":{"start":{"line":171,"column":41},"end":{"line":171,"column":59}},"line":171}},"branchMap":{"0":{"loc":{"start":{"line":19,"column":2},"end":{"line":19,"column":41}},"type":"if","locations":[{"start":{"line":19,"column":2},"end":{"line":19,"column":41}},{"start":{},"end":{}}],"line":19},"1":{"loc":{"start":{"line":29,"column":4},"end":{"line":29,"column":64}},"type":"if","locations":[{"start":{"line":29,"column":4},"end":{"line":29,"column":64}},{"start":{},"end":{}}],"line":29},"2":{"loc":{"start":{"line":34,"column":26},"end":{"line":34,"column":56}},"type":"binary-expr","locations":[{"start":{"line":34,"column":26},"end":{"line":34,"column":50}},{"start":{"line":34,"column":54},"end":{"line":34,"column":56}}],"line":34},"3":{"loc":{"start":{"line":35,"column":17},"end":{"line":35,"column":70}},"type":"binary-expr","locations":[{"start":{"line":35,"column":17},"end":{"line":35,"column":62}},{"start":{"line":35,"column":66},"end":{"line":35,"column":70}}],"line":35},"4":{"loc":{"start":{"line":43,"column":16},"end":{"line":43,"column":34}},"type":"binary-expr","locations":[{"start":{"line":43,"column":16},"end":{"line":43,"column":26}},{"start":{"line":43,"column":30},"end":{"line":43,"column":34}}],"line":43},"5":{"loc":{"start":{"line":47,"column":20},"end":{"line":47,"column":66}},"type":"cond-expr","locations":[{"start":{"line":47,"column":38},"end":{"line":47,"column":59}},{"start":{"line":47,"column":62},"end":{"line":47,"column":66}}],"line":47},"6":{"loc":{"start":{"line":58,"column":2},"end":{"line":58,"column":41}},"type":"if","locations":[{"start":{"line":58,"column":2},"end":{"line":58,"column":41}},{"start":{},"end":{}}],"line":58},"7":{"loc":{"start":{"line":62,"column":4},"end":{"line":71,"column":5}},"type":"if","locations":[{"start":{"line":62,"column":4},"end":{"line":71,"column":5}},{"start":{},"end":{}}],"line":62},"8":{"loc":{"start":{"line":87,"column":4},"end":{"line":87,"column":64}},"type":"if","locations":[{"start":{"line":87,"column":4},"end":{"line":87,"column":64}},{"start":{},"end":{}}],"line":87},"9":{"loc":{"start":{"line":92,"column":27},"end":{"line":92,"column":57}},"type":"binary-expr","locations":[{"start":{"line":92,"column":27},"end":{"line":92,"column":51}},{"start":{"line":92,"column":55},"end":{"line":92,"column":57}}],"line":92},"10":{"loc":{"start":{"line":95,"column":27},"end":{"line":95,"column":80}},"type":"binary-expr","locations":[{"start":{"line":95,"column":27},"end":{"line":95,"column":72}},{"start":{"line":95,"column":76},"end":{"line":95,"column":80}}],"line":95},"11":{"loc":{"start":{"line":102,"column":16},"end":{"line":102,"column":44}},"type":"binary-expr","locations":[{"start":{"line":102,"column":16},"end":{"line":102,"column":36}},{"start":{"line":102,"column":40},"end":{"line":102,"column":44}}],"line":102},"12":{"loc":{"start":{"line":103,"column":20},"end":{"line":103,"column":66}},"type":"cond-expr","locations":[{"start":{"line":103,"column":38},"end":{"line":103,"column":59}},{"start":{"line":103,"column":62},"end":{"line":103,"column":66}}],"line":103},"13":{"loc":{"start":{"line":125,"column":21},"end":{"line":125,"column":58}},"type":"binary-expr","locations":[{"start":{"line":125,"column":21},"end":{"line":125,"column":50}},{"start":{"line":125,"column":54},"end":{"line":125,"column":58}}],"line":125},"14":{"loc":{"start":{"line":126,"column":14},"end":{"line":126,"column":44}},"type":"binary-expr","locations":[{"start":{"line":126,"column":14},"end":{"line":126,"column":36}},{"start":{"line":126,"column":40},"end":{"line":126,"column":44}}],"line":126},"15":{"loc":{"start":{"line":127,"column":20},"end":{"line":127,"column":56}},"type":"binary-expr","locations":[{"start":{"line":127,"column":20},"end":{"line":127,"column":48}},{"start":{"line":127,"column":52},"end":{"line":127,"column":56}}],"line":127},"16":{"loc":{"start":{"line":128,"column":16},"end":{"line":128,"column":48}},"type":"binary-expr","locations":[{"start":{"line":128,"column":16},"end":{"line":128,"column":40}},{"start":{"line":128,"column":44},"end":{"line":128,"column":48}}],"line":128},"17":{"loc":{"start":{"line":129,"column":22},"end":{"line":129,"column":60}},"type":"binary-expr","locations":[{"start":{"line":129,"column":22},"end":{"line":129,"column":52}},{"start":{"line":129,"column":56},"end":{"line":129,"column":60}}],"line":129},"18":{"loc":{"start":{"line":130,"column":23},"end":{"line":130,"column":62}},"type":"binary-expr","locations":[{"start":{"line":130,"column":23},"end":{"line":130,"column":54}},{"start":{"line":130,"column":58},"end":{"line":130,"column":62}}],"line":130},"19":{"loc":{"start":{"line":133,"column":6},"end":{"line":133,"column":44}},"type":"if","locations":[{"start":{"line":133,"column":6},"end":{"line":133,"column":44}},{"start":{},"end":{}}],"line":133},"20":{"loc":{"start":{"line":134,"column":6},"end":{"line":134,"column":45}},"type":"if","locations":[{"start":{"line":134,"column":6},"end":{"line":134,"column":45}},{"start":{},"end":{}}],"line":134},"21":{"loc":{"start":{"line":141,"column":17},"end":{"line":143,"column":16}},"type":"cond-expr","locations":[{"start":{"line":142,"column":8},"end":{"line":142,"column":22}},{"start":{"line":143,"column":8},"end":{"line":143,"column":16}}],"line":141},"22":{"loc":{"start":{"line":145,"column":4},"end":{"line":155,"column":5}},"type":"if","locations":[{"start":{"line":145,"column":4},"end":{"line":155,"column":5}},{"start":{},"end":{}}],"line":145},"23":{"loc":{"start":{"line":152,"column":21},"end":{"line":152,"column":94}},"type":"cond-expr","locations":[{"start":{"line":152,"column":40},"end":{"line":152,"column":64}},{"start":{"line":152,"column":67},"end":{"line":152,"column":94}}],"line":152},"24":{"loc":{"start":{"line":152,"column":67},"end":{"line":152,"column":94}},"type":"binary-expr","locations":[{"start":{"line":152,"column":67},"end":{"line":152,"column":86}},{"start":{"line":152,"column":90},"end":{"line":152,"column":94}}],"line":152},"25":{"loc":{"start":{"line":153,"column":19},"end":{"line":153,"column":69}},"type":"cond-expr","locations":[{"start":{"line":153,"column":37},"end":{"line":153,"column":64}},{"start":{"line":153,"column":67},"end":{"line":153,"column":69}}],"line":153},"26":{"loc":{"start":{"line":157,"column":4},"end":{"line":160,"column":5}},"type":"if","locations":[{"start":{"line":157,"column":4},"end":{"line":160,"column":5}},{"start":{},"end":{}}],"line":157},"27":{"loc":{"start":{"line":169,"column":22},"end":{"line":169,"column":68}},"type":"binary-expr","locations":[{"start":{"line":169,"column":22},"end":{"line":169,"column":41}},{"start":{"line":169,"column":45},"end":{"line":169,"column":60}},{"start":{"line":169,"column":64},"end":{"line":169,"column":68}}],"line":169},"28":{"loc":{"start":{"line":170,"column":17},"end":{"line":170,"column":65}},"type":"cond-expr","locations":[{"start":{"line":170,"column":29},"end":{"line":170,"column":60}},{"start":{"line":170,"column":63},"end":{"line":170,"column":65}}],"line":170},"29":{"loc":{"start":{"line":171,"column":20},"end":{"line":171,"column":68}},"type":"binary-expr","locations":[{"start":{"line":171,"column":20},"end":{"line":171,"column":60}},{"start":{"line":171,"column":64},"end":{"line":171,"column":68}}],"line":171},"30":{"loc":{"start":{"line":176,"column":20},"end":{"line":176,"column":58}},"type":"cond-expr","locations":[{"start":{"line":176,"column":30},"end":{"line":176,"column":51}},{"start":{"line":176,"column":54},"end":{"line":176,"column":58}}],"line":176}},"s":{"0":8,"1":2,"2":1,"3":1,"4":0,"5":1,"6":1,"7":1,"8":1,"9":1,"10":1,"11":1,"12":1,"13":1,"14":1,"15":1,"16":1,"17":1,"18":1,"19":1,"20":1,"21":1,"22":0,"23":1,"24":1,"25":2,"26":1,"27":2,"28":2,"29":2,"30":2,"31":2,"32":1,"33":1,"34":1,"35":1,"36":2,"37":1,"38":2,"39":1,"40":1,"41":1,"42":1,"43":1,"44":2,"45":2,"46":1,"47":1,"48":0,"49":1,"50":1,"51":1,"52":2,"53":1,"54":0,"55":1,"56":0,"57":1,"58":8,"59":4,"60":4,"61":4,"62":2,"63":1,"64":2,"65":1,"66":1,"67":1,"68":2,"69":1,"70":1,"71":1,"72":1,"73":1,"74":1,"75":1,"76":1,"77":1,"78":1,"79":1},"f":{"0":2,"1":1,"2":1,"3":1,"4":1,"5":1,"6":1,"7":1,"8":1,"9":2,"10":2,"11":0,"12":1,"13":2,"14":1,"15":4,"16":2,"17":1,"18":1},"b":{"0":[0,1],"1":[1,0],"2":[1,0],"3":[1,0],"4":[1,0],"5":[1,0],"6":[0,1],"7":[1,1],"8":[1,1],"9":[1,0],"10":[1,0],"11":[1,0],"12":[1,0],"13":[2,0],"14":[2,0],"15":[2,0],"16":[2,0],"17":[2,0],"18":[2,0],"19":[0,1],"20":[0,1],"21":[4,0],"22":[2,2],"23":[0,1],"24":[1,0],"25":[1,0],"26":[1,1],"27":[1,0,0],"28":[1,0],"29":[1,0],"30":[1,0]},"_coverageSchema":"1a1c01bbd47fc00a2c39e90264f33305004495a9","hash":"c7356b01fb5469e68de8cc81b1f84988867b5c19"}
[...]
,"C:\\Users\\coura\\OneDrive\\Desktop\\sport-analytics-tool\\backend\\src\\routes\\timetravel.js": {"path":"C:\\Users\\coura\\OneDrive\\Desktop\\sport-analytics-tool\\backend\\src\\routes\\timetravel.js","statementMap":{"0":{"start":{"line":5,"column":32},"end":{"line":5,"column":40}},"1":{"start":{"line":8,"column":2},"end":{"line":8,"column":79}},"2":{"start":{"line":17,"column":0},"end":{"line":68,"column":3}},"3":{"start":{"line":18,"column":2},"end":{"line":67,"column":3}},"4":{"start":{"line":19,"column":21},"end":{"line":23,"column":6}},"5":{"start":{"line":24,"column":30},"end":{"line":24,"column":89}},"6":{"start":{"line":24,"column":51},"end":{"line":24,"column":87}},"7":{"start":{"line":26,"column":22},"end":{"line":26,"column":68}},"8":{"start":{"line":27,"column":4},"end":{"line":29,"column":5}},"9":{"start":{"line":28,"column":6},"end":{"line":28,"column":90}},"10":{"start":{"line":32,"column":6},"end":{"line":33,"column":97}},"11":{"start":{"line":32,"column":27},"end":{"line":32,"column":45}},"12":{"start":{"line":34,"column":4},"end":{"line":36,"column":5}},"13":{"start":{"line":35,"column":6},"end":{"line":35,"column":66}},"14":{"start":{"line":38,"column":24},"end":{"line":42,"column":6}},"15":{"start":{"line":43,"column":24},"end":{"line":47,"column":7}},"16":{"start":{"line":43,"column":48},"end":{"line":47,"column":5}},"17":{"start":{"line":49,"column":20},"end":{"line":52,"column":6}},"18":{"start":{"line":53,"column":25},"end":{"line":57,"column":7}},"19":{"start":{"line":53,"column":45},"end":{"line":57,"column":5}},"20":{"start":{"line":59,"column":4},"end":{"line":64,"column":7}},"21":{"start":{"line":66,"column":4},"end":{"line":66,"column":14}},"22":{"start":{"line":76,"column":0},"end":{"line":107,"column":3}},"23":{"start":{"line":77,"column":2},"end":{"line":106,"column":3}},"24":{"start":{"line":78,"column":24},"end":{"line":78,"column":33}},"25":{"start":{"line":79,"column":4},"end":{"line":79,"column":80}},"26":{"start":{"line":79,"column":18},"end":{"line":79,"column":80}},"27":{"start":{"line":81,"column":18},"end":{"line":84,"column":6}},"28":{"start":{"line":85,"column":4},"end":{"line":85,"column":74}},"29":{"start":{"line":85,"column":16},"end":{"line":85,"column":74}},"30":{"start":{"line":87,"column":19},"end":{"line":90,"column":6}},"31":{"start":{"line":92,"column":4},"end":{"line":103,"column":7}},"32":{"start":{"line":95,"column":37},"end":{"line":102,"column":7}},"33":{"start":{"line":105,"column":4},"end":{"line":105,"column":14}},"34":{"start":{"line":123,"column":0},"end":{"line":153,"column":3}},"35":{"start":{"line":124,"column":2},"end":{"line":152,"column":3}},"36":{"start":{"line":125,"column":41},"end":{"line":125,"column":50}},"37":{"start":{"line":126,"column":4},"end":{"line":128,"column":5}},"38":{"start":{"line":127,"column":6},"end":{"line":127,"column":90}},"39":{"start":{"line":129,"column":19},"end":{"line":129,"column":33}},"40":{"start":{"line":130,"column":4},"end":{"line":132,"column":5}},"41":{"start":{"line":131,"column":6},"end":{"line":131,"column":73}},"42":{"start":{"line":134,"column":19},"end":{"line":140,"column":6}},"43":{"start":{"line":142,"column":23},"end":{"line":146,"column":6}},"44":{"start":{"line":143,"column":6},"end":{"line":143,"column":74}},"45":{"start":{"line":143,"column":61},"end":{"line":143,"column":74}},"46":{"start":{"line":144,"column":6},"end":{"line":144,"column":106}},"47":{"start":{"line":144,"column":93},"end":{"line":144,"column":106}},"48":{"start":{"line":145,"column":6},"end":{"line":145,"column":18}},"49":{"start":{"line":148,"column":18},"end":{"line":148,"column":57}},"50":{"start":{"line":149,"column":4},"end":{"line":149,"column":87}},"51":{"start":{"line":151,"column":4},"end":{"line":151,"column":14}}},"fnMap":{"0":{"name":"sessionLabel","decl":{"start":{"line":7,"column":9},"end":{"line":7,"column":21}},"loc":{"start":{"line":7,"column":31},"end":{"line":9,"column":1}},"line":7},"1":{"name":"(anonymous_1)","decl":{"start":{"line":17,"column":33},"end":{"line":17,"column":34}},"loc":{"start":{"line":17,"column":59},"end":{"line":68,"column":1}},"line":17},"2":{"name":"(anonymous_2)","decl":{"start":{"line":24,"column":43},"end":{"line":24,"column":44}},"loc":{"start":{"line":24,"column":51},"end":{"line":24,"column":87}},"line":24},"3":{"name":"(anonymous_3)","decl":{"start":{"line":32,"column":20},"end":{"line":32,"column":21}},"loc":{"start":{"line":32,"column":27},"end":{"line":32,"column":45}},"line":32},"4":{"name":"(anonymous_4)","decl":{"start":{"line":43,"column":40},"end":{"line":43,"column":41}},"loc":{"start":{"line":43,"column":48},"end":{"line":47,"column":5}},"line":43},"5":{"name":"(anonymous_5)","decl":{"start":{"line":53,"column":37},"end":{"line":53,"column":38}},"loc":{"start":{"line":53,"column":45},"end":{"line":57,"column":5}},"line":53},"6":{"name":"(anonymous_6)","decl":{"start":{"line":76,"column":35},"end":{"line":76,"column":36}},"loc":{"start":{"line":76,"column":61},"end":{"line":107,"column":1}},"line":76},"7":{"name":"(anonymous_7)","decl":{"start":{"line":95,"column":26},"end":{"line":95,"column":27}},"loc":{"start":{"line":95,"column":37},"end":{"line":102,"column":7}},"line":95},"8":{"name":"(anonymous_8)","decl":{"start":{"line":123,"column":30},"end":{"line":123,"column":31}},"loc":{"start":{"line":123,"column":56},"end":{"line":153,"column":1}},"line":123},"9":{"name":"(anonymous_9)","decl":{"start":{"line":142,"column":37},"end":{"line":142,"column":38}},"loc":{"start":{"line":142,"column":44},"end":{"line":146,"column":5}},"line":142}},"branchMap":{"0":{"loc":{"start":{"line":26,"column":22},"end":{"line":26,"column":68}},"type":"binary-expr","locations":[{"start":{"line":26,"column":22},"end":{"line":26,"column":41}},{"start":{"line":26,"column":45},"end":{"line":26,"column":60}},{"start":{"line":26,"column":64},"end":{"line":26,"column":68}}],"line":26},"1":{"loc":{"start":{"line":27,"column":4},"end":{"line":29,"column":5}},"type":"if","locations":[{"start":{"line":27,"column":4},"end":{"line":29,"column":5}},{"start":{},"end":{}}],"line":27},"2":{"loc":{"start":{"line":32,"column":6},"end":{"line":33,"column":97}},"type":"binary-expr","locations":[{"start":{"line":32,"column":6},"end":{"line":32,"column":46}},{"start":{"line":33,"column":7},"end":{"line":33,"column":96}}],"line":32},"3":{"loc":{"start":{"line":34,"column":4},"end":{"line":36,"column":5}},"type":"if","locations":[{"start":{"line":34,"column":4},"end":{"line":36,"column":5}},{"start":{},"end":{}}],"line":34},"4":{"loc":{"start":{"line":45,"column":16},"end":{"line":45,"column":62}},"type":"cond-expr","locations":[{"start":{"line":45,"column":45},"end":{"line":45,"column":51}},{"start":{"line":45,"column":54},"end":{"line":45,"column":62}}],"line":45},"5":{"loc":{"start":{"line":79,"column":4},"end":{"line":79,"column":80}},"type":"if","locations":[{"start":{"line":79,"column":4},"end":{"line":79,"column":80}},{"start":{},"end":{}}],"line":79},"6":{"loc":{"start":{"line":85,"column":4},"end":{"line":85,"column":74}},"type":"if","locations":[{"start":{"line":85,"column":4},"end":{"line":85,"column":74}},{"start":{},"end":{}}],"line":85},"7":{"loc":{"start":{"line":126,"column":4},"end":{"line":128,"column":5}},"type":"if","locations":[{"start":{"line":126,"column":4},"end":{"line":128,"column":5}},{"start":{},"end":{}}],"line":126},"8":{"loc":{"start":{"line":126,"column":8},"end":{"line":126,"column":39}},"type":"binary-expr","locations":[{"start":{"line":126,"column":8},"end":{"line":126,"column":18}},{"start":{"line":126,"column":22},"end":{"line":126,"column":30}},{"start":{"line":126,"column":34},"end":{"line":126,"column":39}}],"line":126},"9":{"loc":{"start":{"line":130,"column":4},"end":{"line":132,"column":5}},"type":"if","locations":[{"start":{"line":130,"column":4},"end":{"line":132,"column":5}},{"start":{},"end":{}}],"line":130},"10":{"loc":{"start":{"line":143,"column":6},"end":{"line":143,"column":74}},"type":"if","locations":[{"start":{"line":143,"column":6},"end":{"line":143,"column":74}},{"start":{},"end":{}}],"line":143},"11":{"loc":{"start":{"line":144,"column":6},"end":{"line":144,"column":106}},"type":"if","locations":[{"start":{"line":144,"column":6},"end":{"line":144,"column":106}},{"start":{},"end":{}}],"line":144},"12":{"loc":{"start":{"line":144,"column":10},"end":{"line":144,"column":91}},"type":"binary-expr","locations":[{"start":{"line":144,"column":10},"end":{"line":144,"column":24}},{"start":{"line":144,"column":28},"end":{"line":144,"column":91}}],"line":144}},"s":{"0":8,"1":2,"2":8,"3":4,"4":4,"5":3,"6":1,"7":3,"8":3,"9":1,"10":2,"11":1,"12":2,"13":1,"14":1,"15":1,"16":2,"17":1,"18":1,"19":1,"20":1,"21":1,"22":8,"23":3,"24":3,"25":3,"26":1,"27":2,"28":1,"29":0,"30":1,"31":1,"32":2,"33":1,"34":8,"35":8,"36":8,"37":8,"38":3,"39":5,"40":5,"41":1,"42":4,"43":3,"44":5,"45":1,"46":4,"47":1,"48":3,"49":3,"50":3,"51":1},"f":{"0":2,"1":4,"2":1,"3":1,"4":2,"5":1,"6":3,"7":2,"8":8,"9":5},"b":{"0":[3,1,1],"1":[1,2],"2":[2,1],"3":[1,1],"4":[2,0],"5":[1,2],"6":[0,1],"7":[3,5],"8":[8,7,6],"9":[1,4],"10":[1,4],"11":[1,3],"12":[4,2]},"_coverageSchema":"1a1c01bbd47fc00a2c39e90264f33305004495a9","hash":"01bffc53e8c5f0152985baad59f83a7bdcc5c596"}
,"C:\\Users\\coura\\OneDrive\\Desktop\\sport-analytics-tool\\backend\\src\\routes\\videos.js": {"path":"C:\\Users\\coura\\OneDrive\\Desktop\\sport-analytics-tool\\backend\\src\\routes\\videos.js","statementMap":{"0":{"start":{"line":3,"column":28},"end":{"line":3,"column":36}},"1":{"start":{"line":11,"column":25},"end":{"line":11,"column":64}},"2":{"start":{"line":12,"column":22},"end":{"line":12,"column":48}},"3":{"start":{"line":15,"column":24},"end":{"line":36,"column":1}},"4":{"start":{"line":39,"column":2},"end":{"line":39,"column":45}},"5":{"start":{"line":39,"column":33},"end":{"line":39,"column":45}},"6":{"start":{"line":40,"column":2},"end":{"line":40,"column":76}},"7":{"start":{"line":40,"column":26},"end":{"line":40,"column":76}},"8":{"start":{"line":41,"column":2},"end":{"line":41,"column":68}},"9":{"start":{"line":41,"column":22},"end":{"line":41,"column":68}},"10":{"start":{"line":42,"column":2},"end":{"line":42,"column":26}},"11":{"start":{"line":46,"column":16},"end":{"line":46,"column":54}},"12":{"start":{"line":47,"column":14},"end":{"line":47,"column":52}},"13":{"start":{"line":48,"column":14},"end":{"line":48,"column":30}},"14":{"start":{"line":49,"column":2},"end":{"line":51,"column":3}},"15":{"start":{"line":50,"column":4},"end":{"line":50,"column":75}},"16":{"start":{"line":52,"column":2},"end":{"line":52,"column":20}},"17":{"start":{"line":63,"column":14},"end":{"line":63,"column":41}},"18":{"start":{"line":64,"column":17},"end":{"line":64,"column":54}},"19":{"start":{"line":65,"column":2},"end":{"line":65,"column":27}},"20":{"start":{"line":65,"column":15},"end":{"line":65,"column":27}},"21":{"start":{"line":67,"column":25},"end":{"line":67,"column":72}},"22":{"start":{"line":68,"column":17},"end":{"line":76,"column":4}},"23":{"start":{"line":78,"column":19},"end":{"line":80,"column":20}},"24":{"start":{"line":79,"column":19},"end":{"line":79,"column":35}},"25":{"start":{"line":81,"column":2},"end":{"line":81,"column":39}},"26":{"start":{"line":81,"column":29},"end":{"line":81,"column":39}},"27":{"start":{"line":83,"column":18},"end":{"line":87,"column":4}},"28":{"start":{"line":89,"column":15},"end":{"line":89,"column":24}},"29":{"start":{"line":90,"column":2},"end":{"line":92,"column":3}},"30":{"start":{"line":91,"column":4},"end":{"line":91,"column":28}},"31":{"start":{"line":94,"column":2},"end":{"line":109,"column":5}},"32":{"start":{"line":95,"column":17},"end":{"line":95,"column":34}},"33":{"start":{"line":96,"column":20},"end":{"line":96,"column":39}},"34":{"start":{"line":97,"column":18},"end":{"line":97,"column":60}},"35":{"start":{"line":98,"column":16},"end":{"line":103,"column":18}},"36":{"start":{"line":104,"column":4},"end":{"line":108,"column":6}},"37":{"start":{"line":112,"column":0},"end":{"line":140,"column":3}},"38":{"start":{"line":113,"column":2},"end":{"line":139,"column":3}},"39":{"start":{"line":114,"column":16},"end":{"line":114,"column":20}},"40":{"start":{"line":115,"column":4},"end":{"line":121,"column":5}},"41":{"start":{"line":116,"column":6},"end":{"line":116,"column":44}},"42":{"start":{"line":119,"column":6},"end":{"line":119,"column":82}},"43":{"start":{"line":120,"column":6},"end":{"line":120,"column":19}},"44":{"start":{"line":123,"column":19},"end":{"line":123,"column":58}},"45":{"start":{"line":124,"column":17},"end":{"line":134,"column":9}},"46":{"start":{"line":126,"column":29},"end":{"line":134,"column":7}},"47":{"start":{"line":136,"column":4},"end":{"line":136,"column":39}},"48":{"start":{"line":138,"column":4},"end":{"line":138,"column":14}}},"fnMap":{"0":{"name":"formatViewCount","decl":{"start":{"line":38,"column":9},"end":{"line":38,"column":24}},"loc":{"start":{"line":38,"column":32},"end":{"line":43,"column":1}},"line":38},"1":{"name":"fetchYouTube","decl":{"start":{"line":45,"column":15},"end":{"line":45,"column":27}},"loc":{"start":{"line":45,"column":42},"end":{"line":53,"column":1}},"line":45},"2":{"name":"getPopularFromYouTube","decl":{"start":{"line":62,"column":15},"end":{"line":62,"column":36}},"loc":{"start":{"line":62,"column":39},"end":{"line":110,"column":1}},"line":62},"3":{"name":"(anonymous_3)","decl":{"start":{"line":79,"column":9},"end":{"line":79,"column":10}},"loc":{"start":{"line":79,"column":19},"end":{"line":79,"column":35}},"line":79},"4":{"name":"(anonymous_4)","decl":{"start":{"line":94,"column":22},"end":{"line":94,"column":23}},"loc":{"start":{"line":94,"column":35},"end":{"line":109,"column":3}},"line":94},"5":{"name":"(anonymous_5)","decl":{"start":{"line":112,"column":29},"end":{"line":112,"column":30}},"loc":{"start":{"line":112,"column":55},"end":{"line":140,"column":1}},"line":112},"6":{"name":"(anonymous_6)","decl":{"start":{"line":126,"column":11},"end":{"line":126,"column":12}},"loc":{"start":{"line":126,"column":29},"end":{"line":134,"column":7}},"line":126}},"branchMap":{"0":{"loc":{"start":{"line":39,"column":2},"end":{"line":39,"column":45}},"type":"if","locations":[{"start":{"line":39,"column":2},"end":{"line":39,"column":45}},{"start":{},"end":{}}],"line":39},"1":{"loc":{"start":{"line":40,"column":2},"end":{"line":40,"column":76}},"type":"if","locations":[{"start":{"line":40,"column":2},"end":{"line":40,"column":76}},{"start":{},"end":{}}],"line":40},"2":{"loc":{"start":{"line":41,"column":2},"end":{"line":41,"column":68}},"type":"if","locations":[{"start":{"line":41,"column":2},"end":{"line":41,"column":68}},{"start":{},"end":{}}],"line":41},"3":{"loc":{"start":{"line":49,"column":2},"end":{"line":51,"column":3}},"type":"if","locations":[{"start":{"line":49,"column":2},"end":{"line":51,"column":3}},{"start":{},"end":{}}],"line":49},"4":{"loc":{"start":{"line":64,"column":17},"end":{"line":64,"column":54}},"type":"cond-expr","locations":[{"start":{"line":64,"column":37},"end":{"line":64,"column":47}},{"start":{"line":64,"column":50},"end":{"line":64,"column":54}}],"line":64},"5":{"loc":{"start":{"line":64,"column":17},"end":{"line":64,"column":34}},"type":"binary-expr","locations":[{"start":{"line":64,"column":17},"end":{"line":64,"column":20}},{"start":{"line":64,"column":24},"end":{"line":64,"column":34}}],"line":64},"6":{"loc":{"start":{"line":65,"column":2},"end":{"line":65,"column":27}},"type":"if","locations":[{"start":{"line":65,"column":2},"end":{"line":65,"column":27}},{"start":{},"end":{}}],"line":65},"7":{"loc":{"start":{"line":78,"column":20},"end":{"line":78,"column":38}},"type":"binary-expr","locations":[{"start":{"line":78,"column":20},"end":{"line":78,"column":32}},{"start":{"line":78,"column":36},"end":{"line":78,"column":38}}],"line":78},"8":{"loc":{"start":{"line":81,"column":2},"end":{"line":81,"column":39}},"type":"if","locations":[{"start":{"line":81,"column":2},"end":{"line":81,"column":39}},{"start":{},"end":{}}],"line":81},"9":{"loc":{"start":{"line":90,"column":21},"end":{"line":90,"column":40}},"type":"binary-expr","locations":[{"start":{"line":90,"column":21},"end":{"line":90,"column":34}},{"start":{"line":90,"column":38},"end":{"line":90,"column":40}}],"line":90},"10":{"loc":{"start":{"line":96,"column":20},"end":{"line":96,"column":39}},"type":"binary-expr","locations":[{"start":{"line":96,"column":20},"end":{"line":96,"column":33}},{"start":{"line":96,"column":37},"end":{"line":96,"column":39}}],"line":96},"11":{"loc":{"start":{"line":97,"column":25},"end":{"line":97,"column":59}},"type":"binary-expr","locations":[{"start":{"line":97,"column":25},"end":{"line":97,"column":52}},{"start":{"line":97,"column":56},"end":{"line":97,"column":59}}],"line":97},"12":{"loc":{"start":{"line":100,"column":15},"end":{"line":100,"column":48}},"type":"binary-expr","locations":[{"start":{"line":100,"column":15},"end":{"line":100,"column":34}},{"start":{"line":100,"column":38},"end":{"line":100,"column":48}}],"line":100},"13":{"loc":{"start":{"line":106,"column":13},"end":{"line":106,"column":47}},"type":"binary-expr","locations":[{"start":{"line":106,"column":13},"end":{"line":106,"column":26}},{"start":{"line":106,"column":30},"end":{"line":106,"column":47}}],"line":106},"14":{"loc":{"start":{"line":107,"column":11},"end":{"line":107,"column":39}},"type":"binary-expr","locations":[{"start":{"line":107,"column":11},"end":{"line":107,"column":14}},{"start":{"line":107,"column":18},"end":{"line":107,"column":39}}],"line":107},"15":{"loc":{"start":{"line":123,"column":19},"end":{"line":123,"column":58}},"type":"cond-expr","locations":[{"start":{"line":123,"column":36},"end":{"line":123,"column":46}},{"start":{"line":123,"column":49},"end":{"line":123,"column":58}}],"line":123},"16":{"loc":{"start":{"line":124,"column":18},"end":{"line":124,"column":69}},"type":"cond-expr","locations":[{"start":{"line":124,"column":46},"end":{"line":124,"column":51}},{"start":{"line":124,"column":54},"end":{"line":124,"column":69}}],"line":124},"17":{"loc":{"start":{"line":124,"column":18},"end":{"line":124,"column":43}},"type":"binary-expr","locations":[{"start":{"line":124,"column":18},"end":{"line":124,"column":23}},{"start":{"line":124,"column":27},"end":{"line":124,"column":43}}],"line":124}},"s":{"0":8,"1":8,"2":8,"3":8,"4":3,"5":0,"6":3,"7":1,"8":2,"9":1,"10":1,"11":6,"12":6,"13":6,"14":6,"15":1,"16":5,"17":6,"18":6,"19":6,"20":2,"21":4,"22":4,"23":3,"24":3,"25":3,"26":1,"27":2,"28":2,"29":2,"30":3,"31":2,"32":3,"33":3,"34":3,"35":3,"36":3,"37":8,"38":6,"39":6,"40":6,"41":6,"42":1,"43":1,"44":6,"45":6,"46":19,"47":6,"48":0},"f":{"0":3,"1":6,"2":6,"3":3,"4":3,"5":6,"6":19},"b":{"0":[0,3],"1":[1,2],"2":[1,1],"3":[1,5],"4":[4,2],"5":[6,5],"6":[2,4],"7":[3,0],"8":[1,2],"9":[2,0],"10":[3,0],"11":[3,0],"12":[3,0],"13":[3,0],"14":[3,0],"15":[3,3],"16":[2,4],"17":[6,3]},"_coverageSchema":"1a1c01bbd47fc00a2c39e90264f33305004495a9","hash":"273fd78b510f149f5181b9074eee34ff2cb6bdef"}
}
