TN:
SF:src\app.js
FN:13,createApp
FN:23,(anonymous_1)
FN:34,(anonymous_2)
FN:37,(anonymous_3)
FN:52,(anonymous_4)
FN:58,(anonymous_5)
FNF:6
FNH:6
FNDA:56,createApp
FNDA:57,(anonymous_1)
FNDA:3,(anonymous_2)
FNDA:1,(anonymous_3)
FNDA:5,(anonymous_4)
FNDA:9,(anonymous_5)
DA:14,56
DA:21,56
DA:23,57
DA:26,56
DA:31,56
DA:34,56
DA:35,3
DA:37,56
DA:38,1
DA:41,56
DA:42,56
DA:43,56
DA:44,56
DA:45,56
DA:46,56
DA:47,56
DA:48,56
DA:49,56
DA:52,56
DA:53,5
DA:58,56
DA:59,9
DA:60,9
DA:63,56
LF:24
LH:24
BRDA:21,0,0,56
BRDA:21,0,1,53
BRDA:28,1,0,54
BRDA:28,1,1,2
BRF:4
BRH:4
end_of_record
TN:
SF:src\derivation\pure.js
FN:13,computeSessionStatsForEntry
FN:14,(anonymous_1)
FN:15,(anonymous_2)
FN:17,(anonymous_3)
FN:18,(anonymous_4)
FN:22,(anonymous_5)
FN:25,(anonymous_6)
FN:27,(anonymous_7)
FN:31,(anonymous_8)
FN:37,(anonymous_9)
FN:59,computeCareerAggregate
FN:60,(anonymous_11)
FN:62,(anonymous_12)
FN:64,(anonymous_13)
FN:65,(anonymous_14)
FN:70,computeSeasonAggregate
FN:81,computeHeadToHead
FNF:17
FNH:17
FNDA:9,computeSessionStatsForEntry
FNDA:13,(anonymous_1)
FNDA:4,(anonymous_2)
FNDA:3,(anonymous_3)
FNDA:3,(anonymous_4)
FNDA:3,(anonymous_5)
FNDA:13,(anonymous_6)
FNDA:2,(anonymous_7)
FNDA:13,(anonymous_8)
FNDA:12,(anonymous_9)
FNDA:3,computeCareerAggregate
FNDA:5,(anonymous_11)
FNDA:5,(anonymous_12)
FNDA:5,(anonymous_13)
FNDA:5,(anonymous_14)
FNDA:2,computeSeasonAggregate
FNDA:2,computeHeadToHead
DA:14,13
DA:15,9
DA:16,9
DA:17,3
DA:18,3
DA:20,9
DA:21,9
DA:22,3
DA:25,13
DA:26,9
DA:27,2
DA:31,13
DA:32,9
DA:33,9
DA:37,12
DA:38,9
DA:41,9
DA:45,9
DA:60,5
DA:61,3
DA:62,5
DA:64,5
DA:65,5
DA:66,3
DA:71,2
DA:72,2
DA:73,2
DA:74,2
DA:82,2
DA:83,2
DA:84,2
DA:86,2
DA:87,5
DA:88,5
DA:89,5
DA:90,4
DA:91,4
DA:92,1
DA:95,2
LF:39
LH:39
BRDA:20,0,0,2
BRDA:20,0,1,7
BRDA:21,1,0,2
BRDA:21,1,1,7
BRDA:27,2,0,2
BRDA:27,2,1,0
BRDA:32,3,0,9
BRDA:32,3,1,4
BRDA:33,4,0,9
BRDA:33,4,1,4
BRDA:38,5,0,9
BRDA:38,5,1,8
BRDA:41,6,0,1
BRDA:41,6,1,8
BRDA:41,7,0,9
BRDA:41,7,1,1
BRDA:62,8,0,5
BRDA:62,8,1,3
BRDA:64,9,0,5
BRDA:64,9,1,2
BRDA:73,10,0,1
BRDA:73,10,1,1
BRDA:89,11,0,1
BRDA:89,11,1,4
BRDA:89,12,0,5
BRDA:89,12,1,4
BRDA:89,12,2,4
BRDA:91,13,0,3
BRDA:91,13,1,1
BRF:29
BRH:28
end_of_record
TN:
SF:src\middleware\requireAuth.js
FN:28,getAdminApp
FN:44,requireAuth
FNF:2
FNH:2
FNDA:4,getAdminApp
FNDA:6,requireAuth
DA:29,4
DA:31,2
DA:32,1
DA:37,1
DA:38,1
DA:41,1
DA:45,6
DA:46,6
DA:48,6
DA:49,2
DA:53,4
DA:54,4
DA:59,1
DA:60,1
DA:63,3
DA:64,3
DA:65,2
DA:66,2
DA:68,1
LF:19
LH:19
BRDA:29,0,0,2
BRDA:29,0,1,2
BRDA:31,1,0,1
BRDA:31,1,1,1
BRDA:45,2,0,6
BRDA:45,2,1,1
BRDA:48,3,0,2
BRDA:48,3,1,4
BRDA:48,4,0,6
BRDA:48,4,1,4
BRDA:65,5,0,2
BRDA:65,5,1,1
BRF:12
BRH:12
end_of_record
TN:
SF:src\routes\drivers.js
FN:30,teamColor
FN:34,apiSports
FN:50,openF1
FN:58,resultForEntry
FN:83,summariseResults
FN:84,(anonymous_5)
FN:85,(anonymous_6)
FN:87,(anonymous_7)
FN:88,(anonymous_8)
FN:92,(anonymous_9)
FN:93,(anonymous_10)
FN:94,(anonymous_11)
FN:95,(anonymous_12)
FN:96,(anonymous_13)
FN:98,(anonymous_14)
FN:100,(anonymous_15)
FN:105,openF1TeamColor
FN:110,getCurrentSeason
FN:115,flagEmoji
FN:120,(anonymous_19)
FN:124,(anonymous_20)
FN:172,(anonymous_21)
FN:205,(anonymous_22)
FN:220,(anonymous_23)
FN:221,(anonymous_24)
FN:222,(anonymous_25)
FN:223,(anonymous_26)
FN:224,(anonymous_27)
FN:229,(anonymous_28)
FN:230,(anonymous_29)
FN:233,(anonymous_30)
FN:234,(anonymous_31)
FN:237,(anonymous_32)
FN:254,(anonymous_33)
FN:255,(anonymous_34)
FN:270,(anonymous_35)
FN:272,(anonymous_36)
FN:273,(anonymous_37)
FNF:38
FNH:36
FNDA:9,teamColor
FNDA:13,apiSports
FNDA:13,openF1
FNDA:6,resultForEntry
FNDA:14,summariseResults
FNDA:12,(anonymous_5)
FNDA:10,(anonymous_6)
FNDA:12,(anonymous_7)
FNDA:12,(anonymous_8)
FNDA:12,(anonymous_9)
FNDA:10,(anonymous_10)
FNDA:10,(anonymous_11)
FNDA:12,(anonymous_12)
FNDA:2,(anonymous_13)
FNDA:10,(anonymous_14)
FNDA:10,(anonymous_15)
FNDA:7,openF1TeamColor
FNDA:14,getCurrentSeason
FNDA:13,flagEmoji
FNDA:20,(anonymous_19)
FNDA:5,(anonymous_20)
FNDA:4,(anonymous_21)
FNDA:9,(anonymous_22)
FNDA:8,(anonymous_23)
FNDA:1,(anonymous_24)
FNDA:5,(anonymous_25)
FNDA:0,(anonymous_26)
FNDA:3,(anonymous_27)
FNDA:4,(anonymous_28)
FNDA:1,(anonymous_29)
FNDA:6,(anonymous_30)
FNDA:1,(anonymous_31)
FNDA:6,(anonymous_32)
FNDA:6,(anonymous_33)
FNDA:7,(anonymous_34)
FNDA:5,(anonymous_35)
FNDA:2,(anonymous_36)
FNDA:0,(anonymous_37)
DA:4,9
DA:6,9
DA:7,9
DA:31,9
DA:35,13
DA:36,13
DA:37,12
DA:43,12
DA:44,11
DA:45,11
DA:48,9
DA:51,13
DA:52,13
DA:53,13
DA:54,13
DA:55,8
DA:59,6
DA:60,6
DA:61,6
DA:65,6
DA:84,14
DA:85,14
DA:86,14
DA:87,12
DA:88,12
DA:90,14
DA:92,12
DA:93,10
DA:94,10
DA:95,12
DA:96,2
DA:98,10
DA:100,10
DA:106,7
DA:107,4
DA:111,14
DA:112,13
DA:116,13
DA:117,10
DA:120,20
DA:124,9
DA:125,5
DA:126,5
DA:127,4
DA:136,4
DA:137,2
DA:141,2
DA:142,2
DA:143,2
DA:144,2
DA:153,2
DA:155,2
DA:160,2
DA:163,4
DA:164,4
DA:165,6
DA:171,6
DA:172,4
DA:175,6
DA:176,6
DA:177,6
DA:182,6
DA:199,4
DA:201,1
DA:205,9
DA:206,9
DA:207,9
DA:208,9
DA:210,9
DA:217,8
DA:219,7
DA:220,8
DA:221,1
DA:222,7
DA:223,0
DA:224,3
DA:226,7
DA:229,4
DA:230,1
DA:233,6
DA:234,1
DA:237,7
DA:238,6
DA:240,5
DA:241,5
DA:247,3
DA:250,2
DA:254,7
DA:255,7
DA:256,6
DA:258,7
DA:259,7
DA:260,7
DA:269,7
DA:270,7
DA:272,2
DA:273,0
DA:274,7
DA:275,7
DA:277,7
DA:303,1
LF:101
LH:99
BRDA:31,0,0,9
BRDA:31,0,1,2
BRDA:36,1,0,1
BRDA:36,1,1,12
BRDA:43,2,0,1
BRDA:43,2,1,11
BRDA:45,3,0,11
BRDA:45,3,1,0
BRDA:53,4,0,0
BRDA:53,4,1,13
BRDA:54,5,0,5
BRDA:54,5,1,8
BRDA:59,6,0,6
BRDA:59,6,1,3
BRDA:59,6,2,1
BRDA:60,7,0,6
BRDA:60,7,1,3
BRDA:60,7,2,0
BRDA:61,8,0,3
BRDA:61,8,1,3
BRDA:62,9,0,3
BRDA:62,9,1,3
BRDA:62,9,2,3
BRDA:63,10,0,3
BRDA:63,10,1,3
BRDA:70,11,0,6
BRDA:70,11,1,5
BRDA:75,12,0,6
BRDA:75,12,1,3
BRDA:76,13,0,6
BRDA:76,13,1,4
BRDA:77,14,0,6
BRDA:77,14,1,4
BRDA:78,15,0,1
BRDA:78,15,1,5
BRDA:78,16,0,0
BRDA:78,16,1,5
BRDA:78,17,0,0
BRDA:78,17,1,5
BRDA:78,18,0,2
BRDA:78,18,1,3
BRDA:78,19,0,3
BRDA:78,19,1,0
BRDA:79,20,0,3
BRDA:79,20,1,3
BRDA:85,21,0,10
BRDA:85,21,1,4
BRDA:92,22,0,12
BRDA:92,22,1,4
BRDA:97,23,0,2
BRDA:97,23,1,12
BRDA:98,24,0,10
BRDA:98,24,1,4
BRDA:99,25,0,10
BRDA:99,25,1,4
BRDA:106,26,0,3
BRDA:106,26,1,4
BRDA:107,27,0,0
BRDA:107,27,1,4
BRDA:112,28,0,13
BRDA:112,28,1,1
BRDA:116,29,0,3
BRDA:116,29,1,10
BRDA:116,30,0,13
BRDA:116,30,1,10
BRDA:136,31,0,2
BRDA:136,31,1,2
BRDA:143,32,0,2
BRDA:143,32,1,0
BRDA:165,33,0,6
BRDA:165,33,1,0
BRDA:171,34,0,6
BRDA:171,34,1,0
BRDA:184,35,0,4
BRDA:184,35,1,2
BRDA:190,36,0,6
BRDA:190,36,1,2
BRDA:190,36,2,2
BRDA:191,37,0,6
BRDA:191,37,1,2
BRDA:191,37,2,2
BRDA:192,38,0,6
BRDA:192,38,1,2
BRDA:193,39,0,6
BRDA:193,39,1,2
BRDA:194,40,0,6
BRDA:194,40,1,2
BRDA:195,41,0,6
BRDA:195,41,1,2
BRDA:217,42,0,1
BRDA:217,42,1,7
BRDA:220,43,0,8
BRDA:220,43,1,3
BRDA:222,44,0,7
BRDA:222,44,1,3
BRDA:227,45,0,5
BRDA:227,45,1,2
BRDA:229,46,0,4
BRDA:229,46,1,0
BRDA:233,47,0,6
BRDA:233,47,1,2
BRDA:238,48,0,1
BRDA:238,48,1,5
BRDA:243,49,0,3
BRDA:243,49,1,2
BRDA:260,50,0,5
BRDA:260,50,1,2
BRDA:264,51,0,2
BRDA:264,51,1,0
BRDA:265,52,0,2
BRDA:265,52,1,0
BRDA:266,53,0,2
BRDA:266,53,1,0
BRDA:267,54,0,2
BRDA:267,54,1,2
BRDA:270,55,0,7
BRDA:270,55,1,2
BRDA:274,56,0,7
BRDA:274,56,1,3
BRDA:274,56,2,1
BRDA:275,57,0,7
BRDA:275,57,1,3
BRDA:275,57,2,0
BRDA:275,57,3,0
BRDA:279,58,0,4
BRDA:279,58,1,3
BRDA:280,59,0,7
BRDA:280,59,1,3
BRDA:282,60,0,7
BRDA:282,60,1,3
BRDA:283,61,0,7
BRDA:283,61,1,3
BRDA:284,62,0,7
BRDA:284,62,1,3
BRDA:285,63,0,7
BRDA:285,63,1,3
BRDA:286,64,0,7
BRDA:286,64,1,3
BRDA:286,64,2,1
BRDA:288,65,0,7
BRDA:288,65,1,1
BRDA:289,66,0,7
BRDA:289,66,1,7
BRDA:290,67,0,7
BRDA:290,67,1,7
BRDA:291,68,0,7
BRDA:291,68,1,3
BRDA:291,68,2,1
BRDA:293,69,0,7
BRDA:293,69,1,3
BRDA:294,70,0,7
BRDA:294,70,1,6
BRDA:295,71,0,7
BRDA:295,71,1,6
BRDA:296,72,0,7
BRDA:296,72,1,6
BRF:156
BRH:140
end_of_record
TN:
SF:src\routes\fixtures.js
FN:9,(anonymous_0)
FN:21,(anonymous_1)
FN:23,(anonymous_2)
FN:44,(anonymous_3)
FN:77,(anonymous_4)
FNF:5
FNH:5
FNDA:2,(anonymous_0)
FNDA:1,(anonymous_1)
FNDA:2,(anonymous_2)
FNDA:3,(anonymous_3)
FNDA:2,(anonymous_4)
DA:4,9
DA:9,9
DA:10,2
DA:11,2
DA:16,1
DA:21,1
DA:23,2
DA:35,1
DA:37,1
DA:44,9
DA:45,3
DA:46,3
DA:48,3
DA:52,3
DA:53,1
DA:56,2
DA:63,1
DA:67,1
DA:77,2
DA:87,1
LF:20
LH:20
BRDA:52,0,0,1
BRDA:52,0,1,2
BRDA:82,1,0,2
BRDA:82,1,1,1
BRF:4
BRH:4
end_of_record
TN:
SF:src\routes\openf1.js
FN:8,buildResourceUrl
FN:16,fetchOpenF1Json
FN:36,sendOpenF1Failure
FN:47,fetchRequiredResource
FN:53,paceBundleRequests
FN:57,(anonymous_5)
FN:67,fetchCarDataChunked
FN:96,(anonymous_7)
FN:110,fetchBarcelonaRaceRaw
FN:176,(anonymous_9)
FN:198,(anonymous_10)
FNF:11
FNH:9
FNDA:13,buildResourceUrl
FNDA:13,fetchOpenF1Json
FNDA:0,sendOpenF1Failure
FNDA:11,fetchRequiredResource
FNDA:12,paceBundleRequests
FNDA:0,(anonymous_5)
FNDA:1,fetchCarDataChunked
FNDA:1,(anonymous_7)
FNDA:2,fetchBarcelonaRaceRaw
FNDA:1,(anonymous_9)
FNDA:2,(anonymous_10)
DA:3,11
DA:5,11
DA:6,11
DA:9,13
DA:10,13
DA:11,13
DA:13,13
DA:17,13
DA:22,13
DA:25,13
DA:26,13
DA:28,0
DA:29,0
DA:30,0
DA:33,13
DA:37,0
DA:38,0
DA:41,0
DA:42,0
DA:48,11
DA:49,11
DA:50,11
DA:56,12
DA:57,0
DA:65,11
DA:68,1
DA:69,1
DA:70,1
DA:71,1
DA:73,1
DA:75,0
DA:76,0
DA:77,0
DA:82,0
DA:83,0
DA:84,0
DA:85,0
DA:87,0
DA:90,1
DA:97,1
DA:98,1
DA:99,1
DA:111,2
DA:112,2
DA:115,2
DA:116,1
DA:119,1
DA:120,1
DA:121,1
DA:122,0
DA:127,1
DA:139,1
DA:144,1
DA:145,9
DA:146,9
DA:147,9
DA:148,0
DA:150,9
DA:155,1
DA:156,1
DA:163,1
DA:164,1
DA:167,1
DA:168,0
DA:170,1
DA:173,1
DA:176,1
DA:177,1
DA:180,1
DA:181,1
DA:182,1
DA:185,1
DA:186,0
DA:188,1
DA:190,0
DA:193,1
DA:198,11
DA:199,2
DA:200,2
DA:201,1
DA:202,1
DA:204,1
DA:205,1
DA:207,0
LF:84
LH:62
BRDA:8,0,0,0
BRDA:11,1,0,13
BRDA:11,1,1,0
BRDA:37,2,0,0
BRDA:37,2,1,0
BRDA:41,3,0,0
BRDA:41,3,1,0
BRDA:43,4,0,0
BRDA:43,4,1,0
BRDA:49,5,0,0
BRDA:49,5,1,11
BRDA:56,6,0,0
BRDA:56,6,1,12
BRDA:83,7,0,0
BRDA:83,7,1,0
BRDA:84,8,0,0
BRDA:84,8,1,0
BRDA:115,9,0,1
BRDA:115,9,1,1
BRDA:120,10,0,0
BRDA:120,10,1,1
BRDA:121,11,0,0
BRDA:121,11,1,1
BRDA:121,12,0,1
BRDA:121,12,1,0
BRDA:147,13,0,0
BRDA:147,13,1,9
BRDA:147,14,0,9
BRDA:147,14,1,9
BRDA:150,15,0,0
BRDA:150,15,1,9
BRDA:167,16,0,0
BRDA:167,16,1,1
BRDA:167,17,0,1
BRDA:167,17,1,1
BRDA:170,18,0,0
BRDA:170,18,1,1
BRDA:173,19,0,0
BRDA:173,19,1,1
BRDA:180,20,0,1
BRDA:180,20,1,0
BRDA:185,21,0,0
BRDA:185,21,1,1
BRDA:185,22,0,1
BRDA:185,22,1,1
BRDA:188,23,0,0
BRDA:188,23,1,1
BRDA:204,24,0,1
BRDA:204,24,1,0
BRF:49
BRH:23
end_of_record
TN:
SF:src\routes\overview.js
FN:10,(anonymous_0)
FN:38,(anonymous_1)
FN:53,(anonymous_2)
FNF:3
FNH:3
FNDA:4,(anonymous_0)
FNDA:1,(anonymous_1)
FNDA:1,(anonymous_2)
DA:4,9
DA:8,9
DA:10,9
DA:11,4
DA:13,4
DA:25,3
DA:26,3
DA:28,3
DA:29,3
DA:31,3
DA:32,1
DA:38,1
DA:47,1
DA:53,1
DA:62,3
DA:67,3
DA:68,3
DA:69,1
DA:77,3
DA:83,3
DA:103,1
LF:21
LH:21
BRDA:26,0,0,3
BRDA:26,0,1,2
BRDA:31,1,0,1
BRDA:31,1,1,2
BRDA:68,2,0,1
BRDA:68,2,1,2
BRDA:86,3,0,1
BRDA:86,3,1,2
BRF:8
BRH:8
end_of_record
TN:
SF:src\routes\statistics.js
FN:6,sessionLabel
FN:13,getSeasonRows
FN:21,(anonymous_2)
FN:33,(anonymous_3)
FN:37,(anonymous_4)
FN:38,(anonymous_5)
FN:56,getCareerRows
FN:91,(anonymous_7)
FN:93,(anonymous_8)
FN:97,(anonymous_9)
FN:98,(anonymous_10)
FN:108,(anonymous_11)
FN:114,getFixtureRows
FN:121,(anonymous_13)
FN:132,(anonymous_14)
FN:139,(anonymous_15)
FN:151,(anonymous_16)
FN:168,(anonymous_17)
FN:171,(anonymous_18)
FNF:19
FNH:18
FNDA:2,sessionLabel
FNDA:1,getSeasonRows
FNDA:1,(anonymous_2)
FNDA:1,(anonymous_3)
FNDA:1,(anonymous_4)
FNDA:1,(anonymous_5)
FNDA:1,getCareerRows
FNDA:1,(anonymous_7)
FNDA:1,(anonymous_8)
FNDA:2,(anonymous_9)
FNDA:2,(anonymous_10)
FNDA:0,(anonymous_11)
FNDA:1,getFixtureRows
FNDA:2,(anonymous_13)
FNDA:1,(anonymous_14)
FNDA:4,(anonymous_15)
FNDA:2,(anonymous_16)
FNDA:1,(anonymous_17)
FNDA:1,(anonymous_18)
DA:4,9
DA:7,2
DA:14,1
DA:19,1
DA:21,1
DA:22,1
DA:27,1
DA:28,1
DA:29,1
DA:30,1
DA:33,1
DA:34,1
DA:35,1
DA:36,1
DA:37,1
DA:38,1
DA:40,1
DA:57,1
DA:58,1
DA:60,1
DA:61,1
DA:62,2
DA:63,1
DA:72,2
DA:73,2
DA:74,2
DA:75,2
DA:76,2
DA:79,1
DA:80,1
DA:85,1
DA:86,1
DA:87,2
DA:88,2
DA:91,1
DA:92,1
DA:93,1
DA:95,1
DA:96,1
DA:97,2
DA:98,2
DA:100,1
DA:108,1
DA:109,1
DA:115,1
DA:120,1
DA:121,2
DA:133,1
DA:134,1
DA:135,1
DA:139,9
DA:140,4
DA:141,4
DA:145,4
DA:146,2
DA:151,2
DA:152,1
DA:153,1
DA:154,1
DA:157,2
DA:158,1
DA:159,1
DA:163,1
DA:168,1
DA:169,1
DA:170,1
DA:171,1
DA:173,1
DA:181,1
LF:69
LH:69
BRDA:19,0,0,0
BRDA:19,0,1,1
BRDA:29,1,0,1
BRDA:29,1,1,0
BRDA:34,2,0,1
BRDA:34,2,1,0
BRDA:35,3,0,1
BRDA:35,3,1,0
BRDA:43,4,0,1
BRDA:43,4,1,0
BRDA:47,5,0,1
BRDA:47,5,1,0
BRDA:58,6,0,0
BRDA:58,6,1,1
BRDA:62,7,0,1
BRDA:62,7,1,1
BRDA:87,8,0,1
BRDA:87,8,1,1
BRDA:92,9,0,1
BRDA:92,9,1,0
BRDA:95,10,0,1
BRDA:95,10,1,0
BRDA:102,11,0,1
BRDA:102,11,1,0
BRDA:103,12,0,1
BRDA:103,12,1,0
BRDA:125,13,0,2
BRDA:125,13,1,0
BRDA:126,14,0,2
BRDA:126,14,1,0
BRDA:127,15,0,2
BRDA:127,15,1,0
BRDA:128,16,0,2
BRDA:128,16,1,0
BRDA:129,17,0,2
BRDA:129,17,1,0
BRDA:130,18,0,2
BRDA:130,18,1,0
BRDA:133,19,0,0
BRDA:133,19,1,1
BRDA:134,20,0,0
BRDA:134,20,1,1
BRDA:141,21,0,4
BRDA:141,21,1,0
BRDA:145,22,0,2
BRDA:145,22,1,2
BRDA:152,23,0,0
BRDA:152,23,1,1
BRDA:152,24,0,1
BRDA:152,24,1,0
BRDA:153,25,0,1
BRDA:153,25,1,0
BRDA:157,26,0,1
BRDA:157,26,1,1
BRDA:169,27,0,1
BRDA:169,27,1,0
BRDA:169,27,2,0
BRDA:170,28,0,1
BRDA:170,28,1,0
BRDA:171,29,0,1
BRDA:171,29,1,0
BRDA:176,30,0,1
BRDA:176,30,1,0
BRF:63
BRH:35
end_of_record
TN:
SF:src\routes\teams.js
FN:61,teamColor
FN:65,teamKey
FN:70,initials
FN:73,(anonymous_3)
FN:79,openF1TeamColor
FN:84,apiSports
FN:100,apiSportsOrEmpty
FN:110,openF1
FN:118,getCurrentSeason
FN:123,apiTeamForName
FN:124,(anonymous_10)
FN:127,isResultSession
FN:131,fetchResultsBySession
FN:134,(anonymous_13)
FN:135,(anonymous_14)
FN:138,(anonymous_15)
FN:141,(anonymous_16)
FN:152,fetchLatestTeamProfiles
FN:154,(anonymous_18)
FN:155,(anonymous_19)
FN:160,(anonymous_20)
FN:166,resultForEntry
FN:187,deriveTeamStats
FN:190,(anonymous_23)
FN:192,(anonymous_24)
FN:196,(anonymous_25)
FN:197,(anonymous_26)
FN:198,(anonymous_27)
FN:200,(anonymous_28)
FN:205,fetchTeamGallery
FN:225,(anonymous_30)
FN:227,(anonymous_31)
FN:232,(anonymous_32)
FN:235,serializeTeam
FN:248,(anonymous_34)
FN:268,(anonymous_35)
FN:276,(anonymous_36)
FN:280,(anonymous_37)
FN:288,(anonymous_38)
FN:314,(anonymous_39)
FN:320,(anonymous_40)
FN:324,(anonymous_41)
FNF:42
FNH:0
FNDA:0,teamColor
FNDA:0,teamKey
FNDA:0,initials
FNDA:0,(anonymous_3)
FNDA:0,openF1TeamColor
FNDA:0,apiSports
FNDA:0,apiSportsOrEmpty
FNDA:0,openF1
FNDA:0,getCurrentSeason
FNDA:0,apiTeamForName
FNDA:0,(anonymous_10)
FNDA:0,isResultSession
FNDA:0,fetchResultsBySession
FNDA:0,(anonymous_13)
FNDA:0,(anonymous_14)
FNDA:0,(anonymous_15)
FNDA:0,(anonymous_16)
FNDA:0,fetchLatestTeamProfiles
FNDA:0,(anonymous_18)
FNDA:0,(anonymous_19)
FNDA:0,(anonymous_20)
FNDA:0,resultForEntry
FNDA:0,deriveTeamStats
FNDA:0,(anonymous_23)
FNDA:0,(anonymous_24)
FNDA:0,(anonymous_25)
FNDA:0,(anonymous_26)
FNDA:0,(anonymous_27)
FNDA:0,(anonymous_28)
FNDA:0,fetchTeamGallery
FNDA:0,(anonymous_30)
FNDA:0,(anonymous_31)
FNDA:0,(anonymous_32)
FNDA:0,serializeTeam
FNDA:0,(anonymous_34)
FNDA:0,(anonymous_35)
FNDA:0,(anonymous_36)
FNDA:0,(anonymous_37)
FNDA:0,(anonymous_38)
FNDA:0,(anonymous_39)
FNDA:0,(anonymous_40)
FNDA:0,(anonymous_41)
DA:4,9
DA:6,9
DA:7,9
DA:8,9
DA:9,9
DA:13,9
DA:37,9
DA:62,0
DA:66,0
DA:67,0
DA:71,0
DA:73,0
DA:80,0
DA:81,0
DA:85,0
DA:86,0
DA:88,0
DA:94,0
DA:96,0
DA:97,0
DA:101,0
DA:102,0
DA:106,0
DA:111,0
DA:112,0
DA:113,0
DA:114,0
DA:115,0
DA:119,0
DA:120,0
DA:124,0
DA:128,0
DA:132,0
DA:134,0
DA:135,0
DA:138,0
DA:139,0
DA:140,0
DA:141,0
DA:145,0
DA:149,0
DA:153,0
DA:154,0
DA:155,0
DA:156,0
DA:158,0
DA:159,0
DA:160,0
DA:162,0
DA:167,0
DA:171,0
DA:172,0
DA:179,0
DA:180,0
DA:188,0
DA:190,0
DA:192,0
DA:194,0
DA:196,0
DA:197,0
DA:198,0
DA:200,0
DA:206,0
DA:208,0
DA:220,0
DA:221,0
DA:223,0
DA:224,0
DA:225,0
DA:227,0
DA:232,0
DA:236,0
DA:248,9
DA:249,0
DA:250,0
DA:251,0
DA:268,0
DA:269,0
DA:275,0
DA:277,0
DA:278,0
DA:280,0
DA:282,0
DA:284,0
DA:288,9
DA:289,0
DA:290,0
DA:291,0
DA:304,0
DA:306,0
DA:311,0
DA:312,0
DA:313,0
DA:314,0
DA:320,0
DA:321,0
DA:322,0
DA:324,0
DA:326,0
DA:346,0
LF:100
LH:9
BRDA:62,0,0,0
BRDA:62,0,1,0
BRDA:66,1,0,0
BRDA:66,1,1,0
BRDA:67,2,0,0
BRDA:67,2,1,0
BRDA:80,3,0,0
BRDA:80,3,1,0
BRDA:81,4,0,0
BRDA:81,4,1,0
BRDA:86,5,0,0
BRDA:86,5,1,0
BRDA:94,6,0,0
BRDA:94,6,1,0
BRDA:97,7,0,0
BRDA:97,7,1,0
BRDA:113,8,0,0
BRDA:113,8,1,0
BRDA:114,9,0,0
BRDA:114,9,1,0
BRDA:120,10,0,0
BRDA:120,10,1,0
BRDA:124,11,0,0
BRDA:124,11,1,0
BRDA:128,12,0,0
BRDA:128,12,1,0
BRDA:134,13,0,0
BRDA:134,13,1,0
BRDA:156,14,0,0
BRDA:156,14,1,0
BRDA:167,15,0,0
BRDA:167,15,1,0
BRDA:171,16,0,0
BRDA:171,16,1,0
BRDA:173,17,0,0
BRDA:173,17,1,0
BRDA:174,18,0,0
BRDA:174,18,1,0
BRDA:175,19,0,0
BRDA:175,19,1,0
BRDA:175,19,2,0
BRDA:179,20,0,0
BRDA:179,20,1,0
BRDA:181,21,0,0
BRDA:181,21,1,0
BRDA:182,22,0,0
BRDA:182,22,1,0
BRDA:199,23,0,0
BRDA:199,23,1,0
BRDA:206,24,0,0
BRDA:206,24,1,0
BRDA:221,25,0,0
BRDA:221,25,1,0
BRDA:224,26,0,0
BRDA:224,26,1,0
BRDA:225,27,0,0
BRDA:225,27,1,0
BRDA:229,28,0,0
BRDA:229,28,1,0
BRDA:229,28,2,0
BRDA:238,29,0,0
BRDA:238,29,1,0
BRDA:240,30,0,0
BRDA:240,30,1,0
BRDA:241,31,0,0
BRDA:241,31,1,0
BRDA:280,32,0,0
BRDA:280,32,1,0
BRDA:280,32,2,0
BRDA:304,33,0,0
BRDA:304,33,1,0
BRDA:322,34,0,0
BRDA:322,34,1,0
BRDA:328,35,0,0
BRDA:328,35,1,0
BRDA:329,36,0,0
BRDA:329,36,1,0
BRDA:330,37,0,0
BRDA:330,37,1,0
BRDA:331,38,0,0
BRDA:331,38,1,0
BRDA:332,39,0,0
BRDA:332,39,1,0
BRDA:333,40,0,0
BRDA:333,40,1,0
BRDA:334,41,0,0
BRDA:334,41,1,0
BRDA:335,42,0,0
BRDA:335,42,1,0
BRDA:336,43,0,0
BRDA:336,43,1,0
BRDA:337,44,0,0
BRDA:337,44,1,0
BRDA:338,45,0,0
BRDA:338,45,1,0
BRDA:339,46,0,0
BRDA:339,46,1,0
BRF:97
BRH:0
end_of_record
TN:
SF:src\routes\timetravel.js
FN:7,sessionLabel
FN:17,(anonymous_1)
FN:24,(anonymous_2)
FN:32,(anonymous_3)
FN:43,(anonymous_4)
FN:53,(anonymous_5)
FN:76,(anonymous_6)
FN:95,(anonymous_7)
FN:123,(anonymous_8)
FN:142,(anonymous_9)
FNF:10
FNH:10
FNDA:2,sessionLabel
FNDA:4,(anonymous_1)
FNDA:1,(anonymous_2)
FNDA:1,(anonymous_3)
FNDA:2,(anonymous_4)
FNDA:1,(anonymous_5)
FNDA:3,(anonymous_6)
FNDA:2,(anonymous_7)
FNDA:8,(anonymous_8)
FNDA:5,(anonymous_9)
DA:5,9
DA:8,2
DA:17,9
DA:18,4
DA:19,4
DA:24,3
DA:26,3
DA:27,3
DA:28,1
DA:32,2
DA:34,2
DA:35,1
DA:38,1
DA:43,2
DA:49,1
DA:53,1
DA:59,1
DA:66,1
DA:76,9
DA:77,3
DA:78,3
DA:79,3
DA:81,2
DA:85,1
DA:87,1
DA:92,1
DA:95,2
DA:105,1
DA:123,9
DA:124,8
DA:125,8
DA:126,8
DA:127,3
DA:129,5
DA:130,5
DA:131,1
DA:134,4
DA:142,3
DA:143,5
DA:144,4
DA:145,3
DA:148,3
DA:149,3
DA:151,1
LF:44
LH:44
BRDA:26,0,0,3
BRDA:26,0,1,1
BRDA:26,0,2,1
BRDA:27,1,0,1
BRDA:27,1,1,2
BRDA:32,2,0,2
BRDA:32,2,1,1
BRDA:34,3,0,1
BRDA:34,3,1,1
BRDA:45,4,0,2
BRDA:45,4,1,0
BRDA:79,5,0,1
BRDA:79,5,1,2
BRDA:85,6,0,0
BRDA:85,6,1,1
BRDA:126,7,0,3
BRDA:126,7,1,5
BRDA:126,8,0,8
BRDA:126,8,1,7
BRDA:126,8,2,6
BRDA:130,9,0,1
BRDA:130,9,1,4
BRDA:143,10,0,1
BRDA:143,10,1,4
BRDA:144,11,0,1
BRDA:144,11,1,3
BRDA:144,12,0,4
BRDA:144,12,1,2
BRF:28
BRH:26
end_of_record
TN:
SF:src\routes\videos.js
FN:38,formatViewCount
FN:45,fetchYouTube
FN:62,getPopularFromYouTube
FN:79,(anonymous_3)
FN:94,(anonymous_4)
FN:112,(anonymous_5)
FN:126,(anonymous_6)
FNF:7
FNH:7
FNDA:3,formatViewCount
FNDA:6,fetchYouTube
FNDA:6,getPopularFromYouTube
FNDA:3,(anonymous_3)
FNDA:3,(anonymous_4)
FNDA:6,(anonymous_5)
FNDA:19,(anonymous_6)
DA:3,9
DA:11,9
DA:12,9
DA:15,9
DA:39,3
DA:40,3
DA:41,2
DA:42,1
DA:46,6
DA:47,6
DA:48,6
DA:49,6
DA:50,1
DA:52,5
DA:63,6
DA:64,6
DA:65,6
DA:67,4
DA:68,4
DA:78,3
DA:79,3
DA:81,3
DA:83,2
DA:89,2
DA:90,2
DA:91,3
DA:94,2
DA:95,3
DA:96,3
DA:97,3
DA:98,3
DA:104,3
DA:112,9
DA:113,6
DA:114,6
DA:115,6
DA:116,6
DA:119,1
DA:120,1
DA:123,6
DA:124,6
DA:126,19
DA:136,6
DA:138,0
LF:44
LH:43
BRDA:39,0,0,0
BRDA:39,0,1,3
BRDA:40,1,0,1
BRDA:40,1,1,2
BRDA:41,2,0,1
BRDA:41,2,1,1
BRDA:49,3,0,1
BRDA:49,3,1,5
BRDA:64,4,0,4
BRDA:64,4,1,2
BRDA:64,5,0,6
BRDA:64,5,1,5
BRDA:65,6,0,2
BRDA:65,6,1,4
BRDA:78,7,0,3
BRDA:78,7,1,0
BRDA:81,8,0,1
BRDA:81,8,1,2
BRDA:90,9,0,2
BRDA:90,9,1,0
BRDA:96,10,0,3
BRDA:96,10,1,0
BRDA:97,11,0,3
BRDA:97,11,1,0
BRDA:100,12,0,3
BRDA:100,12,1,0
BRDA:106,13,0,3
BRDA:106,13,1,0
BRDA:107,14,0,3
BRDA:107,14,1,0
BRDA:123,15,0,3
BRDA:123,15,1,3
BRDA:124,16,0,2
BRDA:124,16,1,4
BRDA:124,17,0,6
BRDA:124,17,1,3
BRF:36
BRH:28
end_of_record
TN:
SF:src\routes\watchLive.js
FN:14,getBarcelonaOpenF1Data
FN:23,(anonymous_1)
FN:199,interpolateTimestamp
FN:208,mapBarcelonaVideoTime
FN:214,(anonymous_4)
FN:222,(anonymous_5)
FN:243,recordsWithinTimestampRange
FN:247,(anonymous_7)
FN:255,buildBarcelonaOpenF1Chunks
FN:256,(anonymous_9)
FN:261,(anonymous_10)
FN:279,(anonymous_11)
FN:288,latestRecordsByDriver
FN:298,latestRecord
FN:299,(anonymous_14)
FN:304,normalizeDriver
FN:312,createBarcelonaWatchLiveState
FN:316,(anonymous_17)
FN:319,(anonymous_18)
FN:325,(anonymous_19)
FN:329,(anonymous_20)
FN:330,(anonymous_21)
FN:339,(anonymous_22)
FN:342,(anonymous_23)
FN:364,(anonymous_24)
FN:366,(anonymous_25)
FN:374,(anonymous_26)
FN:379,getBarcelonaCachedState
FN:391,createBarcelonaWatchLiveBuffer
FN:409,(anonymous_29)
FNF:30
FNH:26
FNDA:0,getBarcelonaOpenF1Data
FNDA:0,(anonymous_1)
FNDA:40,interpolateTimestamp
FNDA:40,mapBarcelonaVideoTime
FNDA:106,(anonymous_4)
FNDA:51,(anonymous_5)
FNDA:112,recordsWithinTimestampRange
FNDA:52,(anonymous_7)
FNDA:4,buildBarcelonaOpenF1Chunks
FNDA:16,(anonymous_9)
FNDA:112,(anonymous_10)
FNDA:1808,(anonymous_11)
FNDA:15,latestRecordsByDriver
FNDA:5,latestRecord
FNDA:1,(anonymous_14)
FNDA:2,normalizeDriver
FNDA:5,createBarcelonaWatchLiveState
FNDA:10,(anonymous_17)
FNDA:2,(anonymous_18)
FNDA:2,(anonymous_19)
FNDA:0,(anonymous_20)
FNDA:2,(anonymous_21)
FNDA:2,(anonymous_22)
FNDA:2,(anonymous_23)
FNDA:1,(anonymous_24)
FNDA:1,(anonymous_25)
FNDA:210,(anonymous_26)
FNDA:5,getBarcelonaCachedState
FNDA:1,createBarcelonaWatchLiveBuffer
FNDA:0,(anonymous_29)
DA:5,11
DA:9,11
DA:10,11
DA:11,11
DA:12,11
DA:15,0
DA:16,0
DA:17,0
DA:20,0
DA:23,11
DA:24,0
DA:25,0
DA:26,0
DA:28,0
DA:34,11
DA:153,11
DA:200,40
DA:201,40
DA:202,40
DA:205,40
DA:209,40
DA:210,0
DA:213,40
DA:214,40
DA:215,106
DA:216,106
DA:219,40
DA:221,40
DA:222,51
DA:223,40
DA:224,40
DA:226,40
DA:233,11
DA:244,112
DA:245,112
DA:247,112
DA:248,52
DA:249,52
DA:256,4
DA:257,16
DA:258,16
DA:259,16
DA:260,16
DA:261,112
DA:272,16
DA:280,1808
DA:289,15
DA:290,15
DA:291,5
DA:292,5
DA:295,15
DA:299,5
DA:300,1
DA:305,2
DA:313,5
DA:314,5
DA:316,10
DA:317,5
DA:318,5
DA:319,2
DA:321,5
DA:322,5
DA:324,5
DA:325,5
DA:326,5
DA:328,5
DA:329,0
DA:330,2
DA:338,5
DA:339,2
DA:341,5
DA:342,2
DA:345,5
DA:364,1
DA:366,1
DA:374,210
DA:380,5
DA:381,5
DA:383,5
DA:384,3
DA:385,3
DA:388,5
DA:392,1
DA:393,1
DA:394,1
DA:395,1
DA:397,1
DA:398,3
DA:401,1
DA:409,11
DA:410,0
DA:411,0
DA:412,0
DA:413,0
DA:416,0
DA:418,0
DA:419,0
DA:424,0
DA:425,0
DA:428,0
DA:430,0
DA:435,0
DA:436,0
DA:437,0
DA:438,0
DA:441,0
DA:443,0
LF:107
LH:80
BRDA:15,0,0,0
BRDA:15,0,1,0
BRDA:209,1,0,0
BRDA:209,1,1,40
BRDA:216,2,0,106
BRDA:216,2,1,106
BRDA:216,2,2,70
BRDA:216,2,3,4
BRDA:219,3,0,0
BRDA:219,3,1,40
BRDA:229,4,0,40
BRDA:229,4,1,40
BRDA:249,5,0,52
BRDA:249,5,1,52
BRDA:249,5,2,28
BRDA:249,5,3,16
BRDA:249,5,4,1
BRDA:264,6,0,100
BRDA:264,6,1,12
BRDA:278,7,0,16
BRDA:278,7,1,16
BRDA:280,8,0,1808
BRDA:280,8,1,924
BRDA:280,8,2,476
BRDA:291,9,0,5
BRDA:291,9,1,0
BRDA:300,10,0,1
BRDA:300,10,1,0
BRDA:307,11,0,2
BRDA:307,11,1,0
BRDA:307,11,2,0
BRDA:308,12,0,2
BRDA:308,12,1,0
BRDA:314,13,0,0
BRDA:314,13,1,5
BRDA:319,14,0,5
BRDA:319,14,1,0
BRDA:332,15,0,2
BRDA:332,15,1,0
BRDA:333,16,0,2
BRDA:333,16,1,0
BRDA:334,17,0,2
BRDA:334,17,1,0
BRDA:335,18,0,2
BRDA:335,18,1,1
BRDA:338,19,0,5
BRDA:338,19,1,0
BRDA:350,20,0,5
BRDA:350,20,1,3
BRDA:351,21,0,5
BRDA:351,21,1,3
BRDA:356,22,0,1
BRDA:356,22,1,4
BRDA:357,23,0,1
BRDA:357,23,1,0
BRDA:358,24,0,1
BRDA:358,24,1,0
BRDA:359,25,0,1
BRDA:359,25,1,0
BRDA:360,26,0,1
BRDA:360,26,1,0
BRDA:361,27,0,1
BRDA:361,27,1,0
BRDA:368,28,0,1
BRDA:368,28,1,0
BRDA:369,29,0,1
BRDA:369,29,1,0
BRDA:370,30,0,1
BRDA:370,30,1,0
BRDA:371,31,0,1
BRDA:371,31,1,0
BRDA:379,32,0,0
BRDA:383,33,0,3
BRDA:383,33,1,2
BRDA:411,34,0,0
BRDA:411,34,1,0
BRDA:411,35,0,0
BRDA:411,35,1,0
BRDA:412,36,0,0
BRDA:412,36,1,0
BRDA:418,37,0,0
BRDA:418,37,1,0
BRDA:425,38,0,0
BRDA:425,38,1,0
BRDA:428,39,0,0
BRDA:428,39,1,0
BRDA:428,40,0,0
BRDA:428,40,1,0
BRDA:428,40,2,0
BRDA:428,40,3,0
BRDA:437,41,0,0
BRDA:437,41,1,0
BRF:92
BRH:49
end_of_record
