TN:
SF:src\app.js
FN:16,createApp
FN:27,(anonymous_1)
FN:33,(anonymous_2)
FN:48,(anonymous_3)
FN:51,(anonymous_4)
FN:68,(anonymous_5)
FN:74,(anonymous_6)
FNF:7
FNH:7
FNDA:82,createApp
FNDA:83,(anonymous_1)
FNDA:87,(anonymous_2)
FNDA:3,(anonymous_3)
FNDA:1,(anonymous_4)
FNDA:1,(anonymous_5)
FNDA:9,(anonymous_6)
DA:17,82
DA:25,82
DA:27,83
DA:29,82
DA:31,82
DA:34,87
DA:35,3
DA:36,2
DA:37,0
DA:42,82
DA:45,82
DA:48,82
DA:49,3
DA:51,82
DA:52,1
DA:55,82
DA:56,82
DA:57,82
DA:58,82
DA:59,82
DA:60,82
DA:61,82
DA:62,82
DA:63,82
DA:64,82
DA:65,82
DA:68,82
DA:69,1
DA:74,82
DA:75,9
DA:76,9
DA:79,82
LF:32
LH:31
BRDA:25,0,0,82
BRDA:25,0,1,79
BRDA:29,1,0,82
BRDA:29,1,1,81
BRDA:34,2,0,84
BRDA:34,2,1,3
BRDA:35,3,0,1
BRDA:35,3,1,2
BRDA:36,4,0,2
BRDA:36,4,1,0
BRF:10
BRH:9
end_of_record
TN:
SF:src\derivation\db.js
FN:18,deriveSessionStats
FN:38,getClassification
FN:51,deriveDriverCareerStats
FN:75,deriveTeamSeasonStats
FN:104,deriveHeadToHead
FN:114,(anonymous_5)
FN:116,(anonymous_6)
FN:117,(anonymous_7)
FN:123,(anonymous_8)
FNF:9
FNH:0
FNDA:0,deriveSessionStats
FNDA:0,getClassification
FNDA:0,deriveDriverCareerStats
FNDA:0,deriveTeamSeasonStats
FNDA:0,deriveHeadToHead
FNDA:0,(anonymous_5)
FNDA:0,(anonymous_6)
FNDA:0,(anonymous_7)
FNDA:0,(anonymous_8)
DA:15,0
DA:19,0
DA:21,0
DA:22,0
DA:25,0
DA:27,0
DA:34,0
DA:39,0
DA:42,0
DA:43,0
DA:52,0
DA:59,0
DA:60,0
DA:61,0
DA:62,0
DA:65,0
DA:67,0
DA:76,0
DA:83,0
DA:84,0
DA:85,0
DA:86,0
DA:89,0
DA:91,0
DA:105,0
DA:114,0
DA:115,0
DA:116,0
DA:117,0
DA:119,0
DA:120,0
DA:121,0
DA:122,0
DA:123,0
DA:124,0
DA:128,0
DA:129,0
DA:132,0
DA:134,0
LF:39
LH:0
BRDA:42,0,0,0
BRDA:42,0,1,0
BRDA:44,1,0,0
BRDA:44,1,1,0
BRDA:45,2,0,0
BRDA:45,2,1,0
BRDA:46,3,0,0
BRDA:46,3,1,0
BRDA:62,4,0,0
BRDA:62,4,1,0
BRDA:86,5,0,0
BRDA:86,5,1,0
BRDA:128,6,0,0
BRDA:128,6,1,0
BRDA:129,7,0,0
BRDA:129,7,1,0
BRF:16
BRH:0
end_of_record
TN:
SF:src\derivation\index.js
FN:18,runDerivationForSession
FN:33,(anonymous_1)
FN:34,(anonymous_2)
FNF:3
FNH:0
FNDA:0,runDerivationForSession
FNDA:0,(anonymous_1)
FNDA:0,(anonymous_2)
DA:19,0
DA:20,0
DA:22,0
DA:30,0
DA:32,0
DA:33,0
DA:34,0
DA:36,0
DA:37,0
DA:39,0
DA:40,0
DA:47,0
DA:48,0
DA:49,0
DA:50,0
DA:52,0
DA:53,0
DA:54,0
DA:55,0
DA:56,0
LF:20
LH:0
BRDA:20,0,0,0
BRDA:20,0,1,0
BRDA:30,1,0,0
BRDA:30,1,1,0
BRDA:30,2,0,0
BRDA:30,2,1,0
BRDA:49,3,0,0
BRDA:49,3,1,0
BRF:8
BRH:0
end_of_record
TN:
SF:src\derivation\pure.js
FN:13,computeSessionStatsForEntry
FN:14,(anonymous_1)
FN:15,(anonymous_2)
FN:17,(anonymous_3)
FN:18,(anonymous_4)
FN:22,(anonymous_5)
FN:25,(anonymous_6)
FN:27,(anonymous_7)
FN:31,(anonymous_8)
FN:37,(anonymous_9)
FN:59,computeCareerAggregate
FN:60,(anonymous_11)
FN:62,(anonymous_12)
FN:64,(anonymous_13)
FN:65,(anonymous_14)
FN:70,computeSeasonAggregate
FN:81,computeHeadToHead
FNF:17
FNH:17
FNDA:9,computeSessionStatsForEntry
FNDA:13,(anonymous_1)
FNDA:4,(anonymous_2)
FNDA:3,(anonymous_3)
FNDA:3,(anonymous_4)
FNDA:3,(anonymous_5)
FNDA:13,(anonymous_6)
FNDA:2,(anonymous_7)
FNDA:13,(anonymous_8)
FNDA:12,(anonymous_9)
FNDA:3,computeCareerAggregate
FNDA:5,(anonymous_11)
FNDA:5,(anonymous_12)
FNDA:5,(anonymous_13)
FNDA:5,(anonymous_14)
FNDA:2,computeSeasonAggregate
FNDA:2,computeHeadToHead
DA:14,13
DA:15,9
DA:16,9
DA:17,3
DA:18,3
DA:20,9
DA:21,9
DA:22,3
DA:25,13
DA:26,9
DA:27,2
DA:31,13
DA:32,9
DA:33,9
DA:37,12
DA:38,9
DA:41,9
DA:45,9
DA:60,5
DA:61,3
DA:62,5
DA:64,5
DA:65,5
DA:66,3
DA:71,2
DA:72,2
DA:73,2
DA:74,2
DA:82,2
DA:83,2
DA:84,2
DA:86,2
DA:87,5
DA:88,5
DA:89,5
DA:90,4
DA:91,4
DA:92,1
DA:95,2
LF:39
LH:39
BRDA:20,0,0,2
BRDA:20,0,1,7
BRDA:21,1,0,2
BRDA:21,1,1,7
BRDA:27,2,0,2
BRDA:27,2,1,0
BRDA:32,3,0,9
BRDA:32,3,1,4
BRDA:33,4,0,9
BRDA:33,4,1,4
BRDA:38,5,0,9
BRDA:38,5,1,8
BRDA:41,6,0,1
BRDA:41,6,1,8
BRDA:41,7,0,9
BRDA:41,7,1,1
BRDA:62,8,0,5
BRDA:62,8,1,3
BRDA:64,9,0,5
BRDA:64,9,1,2
BRDA:73,10,0,1
BRDA:73,10,1,1
BRDA:89,11,0,1
BRDA:89,11,1,4
BRDA:89,12,0,5
BRDA:89,12,1,4
BRDA:89,12,2,4
BRDA:91,13,0,3
BRDA:91,13,1,1
BRF:29
BRH:28
end_of_record
TN:
SF:src\jobs\backfill-derivation.js
FN:27,main
FN:52,(anonymous_1)
FN:56,(anonymous_2)
FNF:3
FNH:0
FNDA:0,main
FNDA:0,(anonymous_1)
FNDA:0,(anonymous_2)
DA:20,0
DA:22,0
DA:24,0
DA:25,0
DA:28,0
DA:39,0
DA:41,0
DA:42,0
DA:45,0
DA:48,0
DA:51,0
DA:53,0
DA:54,0
DA:56,0
LF:14
LH:0
BRF:0
BRH:0
end_of_record
TN:
SF:src\jobs\openf1-sync.js
FN:48,sleep
FN:49,(anonymous_1)
FN:52,fetchOpenF1
FN:75,mapSessionType
FN:94,mapFlag
FN:117,syncDimensions
FN:215,resolveGridSessionKey
FN:221,(anonymous_7)
FN:224,(anonymous_8)
FN:239,collectEvents
FN:243,(anonymous_10)
FN:247,(anonymous_11)
FN:338,(anonymous_12)
FN:449,syncSession
FN:469,(anonymous_14)
FN:483,(anonymous_15)
FN:523,(anonymous_16)
FN:527,(anonymous_17)
FNF:18
FNH:0
FNDA:0,sleep
FNDA:0,(anonymous_1)
FNDA:0,fetchOpenF1
FNDA:0,mapSessionType
FNDA:0,mapFlag
FNDA:0,syncDimensions
FNDA:0,resolveGridSessionKey
FNDA:0,(anonymous_7)
FNDA:0,(anonymous_8)
FNDA:0,collectEvents
FNDA:0,(anonymous_10)
FNDA:0,(anonymous_11)
FNDA:0,(anonymous_12)
FNDA:0,syncSession
FNDA:0,(anonymous_14)
FNDA:0,(anonymous_15)
FNDA:0,(anonymous_16)
FNDA:0,(anonymous_17)
DA:36,0
DA:42,0
DA:44,0
DA:45,0
DA:46,0
DA:49,0
DA:53,0
DA:54,0
DA:55,0
DA:56,0
DA:58,0
DA:59,0
DA:60,0
DA:62,0
DA:66,0
DA:68,0
DA:69,0
DA:71,0
DA:72,0
DA:76,0
DA:86,0
DA:87,0
DA:88,0
DA:89,0
DA:91,0
DA:95,0
DA:96,0
DA:108,0
DA:118,0
DA:119,0
DA:121,0
DA:122,0
DA:124,0
DA:139,0
DA:156,0
DA:175,0
DA:176,0
DA:177,0
DA:183,0
DA:189,0
DA:195,0
DA:198,0
DA:216,0
DA:218,0
DA:219,0
DA:221,0
DA:222,0
DA:224,0
DA:227,0
DA:228,0
DA:229,0
DA:231,0
DA:240,0
DA:241,0
DA:243,0
DA:244,0
DA:247,0
DA:250,0
DA:251,0
DA:252,0
DA:253,0
DA:254,0
DA:256,0
DA:257,0
DA:258,0
DA:260,0
DA:278,0
DA:279,0
DA:280,0
DA:281,0
DA:282,0
DA:284,0
DA:285,0
DA:286,0
DA:288,0
DA:289,0
DA:290,0
DA:305,0
DA:306,0
DA:307,0
DA:308,0
DA:309,0
DA:311,0
DA:327,0
DA:328,0
DA:329,0
DA:330,0
DA:331,0
DA:333,0
DA:334,0
DA:335,0
DA:336,0
DA:338,0
DA:339,0
DA:340,0
DA:341,0
DA:342,0
DA:355,0
DA:360,0
DA:361,0
DA:362,0
DA:363,0
DA:364,0
DA:365,0
DA:366,0
DA:368,0
DA:376,0
DA:387,0
DA:388,0
DA:389,0
DA:408,0
DA:411,0
DA:412,0
DA:413,0
DA:414,0
DA:416,0
DA:426,0
DA:427,0
DA:428,0
DA:429,0
DA:430,0
DA:432,0
DA:446,0
DA:450,0
DA:451,0
DA:453,0
DA:454,0
DA:455,0
DA:457,0
DA:458,0
DA:459,0
DA:463,0
DA:469,0
DA:470,0
DA:481,0
DA:482,0
DA:483,0
DA:495,0
DA:498,0
DA:507,0
DA:508,0
DA:509,0
DA:510,0
DA:513,0
DA:516,0
DA:517,0
DA:518,0
DA:519,0
DA:522,0
DA:524,0
DA:525,0
DA:527,0
LF:152
LH:0
BRDA:52,0,0,0
BRDA:54,1,0,0
BRDA:54,1,1,0
BRDA:56,2,0,0
BRDA:56,2,1,0
BRDA:62,3,0,0
BRDA:62,3,1,0
BRDA:68,4,0,0
BRDA:68,4,1,0
BRDA:87,5,0,0
BRDA:87,5,1,0
BRDA:95,6,0,0
BRDA:95,6,1,0
BRDA:108,7,0,0
BRDA:108,7,1,0
BRDA:119,8,0,0
BRDA:119,8,1,0
BRDA:162,9,0,0
BRDA:162,9,1,0
BRDA:170,10,0,0
BRDA:170,10,1,0
BRDA:216,11,0,0
BRDA:216,11,1,0
BRDA:216,12,0,0
BRDA:216,12,1,0
BRDA:218,13,0,0
BRDA:218,13,1,0
BRDA:222,14,0,0
BRDA:222,14,1,0
BRDA:222,15,0,0
BRDA:222,15,1,0
BRDA:227,16,0,0
BRDA:227,16,1,0
BRDA:247,17,0,0
BRDA:247,17,1,0
BRDA:252,18,0,0
BRDA:252,18,1,0
BRDA:256,19,0,0
BRDA:256,19,1,0
BRDA:256,20,0,0
BRDA:256,20,1,0
BRDA:266,21,0,0
BRDA:266,21,1,0
BRDA:267,22,0,0
BRDA:267,22,1,0
BRDA:268,23,0,0
BRDA:268,23,1,0
BRDA:269,24,0,0
BRDA:269,24,1,0
BRDA:272,25,0,0
BRDA:272,25,1,0
BRDA:280,26,0,0
BRDA:280,26,1,0
BRDA:284,27,0,0
BRDA:284,27,1,0
BRDA:284,28,0,0
BRDA:284,28,1,0
BRDA:289,29,0,0
BRDA:289,29,1,0
BRDA:299,30,0,0
BRDA:299,30,1,0
BRDA:307,31,0,0
BRDA:307,31,1,0
BRDA:330,32,0,0
BRDA:330,32,1,0
BRDA:334,33,0,0
BRDA:334,33,1,0
BRDA:341,34,0,0
BRDA:341,34,1,0
BRDA:341,35,0,0
BRDA:341,35,1,0
BRDA:362,36,0,0
BRDA:362,36,1,0
BRDA:364,37,0,0
BRDA:364,37,1,0
BRDA:408,38,0,0
BRDA:408,38,1,0
BRDA:412,39,0,0
BRDA:412,39,1,0
BRDA:428,40,0,0
BRDA:428,40,1,0
BRDA:438,41,0,0
BRDA:438,41,1,0
BRDA:439,42,0,0
BRDA:439,42,1,0
BRDA:440,43,0,0
BRDA:440,43,1,0
BRDA:440,44,0,0
BRDA:440,44,1,0
BRDA:441,45,0,0
BRDA:441,45,1,0
BRDA:457,46,0,0
BRDA:457,46,1,0
BRDA:463,47,0,0
BRDA:463,47,1,0
BRDA:465,48,0,0
BRDA:465,48,1,0
BRDA:477,49,0,0
BRDA:477,49,1,0
BRDA:481,50,0,0
BRDA:481,50,1,0
BRDA:507,51,0,0
BRDA:507,51,1,0
BRDA:507,52,0,0
BRDA:507,52,1,0
BRDA:517,53,0,0
BRDA:517,53,1,0
BRF:107
BRH:0
end_of_record
TN:
SF:src\lib\apiSports.js
FN:9,errorMessage
FN:17,fetchApiSports
FN:30,apiSports
FN:57,(anonymous_3)
FN:62,(anonymous_4)
FN:72,(anonymous_5)
FN:80,apiSportsOrEmpty
FN:88,clearApiSportsCache
FNF:8
FNH:7
FNDA:9,errorMessage
FNDA:10,fetchApiSports
FNDA:12,apiSports
FNDA:9,(anonymous_3)
FNDA:1,(anonymous_4)
FNDA:10,(anonymous_5)
FNDA:12,apiSportsOrEmpty
FNDA:0,clearApiSportsCache
DA:1,12
DA:2,12
DA:3,12
DA:5,12
DA:6,12
DA:7,12
DA:10,9
DA:11,0
DA:12,0
DA:13,0
DA:14,0
DA:18,10
DA:21,10
DA:23,9
DA:24,9
DA:25,9
DA:27,9
DA:31,12
DA:32,12
DA:34,10
DA:35,10
DA:36,10
DA:37,10
DA:40,10
DA:42,10
DA:43,10
DA:46,10
DA:47,0
DA:48,0
DA:51,10
DA:52,10
DA:53,0
DA:56,10
DA:58,9
DA:59,9
DA:60,9
DA:63,1
DA:69,1
DA:70,1
DA:73,10
DA:76,10
DA:77,10
DA:81,12
DA:82,12
DA:84,3
DA:89,0
DA:90,0
DA:91,0
DA:94,12
LF:49
LH:39
BRDA:10,0,0,9
BRDA:10,0,1,0
BRDA:11,1,0,0
BRDA:11,1,1,0
BRDA:11,2,0,0
BRDA:11,2,1,0
BRDA:12,3,0,0
BRDA:12,3,1,0
BRDA:12,4,0,0
BRDA:12,4,1,0
BRDA:13,5,0,0
BRDA:13,5,1,0
BRDA:13,6,0,0
BRDA:13,6,1,0
BRDA:21,7,0,1
BRDA:21,7,1,9
BRDA:25,8,0,0
BRDA:25,8,1,9
BRDA:27,9,0,9
BRDA:27,9,1,0
BRDA:32,10,0,2
BRDA:32,10,1,10
BRDA:37,11,0,0
BRDA:37,11,1,10
BRDA:37,12,0,10
BRDA:37,12,1,9
BRDA:40,13,0,0
BRDA:40,13,1,10
BRDA:40,14,0,10
BRDA:40,14,1,0
BRDA:43,15,0,0
BRDA:43,15,1,10
BRDA:43,16,0,10
BRDA:43,16,1,1
BRDA:46,17,0,0
BRDA:46,17,1,10
BRDA:46,18,0,10
BRDA:46,18,1,0
BRDA:47,19,0,0
BRDA:47,19,1,0
BRDA:52,20,0,0
BRDA:52,20,1,10
BRDA:52,21,0,10
BRDA:52,21,1,0
BRDA:69,22,0,0
BRDA:69,22,1,1
BRDA:73,23,0,10
BRDA:73,23,1,0
BRF:48
BRH:21
end_of_record
TN:
SF:src\lib\driverImageCache.js
FN:19,getCachedDriverImage
FN:33,getCachedDriverImageFlags
FN:39,(anonymous_2)
FN:41,(anonymous_3)
FN:54,ensureDriverImageCached
FNF:5
FNH:3
FNDA:6,getCachedDriverImage
FNDA:4,getCachedDriverImageFlags
FNDA:0,(anonymous_2)
FNDA:0,(anonymous_3)
FNDA:7,ensureDriverImageCached
DA:16,11
DA:17,11
DA:20,6
DA:21,6
DA:22,0
DA:24,6
DA:25,6
DA:34,4
DA:35,4
DA:37,4
DA:38,4
DA:39,0
DA:40,0
DA:41,0
DA:42,0
DA:44,0
DA:46,4
DA:47,4
DA:55,7
DA:57,6
DA:58,6
DA:60,6
DA:61,6
DA:62,6
DA:64,6
DA:65,0
DA:66,0
DA:67,0
DA:70,0
DA:76,0
DA:77,0
DA:79,6
DA:80,6
LF:33
LH:21
BRDA:22,0,0,0
BRDA:22,0,1,0
BRDA:35,1,0,0
BRDA:35,1,1,4
BRDA:42,2,0,0
BRDA:42,2,1,0
BRDA:55,3,0,1
BRDA:55,3,1,6
BRDA:55,4,0,7
BRDA:55,4,1,7
BRDA:58,5,0,0
BRDA:58,5,1,6
BRDA:62,6,0,0
BRDA:62,6,1,6
BRDA:65,7,0,0
BRDA:65,7,1,0
BRDA:72,8,0,0
BRDA:72,8,1,0
BRF:18
BRH:7
end_of_record
TN:
SF:src\lib\driverUploadedImage.js
FN:30,detectImageType
FN:57,saveUploadedDriverImage
FN:68,getUploadedDriverImage
FN:85,getUploadedImageVersions
FN:94,(anonymous_4)
FN:101,getUploadedImageVersion
FNF:6
FNH:6
FNDA:5,detectImageType
FNDA:4,saveUploadedDriverImage
FNDA:4,getUploadedDriverImage
FNDA:12,getUploadedImageVersions
FNDA:1,(anonymous_4)
FNDA:7,getUploadedImageVersion
DA:19,12
DA:23,12
DA:31,5
DA:34,5
DA:35,1
DA:38,4
DA:42,2
DA:45,2
DA:49,1
DA:51,1
DA:58,4
DA:64,4
DA:69,4
DA:70,4
DA:71,4
DA:72,2
DA:78,0
DA:79,0
DA:86,12
DA:87,12
DA:89,12
DA:90,12
DA:94,12
DA:96,0
DA:97,0
DA:102,7
DA:103,7
LF:27
LH:23
BRDA:31,0,0,0
BRDA:31,0,1,5
BRDA:31,1,0,5
BRDA:31,1,1,5
BRDA:34,2,0,1
BRDA:34,2,1,4
BRDA:34,3,0,5
BRDA:34,3,1,1
BRDA:34,3,2,1
BRDA:38,4,0,2
BRDA:38,4,1,2
BRDA:39,5,0,4
BRDA:39,5,1,2
BRDA:39,5,2,2
BRDA:39,5,3,2
BRDA:39,5,4,2
BRDA:39,5,5,2
BRDA:39,5,6,2
BRDA:39,5,7,2
BRDA:45,6,0,1
BRDA:45,6,1,1
BRDA:46,7,0,2
BRDA:46,7,1,1
BRDA:60,8,0,4
BRDA:60,8,1,0
BRDA:61,9,0,4
BRDA:61,9,1,0
BRDA:71,10,0,2
BRDA:71,10,1,2
BRDA:87,11,0,0
BRDA:87,11,1,12
BRDA:103,12,0,7
BRDA:103,12,1,7
BRF:33
BRH:29
end_of_record
TN:
SF:src\lib\firebaseAdmin.js
FN:19,getAdminApp
FN:35,getFirestore
FNF:2
FNH:2
FNDA:19,getAdminApp
FNDA:10,getFirestore
DA:20,19
DA:22,13
DA:23,11
DA:28,2
DA:29,2
DA:32,2
DA:36,10
LF:7
LH:7
BRDA:20,0,0,6
BRDA:20,0,1,13
BRDA:22,1,0,11
BRDA:22,1,1,2
BRF:4
BRH:4
end_of_record
TN:
SF:src\lib\prisma.js
FNF:0
FNH:0
DA:6,0
DA:19,0
DA:21,0
DA:23,0
DA:26,0
DA:27,0
LF:6
LH:0
BRDA:21,0,0,0
BRDA:21,0,1,0
BRF:2
BRH:0
end_of_record
TN:
SF:src\middleware\requireAuth.js
FN:36,extractToken
FN:53,requireAuth
FNF:2
FNH:2
FNDA:9,extractToken
FNDA:9,requireAuth
DA:29,12
DA:38,9
DA:39,9
DA:40,9
DA:41,5
DA:45,4
DA:46,4
DA:47,1
DA:50,3
DA:54,9
DA:56,9
DA:57,3
DA:61,6
DA:62,6
DA:67,1
DA:68,1
DA:71,5
DA:72,5
DA:73,4
DA:74,4
DA:76,1
LF:21
LH:21
BRDA:38,0,0,9
BRDA:38,0,1,3
BRDA:40,1,0,5
BRDA:40,1,1,4
BRDA:40,2,0,9
BRDA:40,2,1,5
BRDA:46,3,0,1
BRDA:46,3,1,3
BRDA:56,4,0,3
BRDA:56,4,1,6
BRDA:73,5,0,4
BRDA:73,5,1,1
BRF:12
BRH:12
end_of_record
TN:
SF:src\routes\auth.js
FN:26,cookieOptions
FN:44,(anonymous_1)
FN:72,(anonymous_2)
FN:80,(anonymous_3)
FNF:4
FNH:4
FNDA:2,cookieOptions
FNDA:4,(anonymous_1)
FNDA:1,(anonymous_2)
FNDA:2,(anonymous_3)
DA:19,12
DA:22,12
DA:27,2
DA:44,12
DA:45,4
DA:46,4
DA:47,4
DA:48,1
DA:53,3
DA:54,3
DA:56,2
DA:57,2
DA:61,1
DA:62,0
DA:63,0
DA:65,1
DA:72,12
DA:73,1
DA:74,1
DA:80,12
DA:83,2
LF:21
LH:19
BRDA:47,0,0,1
BRDA:47,0,1,3
BRDA:47,1,0,4
BRDA:47,1,1,3
BRDA:57,2,0,2
BRDA:57,2,1,0
BRDA:61,3,0,0
BRDA:61,3,1,1
BRF:8
BRH:6
end_of_record
TN:
SF:src\routes\drivers.js
FN:45,teamColor
FN:51,openF1
FN:59,resultForEntry
FN:84,summariseResults
FN:85,(anonymous_4)
FN:86,(anonymous_5)
FN:88,(anonymous_6)
FN:89,(anonymous_7)
FN:93,(anonymous_8)
FN:94,(anonymous_9)
FN:95,(anonymous_10)
FN:96,(anonymous_11)
FN:97,(anonymous_12)
FN:99,(anonymous_13)
FN:101,(anonymous_14)
FN:106,openF1TeamColor
FN:111,apiDriverForNumber
FN:112,(anonymous_17)
FN:115,getCurrentSeason
FN:120,flagEmoji
FN:125,(anonymous_20)
FN:129,parsePagination
FN:138,(anonymous_22)
FN:177,(anonymous_23)
FN:178,(anonymous_24)
FN:182,(anonymous_25)
FN:183,(anonymous_26)
FN:184,(anonymous_27)
FN:190,(anonymous_28)
FN:190,(anonymous_29)
FN:197,(anonymous_30)
FN:202,(anonymous_31)
FN:230,(anonymous_32)
FN:235,(anonymous_33)
FN:261,(anonymous_34)
FN:288,readImageBody
FN:289,(anonymous_36)
FN:289,(anonymous_37)
FN:302,(anonymous_38)
FN:339,(anonymous_39)
FN:354,(anonymous_40)
FN:355,(anonymous_41)
FN:356,(anonymous_42)
FN:357,(anonymous_43)
FN:358,(anonymous_44)
FN:363,(anonymous_45)
FN:364,(anonymous_46)
FN:367,(anonymous_47)
FN:370,(anonymous_48)
FN:387,(anonymous_49)
FN:388,(anonymous_50)
FN:403,(anonymous_51)
FN:405,(anonymous_52)
FN:406,(anonymous_53)
FNF:54
FNH:52
FNDA:9,teamColor
FNDA:14,openF1
FNDA:6,resultForEntry
FNDA:14,summariseResults
FNDA:12,(anonymous_4)
FNDA:10,(anonymous_5)
FNDA:12,(anonymous_6)
FNDA:12,(anonymous_7)
FNDA:12,(anonymous_8)
FNDA:10,(anonymous_9)
FNDA:10,(anonymous_10)
FNDA:12,(anonymous_11)
FNDA:2,(anonymous_12)
FNDA:10,(anonymous_13)
FNDA:10,(anonymous_14)
FNDA:15,openF1TeamColor
FNDA:7,apiDriverForNumber
FNDA:4,(anonymous_17)
FNDA:15,getCurrentSeason
FNDA:15,flagEmoji
FNDA:20,(anonymous_20)
FNDA:5,parsePagination
FNDA:6,(anonymous_22)
FNDA:4,(anonymous_23)
FNDA:4,(anonymous_24)
FNDA:8,(anonymous_25)
FNDA:4,(anonymous_26)
FNDA:2,(anonymous_27)
FNDA:2,(anonymous_28)
FNDA:2,(anonymous_29)
FNDA:8,(anonymous_30)
FNDA:4,(anonymous_31)
FNDA:7,(anonymous_32)
FNDA:7,(anonymous_33)
FNDA:4,(anonymous_34)
FNDA:8,readImageBody
FNDA:8,(anonymous_36)
FNDA:8,(anonymous_37)
FNDA:7,(anonymous_38)
FNDA:9,(anonymous_39)
FNDA:8,(anonymous_40)
FNDA:1,(anonymous_41)
FNDA:5,(anonymous_42)
FNDA:0,(anonymous_43)
FNDA:3,(anonymous_44)
FNDA:4,(anonymous_45)
FNDA:1,(anonymous_46)
FNDA:7,(anonymous_47)
FNDA:6,(anonymous_48)
FNDA:6,(anonymous_49)
FNDA:7,(anonymous_50)
FNDA:5,(anonymous_51)
FNDA:2,(anonymous_52)
FNDA:0,(anonymous_53)
DA:20,12
DA:22,12
DA:46,9
DA:49,12
DA:52,14
DA:53,14
DA:54,14
DA:55,14
DA:56,9
DA:60,6
DA:61,6
DA:62,6
DA:66,6
DA:85,14
DA:86,14
DA:87,14
DA:88,12
DA:89,12
DA:91,14
DA:93,12
DA:94,10
DA:95,10
DA:96,12
DA:97,2
DA:99,10
DA:101,10
DA:107,15
DA:108,6
DA:112,7
DA:116,15
DA:117,14
DA:121,15
DA:122,10
DA:125,20
DA:130,5
DA:131,5
DA:132,5
DA:135,5
DA:138,12
DA:139,6
DA:140,6
DA:141,5
DA:151,5
DA:152,2
DA:156,2
DA:157,2
DA:158,2
DA:159,2
DA:168,2
DA:171,5
DA:175,5
DA:177,4
DA:178,4
DA:181,5
DA:182,8
DA:183,4
DA:184,2
DA:185,5
DA:186,5
DA:187,1
DA:188,1
DA:189,1
DA:190,2
DA:197,5
DA:198,8
DA:199,8
DA:200,8
DA:201,8
DA:202,4
DA:204,8
DA:205,8
DA:223,5
DA:224,5
DA:230,7
DA:231,5
DA:235,7
DA:244,5
DA:253,1
DA:261,12
DA:262,4
DA:263,4
DA:264,2
DA:265,2
DA:269,2
DA:273,2
DA:276,2
DA:277,2
DA:278,1
DA:280,1
DA:281,1
DA:282,1
DA:289,8
DA:290,8
DA:291,1
DA:292,1
DA:296,0
DA:302,12
DA:303,7
DA:304,7
DA:306,7
DA:307,7
DA:309,6
DA:310,1
DA:314,5
DA:315,5
DA:316,1
DA:321,4
DA:328,4
DA:335,0
DA:339,12
DA:340,9
DA:341,9
DA:342,9
DA:344,9
DA:351,8
DA:353,7
DA:354,8
DA:355,1
DA:356,7
DA:357,0
DA:358,3
DA:360,7
DA:363,4
DA:364,1
DA:367,7
DA:370,7
DA:371,6
DA:373,5
DA:374,5
DA:380,3
DA:383,2
DA:387,7
DA:388,7
DA:389,6
DA:391,7
DA:392,7
DA:393,7
DA:402,7
DA:403,7
DA:405,2
DA:406,0
DA:407,7
DA:408,7
DA:409,7
DA:418,7
DA:419,7
DA:423,7
DA:451,1
LF:148
LH:144
BRDA:46,0,0,9
BRDA:46,0,1,4
BRDA:54,1,0,0
BRDA:54,1,1,14
BRDA:55,2,0,5
BRDA:55,2,1,9
BRDA:60,3,0,6
BRDA:60,3,1,3
BRDA:60,3,2,1
BRDA:61,4,0,6
BRDA:61,4,1,3
BRDA:61,4,2,0
BRDA:62,5,0,3
BRDA:62,5,1,3
BRDA:63,6,0,3
BRDA:63,6,1,3
BRDA:63,6,2,3
BRDA:64,7,0,3
BRDA:64,7,1,3
BRDA:71,8,0,6
BRDA:71,8,1,5
BRDA:76,9,0,6
BRDA:76,9,1,3
BRDA:77,10,0,6
BRDA:77,10,1,4
BRDA:78,11,0,6
BRDA:78,11,1,4
BRDA:79,12,0,1
BRDA:79,12,1,5
BRDA:79,13,0,0
BRDA:79,13,1,5
BRDA:79,14,0,0
BRDA:79,14,1,5
BRDA:79,15,0,2
BRDA:79,15,1,3
BRDA:79,16,0,3
BRDA:79,16,1,0
BRDA:80,17,0,3
BRDA:80,17,1,3
BRDA:86,18,0,10
BRDA:86,18,1,4
BRDA:93,19,0,12
BRDA:93,19,1,4
BRDA:98,20,0,2
BRDA:98,20,1,12
BRDA:99,21,0,10
BRDA:99,21,1,4
BRDA:100,22,0,10
BRDA:100,22,1,4
BRDA:107,23,0,9
BRDA:107,23,1,6
BRDA:108,24,0,0
BRDA:108,24,1,6
BRDA:112,25,0,7
BRDA:112,25,1,3
BRDA:117,26,0,14
BRDA:117,26,1,1
BRDA:121,27,0,5
BRDA:121,27,1,10
BRDA:121,28,0,15
BRDA:121,28,1,10
BRDA:130,29,0,5
BRDA:130,29,1,4
BRDA:132,30,0,1
BRDA:132,30,1,4
BRDA:132,31,0,5
BRDA:132,31,1,1
BRDA:151,32,0,2
BRDA:151,32,1,3
BRDA:158,33,0,2
BRDA:158,33,1,0
BRDA:182,34,0,8
BRDA:182,34,1,0
BRDA:183,35,0,4
BRDA:183,35,1,3
BRDA:186,36,0,1
BRDA:186,36,1,4
BRDA:199,37,0,8
BRDA:199,37,1,0
BRDA:199,38,0,8
BRDA:199,38,1,6
BRDA:200,39,0,8
BRDA:200,39,1,0
BRDA:200,40,0,8
BRDA:200,40,1,4
BRDA:201,41,0,8
BRDA:201,41,1,0
BRDA:204,42,0,8
BRDA:204,42,1,4
BRDA:206,43,0,8
BRDA:206,43,1,0
BRDA:207,44,0,4
BRDA:207,44,1,4
BRDA:208,45,0,8
BRDA:208,45,1,6
BRDA:208,45,2,0
BRDA:209,46,0,8
BRDA:209,46,1,0
BRDA:213,47,0,8
BRDA:213,47,1,4
BRDA:213,47,2,4
BRDA:213,47,3,4
BRDA:214,48,0,8
BRDA:214,48,1,6
BRDA:214,49,0,6
BRDA:214,49,1,4
BRDA:214,49,2,4
BRDA:215,50,0,8
BRDA:215,50,1,4
BRDA:216,51,0,8
BRDA:216,51,1,4
BRDA:216,51,2,4
BRDA:217,52,0,8
BRDA:217,52,1,4
BRDA:217,52,2,4
BRDA:218,53,0,8
BRDA:218,53,1,6
BRDA:218,53,2,4
BRDA:219,54,0,8
BRDA:219,54,1,4
BRDA:237,55,0,0
BRDA:237,55,1,7
BRDA:241,56,0,7
BRDA:241,56,1,6
BRDA:263,57,0,2
BRDA:263,57,1,2
BRDA:271,58,0,1
BRDA:271,58,1,1
BRDA:277,59,0,1
BRDA:277,59,1,1
BRDA:290,60,0,7
BRDA:290,60,1,1
BRDA:291,61,0,1
BRDA:291,61,1,0
BRDA:307,62,0,1
BRDA:307,62,1,6
BRDA:309,63,0,1
BRDA:309,63,1,5
BRDA:309,64,0,6
BRDA:309,64,1,6
BRDA:315,65,0,1
BRDA:315,65,1,4
BRDA:325,66,0,4
BRDA:325,66,1,0
BRDA:351,67,0,1
BRDA:351,67,1,7
BRDA:354,68,0,8
BRDA:354,68,1,3
BRDA:356,69,0,7
BRDA:356,69,1,3
BRDA:361,70,0,5
BRDA:361,70,1,2
BRDA:363,71,0,4
BRDA:363,71,1,0
BRDA:371,72,0,1
BRDA:371,72,1,5
BRDA:376,73,0,3
BRDA:376,73,1,2
BRDA:393,74,0,5
BRDA:393,74,1,2
BRDA:397,75,0,2
BRDA:397,75,1,0
BRDA:398,76,0,2
BRDA:398,76,1,0
BRDA:399,77,0,2
BRDA:399,77,1,0
BRDA:400,78,0,2
BRDA:400,78,1,2
BRDA:403,79,0,7
BRDA:403,79,1,2
BRDA:407,80,0,7
BRDA:407,80,1,3
BRDA:407,80,2,1
BRDA:408,81,0,7
BRDA:408,81,1,3
BRDA:408,81,2,0
BRDA:408,81,3,0
BRDA:409,82,0,7
BRDA:409,82,1,3
BRDA:409,82,2,1
BRDA:419,83,0,0
BRDA:419,83,1,7
BRDA:425,84,0,4
BRDA:425,84,1,3
BRDA:426,85,0,7
BRDA:426,85,1,3
BRDA:428,86,0,7
BRDA:428,86,1,3
BRDA:429,87,0,7
BRDA:429,87,1,3
BRDA:430,88,0,7
BRDA:430,88,1,3
BRDA:431,89,0,7
BRDA:431,89,1,3
BRDA:432,90,0,7
BRDA:432,90,1,3
BRDA:432,90,2,1
BRDA:434,91,0,7
BRDA:434,91,1,1
BRDA:435,92,0,7
BRDA:435,92,1,7
BRDA:436,93,0,7
BRDA:436,93,1,7
BRDA:438,94,0,0
BRDA:438,94,1,7
BRDA:441,95,0,7
BRDA:441,95,1,3
BRDA:442,96,0,7
BRDA:442,96,1,6
BRDA:443,97,0,7
BRDA:443,97,1,6
BRDA:444,98,0,7
BRDA:444,98,1,6
BRF:213
BRH:188
end_of_record
TN:
SF:src\routes\fixtures.js
FN:9,(anonymous_0)
FN:21,(anonymous_1)
FN:23,(anonymous_2)
FN:44,(anonymous_3)
FN:77,(anonymous_4)
FNF:5
FNH:5
FNDA:2,(anonymous_0)
FNDA:1,(anonymous_1)
FNDA:2,(anonymous_2)
FNDA:3,(anonymous_3)
FNDA:2,(anonymous_4)
DA:4,12
DA:9,12
DA:10,2
DA:11,2
DA:16,1
DA:21,1
DA:23,2
DA:35,1
DA:37,1
DA:44,12
DA:45,3
DA:46,3
DA:48,3
DA:52,3
DA:53,1
DA:56,2
DA:63,1
DA:67,1
DA:77,2
DA:87,1
LF:20
LH:20
BRDA:52,0,0,1
BRDA:52,0,1,2
BRDA:82,1,0,2
BRDA:82,1,1,1
BRF:4
BRH:4
end_of_record
TN:
SF:src\routes\images.js
FN:16,parseTrustedSource
FN:30,sendImage
FN:36,(anonymous_2)
FNF:3
FNH:3
FNDA:4,parseTrustedSource
FNDA:2,sendImage
FNDA:4,(anonymous_2)
DA:3,12
DA:7,12
DA:13,12
DA:14,12
DA:17,4
DA:19,4
DA:20,4
DA:22,0
DA:24,4
DA:25,1
DA:27,3
DA:31,2
DA:32,2
DA:33,2
DA:36,12
DA:37,4
DA:38,4
DA:39,1
DA:42,3
DA:43,3
DA:44,3
DA:45,1
DA:49,2
DA:50,2
DA:52,0
DA:54,2
DA:55,1
DA:59,1
DA:60,1
DA:62,0
DA:65,1
DA:69,1
DA:70,0
DA:72,1
DA:74,1
LF:35
LH:31
BRDA:17,0,0,0
BRDA:17,0,1,4
BRDA:17,1,0,4
BRDA:17,1,1,4
BRDA:24,2,0,1
BRDA:24,2,1,3
BRDA:24,3,0,4
BRDA:24,3,1,4
BRDA:38,4,0,1
BRDA:38,4,1,3
BRDA:44,5,0,1
BRDA:44,5,1,2
BRDA:54,6,0,1
BRDA:54,6,1,1
BRDA:67,7,0,1
BRDA:67,7,1,0
BRDA:69,8,0,0
BRDA:69,8,1,1
BRF:18
BRH:15
end_of_record
TN:
SF:src\routes\openf1.js
FN:8,buildResourceUrl
FN:16,fetchOpenF1JsonOnce
FN:41,fetchOpenF1Json
FN:47,(anonymous_3)
FN:51,sendOpenF1Failure
FN:62,fetchRequiredResource
FN:68,paceBundleRequests
FN:78,(anonymous_7)
FN:88,fetchCarDataChunked
FN:137,fetchLocationDataChunked
FN:165,(anonymous_10)
FN:179,fetchBarcelonaRaceRaw
FN:261,(anonymous_12)
FN:283,(anonymous_13)
FNF:14
FNH:12
FNDA:16,buildResourceUrl
FNDA:16,fetchOpenF1JsonOnce
FNDA:16,fetchOpenF1Json
FNDA:0,(anonymous_3)
FNDA:1,sendOpenF1Failure
FNDA:11,fetchRequiredResource
FNDA:14,paceBundleRequests
FNDA:0,(anonymous_7)
FNDA:1,fetchCarDataChunked
FNDA:1,fetchLocationDataChunked
FNDA:2,(anonymous_10)
FNDA:4,fetchBarcelonaRaceRaw
FNDA:1,(anonymous_12)
FNDA:4,(anonymous_13)
DA:3,14
DA:5,14
DA:6,14
DA:9,16
DA:10,16
DA:11,16
DA:13,16
DA:17,16
DA:22,16
DA:25,16
DA:26,16
DA:28,1
DA:29,1
DA:30,1
DA:33,15
DA:39,14
DA:42,16
DA:43,15
DA:44,15
DA:46,0
DA:47,0
DA:48,0
DA:52,1
DA:53,1
DA:56,0
DA:57,0
DA:63,11
DA:64,11
DA:65,11
DA:77,14
DA:78,0
DA:86,14
DA:89,1
DA:90,1
DA:95,1
DA:96,1
DA:97,1
DA:100,1
DA:101,1
DA:102,0
DA:104,1
DA:107,0
DA:108,0
DA:110,0
DA:112,0
DA:113,0
DA:114,0
DA:119,0
DA:120,0
DA:121,0
DA:122,0
DA:124,0
DA:127,0
DA:135,14
DA:138,1
DA:139,1
DA:140,1
DA:141,1
DA:143,1
DA:144,0
DA:145,0
DA:146,0
DA:151,0
DA:152,0
DA:153,0
DA:154,0
DA:156,0
DA:159,1
DA:166,2
DA:167,2
DA:168,2
DA:180,4
DA:181,4
DA:184,3
DA:185,1
DA:188,2
DA:189,2
DA:190,2
DA:191,1
DA:196,1
DA:208,1
DA:213,1
DA:214,9
DA:215,9
DA:216,9
DA:217,0
DA:219,9
DA:224,1
DA:225,1
DA:237,1
DA:238,1
DA:243,1
DA:244,0
DA:248,1
DA:249,1
DA:252,1
DA:253,0
DA:255,1
DA:258,1
DA:261,1
DA:262,1
DA:265,1
DA:266,1
DA:267,1
DA:270,1
DA:271,0
DA:273,1
DA:275,0
DA:278,1
DA:283,14
DA:284,4
DA:285,4
DA:286,1
DA:287,1
DA:289,3
DA:290,2
DA:292,1
LF:117
LH:85
BRDA:8,0,0,0
BRDA:11,1,0,16
BRDA:11,1,1,0
BRDA:41,2,0,16
BRDA:43,3,0,15
BRDA:43,3,1,0
BRDA:43,4,0,15
BRDA:43,4,1,0
BRDA:52,5,0,1
BRDA:52,5,1,0
BRDA:56,6,0,0
BRDA:56,6,1,0
BRDA:58,7,0,0
BRDA:58,7,1,0
BRDA:64,8,0,0
BRDA:64,8,1,11
BRDA:77,9,0,0
BRDA:77,9,1,14
BRDA:95,10,0,1
BRDA:95,10,1,0
BRDA:95,11,0,1
BRDA:95,11,1,0
BRDA:95,11,2,0
BRDA:100,12,0,0
BRDA:100,12,1,1
BRDA:101,13,0,0
BRDA:101,13,1,1
BRDA:120,14,0,0
BRDA:120,14,1,0
BRDA:121,15,0,0
BRDA:121,15,1,0
BRDA:152,16,0,0
BRDA:152,16,1,0
BRDA:153,17,0,0
BRDA:153,17,1,0
BRDA:184,18,0,1
BRDA:184,18,1,2
BRDA:189,19,0,0
BRDA:189,19,1,2
BRDA:190,20,0,1
BRDA:190,20,1,1
BRDA:190,21,0,2
BRDA:190,21,1,1
BRDA:216,22,0,0
BRDA:216,22,1,9
BRDA:216,23,0,9
BRDA:216,23,1,9
BRDA:219,24,0,0
BRDA:219,24,1,9
BRDA:243,25,0,0
BRDA:243,25,1,1
BRDA:252,26,0,0
BRDA:252,26,1,1
BRDA:252,27,0,1
BRDA:252,27,1,1
BRDA:255,28,0,0
BRDA:255,28,1,1
BRDA:258,29,0,0
BRDA:258,29,1,1
BRDA:265,30,0,1
BRDA:265,30,1,0
BRDA:270,31,0,0
BRDA:270,31,1,1
BRDA:270,32,0,1
BRDA:270,32,1,1
BRDA:273,33,0,0
BRDA:273,33,1,1
BRDA:289,34,0,2
BRDA:289,34,1,1
BRF:69
BRH:35
end_of_record
TN:
SF:src\routes\overview.js
FN:10,(anonymous_0)
FN:38,(anonymous_1)
FN:53,(anonymous_2)
FNF:3
FNH:3
FNDA:4,(anonymous_0)
FNDA:1,(anonymous_1)
FNDA:1,(anonymous_2)
DA:4,12
DA:8,12
DA:10,12
DA:11,4
DA:13,4
DA:25,3
DA:26,3
DA:28,3
DA:29,3
DA:31,3
DA:32,1
DA:38,1
DA:47,1
DA:53,1
DA:62,3
DA:67,3
DA:68,3
DA:69,1
DA:77,3
DA:83,3
DA:103,1
LF:21
LH:21
BRDA:26,0,0,3
BRDA:26,0,1,2
BRDA:31,1,0,1
BRDA:31,1,1,2
BRDA:68,2,0,1
BRDA:68,2,1,2
BRDA:86,3,0,1
BRDA:86,3,1,2
BRF:8
BRH:8
end_of_record
TN:
SF:src\routes\statistics.js
FN:6,sessionLabel
FN:13,getSeasonRows
FN:21,(anonymous_2)
FN:33,(anonymous_3)
FN:37,(anonymous_4)
FN:38,(anonymous_5)
FN:56,getCareerRows
FN:91,(anonymous_7)
FN:93,(anonymous_8)
FN:97,(anonymous_9)
FN:98,(anonymous_10)
FN:108,(anonymous_11)
FN:114,getFixtureRows
FN:121,(anonymous_13)
FN:132,(anonymous_14)
FN:139,(anonymous_15)
FN:151,(anonymous_16)
FN:168,(anonymous_17)
FN:171,(anonymous_18)
FNF:19
FNH:18
FNDA:2,sessionLabel
FNDA:1,getSeasonRows
FNDA:1,(anonymous_2)
FNDA:1,(anonymous_3)
FNDA:1,(anonymous_4)
FNDA:1,(anonymous_5)
FNDA:1,getCareerRows
FNDA:1,(anonymous_7)
FNDA:1,(anonymous_8)
FNDA:2,(anonymous_9)
FNDA:2,(anonymous_10)
FNDA:0,(anonymous_11)
FNDA:1,getFixtureRows
FNDA:2,(anonymous_13)
FNDA:1,(anonymous_14)
FNDA:4,(anonymous_15)
FNDA:2,(anonymous_16)
FNDA:1,(anonymous_17)
FNDA:1,(anonymous_18)
DA:4,12
DA:7,2
DA:14,1
DA:19,1
DA:21,1
DA:22,1
DA:27,1
DA:28,1
DA:29,1
DA:30,1
DA:33,1
DA:34,1
DA:35,1
DA:36,1
DA:37,1
DA:38,1
DA:40,1
DA:57,1
DA:58,1
DA:60,1
DA:61,1
DA:62,2
DA:63,1
DA:72,2
DA:73,2
DA:74,2
DA:75,2
DA:76,2
DA:79,1
DA:80,1
DA:85,1
DA:86,1
DA:87,2
DA:88,2
DA:91,1
DA:92,1
DA:93,1
DA:95,1
DA:96,1
DA:97,2
DA:98,2
DA:100,1
DA:108,1
DA:109,1
DA:115,1
DA:120,1
DA:121,2
DA:133,1
DA:134,1
DA:135,1
DA:139,12
DA:140,4
DA:141,4
DA:145,4
DA:146,2
DA:151,2
DA:152,1
DA:153,1
DA:154,1
DA:157,2
DA:158,1
DA:159,1
DA:163,1
DA:168,1
DA:169,1
DA:170,1
DA:171,1
DA:173,1
DA:181,1
LF:69
LH:69
BRDA:19,0,0,0
BRDA:19,0,1,1
BRDA:29,1,0,1
BRDA:29,1,1,0
BRDA:34,2,0,1
BRDA:34,2,1,0
BRDA:35,3,0,1
BRDA:35,3,1,0
BRDA:43,4,0,1
BRDA:43,4,1,0
BRDA:47,5,0,1
BRDA:47,5,1,0
BRDA:58,6,0,0
BRDA:58,6,1,1
BRDA:62,7,0,1
BRDA:62,7,1,1
BRDA:87,8,0,1
BRDA:87,8,1,1
BRDA:92,9,0,1
BRDA:92,9,1,0
BRDA:95,10,0,1
BRDA:95,10,1,0
BRDA:102,11,0,1
BRDA:102,11,1,0
BRDA:103,12,0,1
BRDA:103,12,1,0
BRDA:125,13,0,2
BRDA:125,13,1,0
BRDA:126,14,0,2
BRDA:126,14,1,0
BRDA:127,15,0,2
BRDA:127,15,1,0
BRDA:128,16,0,2
BRDA:128,16,1,0
BRDA:129,17,0,2
BRDA:129,17,1,0
BRDA:130,18,0,2
BRDA:130,18,1,0
BRDA:133,19,0,0
BRDA:133,19,1,1
BRDA:134,20,0,0
BRDA:134,20,1,1
BRDA:141,21,0,4
BRDA:141,21,1,0
BRDA:145,22,0,2
BRDA:145,22,1,2
BRDA:152,23,0,0
BRDA:152,23,1,1
BRDA:152,24,0,1
BRDA:152,24,1,0
BRDA:153,25,0,1
BRDA:153,25,1,0
BRDA:157,26,0,1
BRDA:157,26,1,1
BRDA:169,27,0,1
BRDA:169,27,1,0
BRDA:169,27,2,0
BRDA:170,28,0,1
BRDA:170,28,1,0
BRDA:171,29,0,1
BRDA:171,29,1,0
BRDA:176,30,0,1
BRDA:176,30,1,0
BRF:63
BRH:35
end_of_record
TN:
SF:src\routes\teams.js
FN:79,teamColor
FN:83,teamKey
FN:88,initials
FN:91,(anonymous_3)
FN:97,parsePagination
FN:106,openF1TeamColor
FN:111,openF1
FN:119,getCurrentSeason
FN:124,apiTeamForName
FN:125,(anonymous_9)
FN:128,isResultSession
FN:132,fetchResultsBySession
FN:135,(anonymous_12)
FN:136,(anonymous_13)
FN:139,(anonymous_14)
FN:142,(anonymous_15)
FN:153,fetchLatestOpenF1Profiles
FN:155,(anonymous_17)
FN:156,(anonymous_18)
FN:162,(anonymous_19)
FN:163,(anonymous_20)
FN:170,resultForEntry
FN:191,deriveTeamStats
FN:194,(anonymous_23)
FN:196,(anonymous_24)
FN:200,(anonymous_25)
FN:201,(anonymous_26)
FN:202,(anonymous_27)
FN:204,(anonymous_28)
FN:209,fetchTeamGallery
FN:229,(anonymous_30)
FN:231,(anonymous_31)
FN:236,(anonymous_32)
FN:239,serializeTeam
FN:252,(anonymous_34)
FN:272,(anonymous_35)
FN:280,(anonymous_36)
FN:289,(anonymous_37)
FN:306,(anonymous_38)
FN:333,(anonymous_39)
FN:339,(anonymous_40)
FN:342,(anonymous_41)
FN:345,(anonymous_42)
FNF:43
FNH:0
FNDA:0,teamColor
FNDA:0,teamKey
FNDA:0,initials
FNDA:0,(anonymous_3)
FNDA:0,parsePagination
FNDA:0,openF1TeamColor
FNDA:0,openF1
FNDA:0,getCurrentSeason
FNDA:0,apiTeamForName
FNDA:0,(anonymous_9)
FNDA:0,isResultSession
FNDA:0,fetchResultsBySession
FNDA:0,(anonymous_12)
FNDA:0,(anonymous_13)
FNDA:0,(anonymous_14)
FNDA:0,(anonymous_15)
FNDA:0,fetchLatestOpenF1Profiles
FNDA:0,(anonymous_17)
FNDA:0,(anonymous_18)
FNDA:0,(anonymous_19)
FNDA:0,(anonymous_20)
FNDA:0,resultForEntry
FNDA:0,deriveTeamStats
FNDA:0,(anonymous_23)
FNDA:0,(anonymous_24)
FNDA:0,(anonymous_25)
FNDA:0,(anonymous_26)
FNDA:0,(anonymous_27)
FNDA:0,(anonymous_28)
FNDA:0,fetchTeamGallery
FNDA:0,(anonymous_30)
FNDA:0,(anonymous_31)
FNDA:0,(anonymous_32)
FNDA:0,serializeTeam
FNDA:0,(anonymous_34)
FNDA:0,(anonymous_35)
FNDA:0,(anonymous_36)
FNDA:0,(anonymous_37)
FNDA:0,(anonymous_38)
FNDA:0,(anonymous_39)
FNDA:0,(anonymous_40)
FNDA:0,(anonymous_41)
FNDA:0,(anonymous_42)
DA:5,12
DA:7,12
DA:8,12
DA:9,12
DA:13,12
DA:37,12
DA:80,0
DA:84,0
DA:85,0
DA:89,0
DA:91,0
DA:98,0
DA:99,0
DA:100,0
DA:103,0
DA:107,0
DA:108,0
DA:112,0
DA:113,0
DA:114,0
DA:115,0
DA:116,0
DA:120,0
DA:121,0
DA:125,0
DA:129,0
DA:133,0
DA:135,0
DA:136,0
DA:139,0
DA:140,0
DA:141,0
DA:142,0
DA:146,0
DA:150,0
DA:154,0
DA:155,0
DA:156,0
DA:157,0
DA:159,0
DA:160,0
DA:161,0
DA:162,0
DA:163,0
DA:166,0
DA:171,0
DA:175,0
DA:176,0
DA:183,0
DA:184,0
DA:192,0
DA:194,0
DA:196,0
DA:198,0
DA:200,0
DA:201,0
DA:202,0
DA:204,0
DA:210,0
DA:212,0
DA:224,0
DA:225,0
DA:227,0
DA:228,0
DA:229,0
DA:231,0
DA:236,0
DA:240,0
DA:252,12
DA:253,0
DA:254,0
DA:255,0
DA:272,0
DA:273,0
DA:279,0
DA:281,0
DA:282,0
DA:289,0
DA:291,0
DA:292,0
DA:293,0
DA:302,0
DA:306,12
DA:307,0
DA:308,0
DA:309,0
DA:322,0
DA:324,0
DA:330,0
DA:331,0
DA:332,0
DA:333,0
DA:339,0
DA:342,0
DA:345,0
DA:347,0
DA:367,0
LF:97
LH:8
BRDA:80,0,0,0
BRDA:80,0,1,0
BRDA:84,1,0,0
BRDA:84,1,1,0
BRDA:85,2,0,0
BRDA:85,2,1,0
BRDA:98,3,0,0
BRDA:98,3,1,0
BRDA:100,4,0,0
BRDA:100,4,1,0
BRDA:100,5,0,0
BRDA:100,5,1,0
BRDA:107,6,0,0
BRDA:107,6,1,0
BRDA:108,7,0,0
BRDA:108,7,1,0
BRDA:114,8,0,0
BRDA:114,8,1,0
BRDA:115,9,0,0
BRDA:115,9,1,0
BRDA:121,10,0,0
BRDA:121,10,1,0
BRDA:125,11,0,0
BRDA:125,11,1,0
BRDA:129,12,0,0
BRDA:129,12,1,0
BRDA:135,13,0,0
BRDA:135,13,1,0
BRDA:157,14,0,0
BRDA:157,14,1,0
BRDA:171,15,0,0
BRDA:171,15,1,0
BRDA:175,16,0,0
BRDA:175,16,1,0
BRDA:177,17,0,0
BRDA:177,17,1,0
BRDA:178,18,0,0
BRDA:178,18,1,0
BRDA:179,19,0,0
BRDA:179,19,1,0
BRDA:179,19,2,0
BRDA:183,20,0,0
BRDA:183,20,1,0
BRDA:185,21,0,0
BRDA:185,21,1,0
BRDA:186,22,0,0
BRDA:186,22,1,0
BRDA:203,23,0,0
BRDA:203,23,1,0
BRDA:210,24,0,0
BRDA:210,24,1,0
BRDA:225,25,0,0
BRDA:225,25,1,0
BRDA:228,26,0,0
BRDA:228,26,1,0
BRDA:229,27,0,0
BRDA:229,27,1,0
BRDA:233,28,0,0
BRDA:233,28,1,0
BRDA:233,28,2,0
BRDA:242,29,0,0
BRDA:242,29,1,0
BRDA:244,30,0,0
BRDA:244,30,1,0
BRDA:245,31,0,0
BRDA:245,31,1,0
BRDA:289,32,0,0
BRDA:289,32,1,0
BRDA:289,32,2,0
BRDA:322,33,0,0
BRDA:322,33,1,0
BRDA:341,34,0,0
BRDA:341,34,1,0
BRDA:341,34,2,0
BRDA:349,35,0,0
BRDA:349,35,1,0
BRDA:350,36,0,0
BRDA:350,36,1,0
BRDA:351,37,0,0
BRDA:351,37,1,0
BRDA:352,38,0,0
BRDA:352,38,1,0
BRDA:353,39,0,0
BRDA:353,39,1,0
BRDA:354,40,0,0
BRDA:354,40,1,0
BRDA:355,41,0,0
BRDA:355,41,1,0
BRDA:356,42,0,0
BRDA:356,42,1,0
BRDA:357,43,0,0
BRDA:357,43,1,0
BRDA:358,44,0,0
BRDA:358,44,1,0
BRDA:359,45,0,0
BRDA:359,45,1,0
BRDA:360,46,0,0
BRDA:360,46,1,0
BRF:98
BRH:0
end_of_record
TN:
SF:src\routes\timetravel.js
FN:7,sessionLabel
FN:17,(anonymous_1)
FN:24,(anonymous_2)
FN:32,(anonymous_3)
FN:43,(anonymous_4)
FN:53,(anonymous_5)
FN:76,(anonymous_6)
FN:95,(anonymous_7)
FN:123,(anonymous_8)
FN:142,(anonymous_9)
FNF:10
FNH:10
FNDA:2,sessionLabel
FNDA:4,(anonymous_1)
FNDA:1,(anonymous_2)
FNDA:1,(anonymous_3)
FNDA:2,(anonymous_4)
FNDA:1,(anonymous_5)
FNDA:3,(anonymous_6)
FNDA:2,(anonymous_7)
FNDA:8,(anonymous_8)
FNDA:5,(anonymous_9)
DA:5,12
DA:8,2
DA:17,12
DA:18,4
DA:19,4
DA:24,3
DA:26,3
DA:27,3
DA:28,1
DA:32,2
DA:34,2
DA:35,1
DA:38,1
DA:43,2
DA:49,1
DA:53,1
DA:59,1
DA:66,1
DA:76,12
DA:77,3
DA:78,3
DA:79,3
DA:81,2
DA:85,1
DA:87,1
DA:92,1
DA:95,2
DA:105,1
DA:123,12
DA:124,8
DA:125,8
DA:126,8
DA:127,3
DA:129,5
DA:130,5
DA:131,1
DA:134,4
DA:142,3
DA:143,5
DA:144,4
DA:145,3
DA:148,3
DA:149,3
DA:151,1
LF:44
LH:44
BRDA:26,0,0,3
BRDA:26,0,1,1
BRDA:26,0,2,1
BRDA:27,1,0,1
BRDA:27,1,1,2
BRDA:32,2,0,2
BRDA:32,2,1,1
BRDA:34,3,0,1
BRDA:34,3,1,1
BRDA:45,4,0,2
BRDA:45,4,1,0
BRDA:79,5,0,1
BRDA:79,5,1,2
BRDA:85,6,0,0
BRDA:85,6,1,1
BRDA:126,7,0,3
BRDA:126,7,1,5
BRDA:126,8,0,8
BRDA:126,8,1,7
BRDA:126,8,2,6
BRDA:130,9,0,1
BRDA:130,9,1,4
BRDA:143,10,0,1
BRDA:143,10,1,4
BRDA:144,11,0,1
BRDA:144,11,1,3
BRDA:144,12,0,4
BRDA:144,12,1,2
BRF:28
BRH:26
end_of_record
TN:
SF:src\routes\videos.js
FN:38,formatViewCount
FN:45,fetchYouTube
FN:62,getPopularFromYouTube
FN:79,(anonymous_3)
FN:94,(anonymous_4)
FN:112,(anonymous_5)
FN:126,(anonymous_6)
FNF:7
FNH:7
FNDA:3,formatViewCount
FNDA:6,fetchYouTube
FNDA:6,getPopularFromYouTube
FNDA:3,(anonymous_3)
FNDA:3,(anonymous_4)
FNDA:6,(anonymous_5)
FNDA:19,(anonymous_6)
DA:3,12
DA:11,12
DA:12,12
DA:15,12
DA:39,3
DA:40,3
DA:41,2
DA:42,1
DA:46,6
DA:47,6
DA:48,6
DA:49,6
DA:50,1
DA:52,5
DA:63,6
DA:64,6
DA:65,6
DA:67,4
DA:68,4
DA:78,3
DA:79,3
DA:81,3
DA:83,2
DA:89,2
DA:90,2
DA:91,3
DA:94,2
DA:95,3
DA:96,3
DA:97,3
DA:98,3
DA:104,3
DA:112,12
DA:113,6
DA:114,6
DA:115,6
DA:116,6
DA:119,1
DA:120,1
DA:123,6
DA:124,6
DA:126,19
DA:136,6
DA:138,0
LF:44
LH:43
BRDA:39,0,0,0
BRDA:39,0,1,3
BRDA:40,1,0,1
BRDA:40,1,1,2
BRDA:41,2,0,1
BRDA:41,2,1,1
BRDA:49,3,0,1
BRDA:49,3,1,5
BRDA:64,4,0,4
BRDA:64,4,1,2
BRDA:64,5,0,6
BRDA:64,5,1,5
BRDA:65,6,0,2
BRDA:65,6,1,4
BRDA:78,7,0,3
BRDA:78,7,1,0
BRDA:81,8,0,1
BRDA:81,8,1,2
BRDA:90,9,0,2
BRDA:90,9,1,0
BRDA:96,10,0,3
BRDA:96,10,1,0
BRDA:97,11,0,3
BRDA:97,11,1,0
BRDA:100,12,0,3
BRDA:100,12,1,0
BRDA:106,13,0,3
BRDA:106,13,1,0
BRDA:107,14,0,3
BRDA:107,14,1,0
BRDA:123,15,0,3
BRDA:123,15,1,3
BRDA:124,16,0,2
BRDA:124,16,1,4
BRDA:124,17,0,6
BRDA:124,17,1,3
BRF:36
BRH:28
end_of_record
TN:
SF:src\routes\watchLive.js
FN:30,fetchAndCacheBarcelonaData
FN:63,getBarcelonaOpenF1Data
FN:89,buildPrecomputedIndex
FN:91,(anonymous_3)
FN:96,indexByDriver
FN:121,(anonymous_5)
FN:121,(anonymous_6)
FN:124,(anonymous_7)
FN:125,(anonymous_8)
FN:138,(anonymous_9)
FN:139,(anonymous_10)
FN:140,(anonymous_11)
FN:143,(anonymous_12)
FN:155,prewarmBarcelonaCache
FN:156,(anonymous_14)
FN:161,(anonymous_15)
FN:337,interpolateTimestamp
FN:346,mapBarcelonaVideoTime
FN:355,(anonymous_18)
FN:362,(anonymous_19)
FN:389,recordsWithinTimestampRange
FN:393,(anonymous_21)
FN:402,buildBarcelonaOpenF1Chunks
FN:403,(anonymous_23)
FN:408,(anonymous_24)
FN:426,(anonymous_25)
FN:435,latestByDriver
FN:447,buildDriverIndex
FN:459,latestRecord
FN:460,(anonymous_29)
FN:465,normalizeDriver
FN:473,createBarcelonaWatchLiveState
FN:477,(anonymous_32)
FN:489,resourceRecords
FN:495,(anonymous_34)
FN:535,(anonymous_35)
FN:536,(anonymous_36)
FN:537,(anonymous_37)
FN:538,(anonymous_38)
FN:579,(anonymous_39)
FN:580,(anonymous_40)
FN:638,(anonymous_41)
FN:639,(anonymous_42)
FN:643,(anonymous_43)
FN:665,(anonymous_44)
FN:667,(anonymous_45)
FN:675,(anonymous_46)
FN:680,getBarcelonaCachedState
FN:692,createBarcelonaWatchLiveBuffer
FN:717,deriveTrackShape
FN:730,(anonymous_50)
FN:739,(anonymous_51)
FN:740,(anonymous_52)
FN:753,(anonymous_53)
FN:754,(anonymous_54)
FN:759,(anonymous_55)
FN:760,(anonymous_56)
FN:767,(anonymous_57)
FN:781,readStaticTrackShape
FN:797,(anonymous_59)
FN:816,(anonymous_60)
FNF:61
FNH:47
FNDA:1,fetchAndCacheBarcelonaData
FNDA:2,getBarcelonaOpenF1Data
FNDA:1,buildPrecomputedIndex
FNDA:1,(anonymous_3)
FNDA:4,indexByDriver
FNDA:4,(anonymous_5)
FNDA:1,(anonymous_6)
FNDA:1,(anonymous_7)
FNDA:0,(anonymous_8)
FNDA:1,(anonymous_9)
FNDA:1,(anonymous_10)
FNDA:0,(anonymous_11)
FNDA:1,(anonymous_12)
FNDA:0,prewarmBarcelonaCache
FNDA:0,(anonymous_14)
FNDA:0,(anonymous_15)
FNDA:98,interpolateTimestamp
FNDA:102,mapBarcelonaVideoTime
FNDA:201,(anonymous_18)
FNDA:222,(anonymous_19)
FNDA:288,recordsWithinTimestampRange
FNDA:116,(anonymous_21)
FNDA:9,buildBarcelonaOpenF1Chunks
FNDA:36,(anonymous_23)
FNDA:288,(anonymous_24)
FNDA:4068,(anonymous_25)
FNDA:44,latestByDriver
FNDA:40,buildDriverIndex
FNDA:11,latestRecord
FNDA:3,(anonymous_29)
FNDA:5,normalizeDriver
FNDA:11,createBarcelonaWatchLiveState
FNDA:15,(anonymous_32)
FNDA:62,resourceRecords
FNDA:4,(anonymous_34)
FNDA:40,(anonymous_35)
FNDA:8,(anonymous_36)
FNDA:8,(anonymous_37)
FNDA:4,(anonymous_38)
FNDA:0,(anonymous_39)
FNDA:5,(anonymous_40)
FNDA:8,(anonymous_41)
FNDA:4,(anonymous_42)
FNDA:8,(anonymous_43)
FNDA:3,(anonymous_44)
FNDA:3,(anonymous_45)
FNDA:420,(anonymous_46)
FNDA:11,getBarcelonaCachedState
FNDA:2,createBarcelonaWatchLiveBuffer
FNDA:1,deriveTrackShape
FNDA:0,(anonymous_50)
FNDA:0,(anonymous_51)
FNDA:0,(anonymous_52)
FNDA:0,(anonymous_53)
FNDA:0,(anonymous_54)
FNDA:0,(anonymous_55)
FNDA:0,(anonymous_56)
FNDA:0,(anonymous_57)
FNDA:1,readStaticTrackShape
FNDA:1,(anonymous_59)
FNDA:2,(anonymous_60)
DA:5,15
DA:10,15
DA:16,15
DA:17,15
DA:18,15
DA:26,15
DA:27,15
DA:28,15
DA:38,1
DA:40,1
DA:44,1
DA:46,1
DA:51,1
DA:52,1
DA:58,0
DA:60,1
DA:64,2
DA:65,1
DA:68,1
DA:69,1
DA:72,1
DA:73,1
DA:77,0
DA:78,0
DA:81,1
DA:82,1
DA:83,1
DA:90,1
DA:91,1
DA:97,4
DA:98,4
DA:99,2
DA:100,2
DA:101,2
DA:102,2
DA:103,2
DA:104,2
DA:106,4
DA:109,1
DA:110,1
DA:111,1
DA:117,1
DA:121,4
DA:124,1
DA:125,0
DA:129,1
DA:130,1
DA:131,1
DA:132,1
DA:133,1
DA:137,1
DA:138,1
DA:139,1
DA:140,0
DA:142,1
DA:143,1
DA:146,1
DA:156,0
DA:157,0
DA:161,15
DA:162,0
DA:163,0
DA:164,0
DA:166,0
DA:172,15
DA:291,15
DA:338,98
DA:339,98
DA:340,98
DA:343,98
DA:347,102
DA:348,2
DA:351,100
DA:355,98
DA:356,201
DA:359,98
DA:361,98
DA:362,222
DA:363,98
DA:364,98
DA:366,98
DA:373,15
DA:390,288
DA:391,288
DA:393,288
DA:395,116
DA:396,116
DA:403,9
DA:404,36
DA:405,36
DA:406,36
DA:407,36
DA:408,288
DA:419,36
DA:427,4068
DA:436,44
DA:437,44
DA:438,10
DA:439,10
DA:442,44
DA:448,40
DA:449,40
DA:450,8
DA:451,8
DA:452,8
DA:453,8
DA:454,8
DA:456,40
DA:460,11
DA:461,3
DA:466,5
DA:474,11
DA:475,11
DA:477,15
DA:478,11
DA:479,11
DA:480,11
DA:486,11
DA:487,11
DA:488,11
DA:490,62
DA:491,62
DA:492,26
DA:494,11
DA:495,4
DA:500,11
DA:503,11
DA:504,11
DA:505,11
DA:506,1
DA:507,1
DA:511,1
DA:514,11
DA:515,5
DA:517,11
DA:522,11
DA:528,11
DA:534,11
DA:535,11
DA:536,40
DA:537,8
DA:538,4
DA:540,11
DA:541,11
DA:542,11
DA:543,1
DA:544,1
DA:545,1
DA:546,1
DA:547,1
DA:548,1
DA:549,0
DA:551,1
DA:552,1
DA:555,1
DA:556,1
DA:557,1
DA:562,10
DA:563,8
DA:565,4
DA:566,4
DA:567,1
DA:569,4
DA:573,11
DA:578,11
DA:579,0
DA:580,11
DA:581,5
DA:582,5
DA:583,5
DA:584,5
DA:586,5
DA:590,5
DA:591,5
DA:592,0
DA:593,0
DA:594,0
DA:595,0
DA:598,5
DA:601,5
DA:602,5
DA:620,11
DA:621,11
DA:622,11
DA:623,1
DA:624,1
DA:625,1
DA:626,1
DA:627,1
DA:628,1
DA:630,1
DA:631,0
DA:632,0
DA:637,10
DA:638,8
DA:639,4
DA:642,11
DA:643,8
DA:646,11
DA:665,3
DA:667,3
DA:675,420
DA:681,11
DA:682,11
DA:684,11
DA:685,7
DA:686,7
DA:689,11
DA:693,2
DA:694,2
DA:695,2
DA:696,2
DA:698,2
DA:699,6
DA:702,2
DA:715,15
DA:718,1
DA:720,1
DA:721,1
DA:726,0
DA:727,0
DA:728,0
DA:730,0
DA:731,0
DA:738,0
DA:739,0
DA:740,0
DA:742,0
DA:743,0
DA:744,0
DA:745,0
DA:746,0
DA:747,0
DA:752,0
DA:753,0
DA:755,0
DA:756,0
DA:757,0
DA:759,0
DA:760,0
DA:762,0
DA:765,0
DA:766,0
DA:767,0
DA:769,0
DA:770,0
DA:773,15
DA:782,1
DA:783,1
DA:784,1
DA:785,1
DA:786,1
DA:787,1
DA:788,1
DA:789,1
DA:790,1
DA:792,0
DA:793,0
DA:797,15
DA:798,1
DA:799,1
DA:800,1
DA:801,1
DA:802,0
DA:805,1
DA:806,1
DA:807,1
DA:810,0
DA:812,0
DA:816,15
DA:817,2
DA:818,2
DA:819,2
DA:820,1
DA:823,1
DA:825,1
DA:826,0
DA:832,1
DA:833,1
DA:836,1
DA:838,0
DA:843,1
DA:844,1
DA:845,1
DA:846,0
DA:849,1
DA:851,0
LF:287
LH:232
BRDA:44,0,0,0
BRDA:44,0,1,1
BRDA:64,1,0,1
BRDA:64,1,1,1
BRDA:68,2,0,1
BRDA:68,2,1,0
BRDA:91,3,0,1
BRDA:91,3,1,0
BRDA:99,4,0,2
BRDA:99,4,1,0
BRDA:101,5,0,0
BRDA:101,5,1,2
BRDA:103,6,0,2
BRDA:103,6,1,0
BRDA:109,7,0,1
BRDA:109,7,1,0
BRDA:110,8,0,1
BRDA:110,8,1,0
BRDA:111,9,0,1
BRDA:111,9,1,0
BRDA:117,10,0,1
BRDA:117,10,1,0
BRDA:121,11,0,4
BRDA:121,11,1,0
BRDA:123,12,0,1
BRDA:123,12,1,0
BRDA:132,13,0,1
BRDA:132,13,1,0
BRDA:138,14,0,1
BRDA:138,14,1,1
BRDA:142,15,0,1
BRDA:142,15,1,0
BRDA:347,16,0,2
BRDA:347,16,1,100
BRDA:351,17,0,2
BRDA:351,17,1,98
BRDA:356,18,0,201
BRDA:356,18,1,201
BRDA:359,19,0,0
BRDA:359,19,1,98
BRDA:369,20,0,98
BRDA:369,20,1,98
BRDA:395,21,0,116
BRDA:395,21,1,20
BRDA:396,22,0,116
BRDA:396,22,1,112
BRDA:396,22,2,55
BRDA:396,22,3,29
BRDA:396,22,4,2
BRDA:411,23,0,240
BRDA:411,23,1,48
BRDA:425,24,0,36
BRDA:425,24,1,36
BRDA:427,25,0,4068
BRDA:427,25,1,2079
BRDA:427,25,2,1071
BRDA:439,26,0,10
BRDA:439,26,1,0
BRDA:447,27,0,40
BRDA:450,28,0,8
BRDA:450,28,1,0
BRDA:451,29,0,0
BRDA:451,29,1,8
BRDA:453,30,0,8
BRDA:453,30,1,0
BRDA:461,31,0,3
BRDA:461,31,1,0
BRDA:468,32,0,5
BRDA:468,32,1,0
BRDA:468,32,2,0
BRDA:469,33,0,5
BRDA:469,33,1,0
BRDA:475,34,0,0
BRDA:475,34,1,11
BRDA:486,35,0,11
BRDA:486,35,1,0
BRDA:488,36,0,11
BRDA:488,36,1,11
BRDA:488,36,2,11
BRDA:490,37,0,62
BRDA:490,37,1,0
BRDA:491,38,0,36
BRDA:491,38,1,26
BRDA:491,39,0,62
BRDA:491,39,1,58
BRDA:492,40,0,26
BRDA:492,40,1,0
BRDA:494,41,0,11
BRDA:494,41,1,10
BRDA:495,42,0,10
BRDA:495,42,1,0
BRDA:500,43,0,1
BRDA:500,43,1,10
BRDA:505,44,0,1
BRDA:505,44,1,10
BRDA:505,45,0,11
BRDA:505,45,1,1
BRDA:517,46,0,1
BRDA:517,46,1,10
BRDA:522,47,0,1
BRDA:522,47,1,10
BRDA:528,48,0,1
BRDA:528,48,1,10
BRDA:534,49,0,11
BRDA:534,49,1,10
BRDA:535,50,0,11
BRDA:535,50,1,10
BRDA:536,51,0,40
BRDA:536,51,1,0
BRDA:536,52,0,8
BRDA:536,52,1,2
BRDA:542,53,0,1
BRDA:542,53,1,10
BRDA:548,54,0,1
BRDA:548,54,1,0
BRDA:551,55,0,1
BRDA:551,55,1,0
BRDA:555,56,0,1
BRDA:555,56,1,0
BRDA:555,57,0,1
BRDA:555,57,1,1
BRDA:557,58,0,0
BRDA:557,58,1,1
BRDA:563,59,0,4
BRDA:563,59,1,4
BRDA:563,60,0,8
BRDA:563,60,1,4
BRDA:563,60,2,4
BRDA:566,61,0,1
BRDA:566,61,1,3
BRDA:566,62,0,4
BRDA:566,62,1,1
BRDA:583,63,0,5
BRDA:583,63,1,5
BRDA:583,63,2,5
BRDA:583,63,3,5
BRDA:584,64,0,5
BRDA:584,64,1,5
BRDA:586,65,0,1
BRDA:586,65,1,4
BRDA:586,66,0,5
BRDA:586,66,1,2
BRDA:591,67,0,0
BRDA:591,67,1,5
BRDA:594,68,0,0
BRDA:594,68,1,0
BRDA:594,69,0,0
BRDA:594,69,1,0
BRDA:598,70,0,1
BRDA:598,70,1,4
BRDA:604,71,0,5
BRDA:604,71,1,0
BRDA:605,72,0,5
BRDA:605,72,1,0
BRDA:606,73,0,5
BRDA:606,73,1,0
BRDA:607,74,0,5
BRDA:607,74,1,5
BRDA:614,75,0,5
BRDA:614,75,1,5
BRDA:615,76,0,5
BRDA:615,76,1,5
BRDA:620,77,0,11
BRDA:620,77,1,10
BRDA:622,78,0,1
BRDA:622,78,1,10
BRDA:627,79,0,0
BRDA:627,79,1,1
BRDA:631,80,0,0
BRDA:631,80,1,0
BRDA:638,81,0,8
BRDA:638,81,1,8
BRDA:642,82,0,11
BRDA:642,82,1,10
BRDA:642,83,0,10
BRDA:642,83,1,0
BRDA:651,84,0,11
BRDA:651,84,1,6
BRDA:652,85,0,11
BRDA:652,85,1,6
BRDA:657,86,0,3
BRDA:657,86,1,8
BRDA:658,87,0,3
BRDA:658,87,1,0
BRDA:659,88,0,3
BRDA:659,88,1,0
BRDA:660,89,0,3
BRDA:660,89,1,0
BRDA:661,90,0,3
BRDA:661,90,1,0
BRDA:662,91,0,3
BRDA:662,91,1,0
BRDA:669,92,0,3
BRDA:669,92,1,0
BRDA:670,93,0,3
BRDA:670,93,1,0
BRDA:671,94,0,3
BRDA:671,94,1,0
BRDA:672,95,0,3
BRDA:672,95,1,0
BRDA:680,96,0,1
BRDA:684,97,0,7
BRDA:684,97,1,4
BRDA:718,98,0,0
BRDA:718,98,1,1
BRDA:720,99,0,1
BRDA:720,99,1,0
BRDA:721,100,0,1
BRDA:721,100,1,0
BRDA:728,101,0,0
BRDA:728,101,1,0
BRDA:730,102,0,0
BRDA:730,102,1,0
BRDA:731,103,0,0
BRDA:731,103,1,0
BRDA:738,104,0,0
BRDA:738,104,1,0
BRDA:739,105,0,0
BRDA:739,105,1,0
BRDA:739,105,2,0
BRDA:744,106,0,0
BRDA:744,106,1,0
BRDA:747,107,0,0
BRDA:747,107,1,0
BRDA:755,108,0,0
BRDA:755,108,1,0
BRDA:757,109,0,0
BRDA:757,109,1,0
BRDA:760,110,0,0
BRDA:760,110,1,0
BRDA:762,111,0,0
BRDA:762,111,1,0
BRDA:782,112,0,0
BRDA:782,112,1,1
BRDA:801,113,0,0
BRDA:801,113,1,1
BRDA:806,114,0,1
BRDA:806,114,1,0
BRDA:818,115,0,2
BRDA:818,115,1,0
BRDA:818,116,0,2
BRDA:818,116,1,2
BRDA:819,117,0,1
BRDA:819,117,1,1
BRDA:825,118,0,0
BRDA:825,118,1,1
BRDA:833,119,0,1
BRDA:833,119,1,0
BRDA:836,120,0,0
BRDA:836,120,1,1
BRDA:836,121,0,1
BRDA:836,121,1,0
BRDA:836,121,2,0
BRDA:836,121,3,0
BRDA:845,122,0,0
BRDA:845,122,1,1
BRF:256
BRH:165
end_of_record
